2024-12-21T20:01:31,758 INFO   --- [main] com.SwapifyBe.ServiceFacade(ServiceFacade.java:202) : Swapify oyuna giriyor...ddd
2024-12-21T20:01:32,151 INFO   --- [main] org.hibernate.jpa.internal.util.LogHelper(LogHelper.java:31) : HHH000204: Processing PersistenceUnitInfo [name: myPersistenceUnit]
2024-12-21T20:01:32,297 INFO   --- [main] org.hibernate.Version(Version.java:44) : HHH000412: Hibernate ORM core version 6.2.7.Final
2024-12-21T20:01:32,306 INFO   --- [main] org.hibernate.cfg.Environment(Environment.java:191) : HHH000406: Using bytecode reflection optimizer
2024-12-21T20:01:32,319 WARN   --- [main] org.hibernate.orm.deprecation(EntityManagerFactoryBuilderImpl.java:690) : HHH90000021: Encountered deprecated setting [javax.persistence.jdbc.user], use [jakarta.persistence.jdbc.user] instead
2024-12-21T20:01:32,322 WARN   --- [main] org.hibernate.orm.deprecation(EntityManagerFactoryBuilderImpl.java:712) : HHH90000021: Encountered deprecated setting [javax.persistence.jdbc.password], use [jakarta.persistence.jdbc.password] instead
2024-12-21T20:01:32,323 WARN   --- [main] org.hibernate.orm.deprecation(EntityManagerFactoryBuilderImpl.java:1027) : HHH90000021: Encountered deprecated setting [javax.persistence.jdbc.url], use [jakarta.persistence.jdbc.url] instead
2024-12-21T20:01:32,324 WARN   --- [main] org.hibernate.orm.deprecation(EntityManagerFactoryBuilderImpl.java:1034) : HHH90000021: Encountered deprecated setting [javax.persistence.jdbc.driver], use [jakarta.persistence.jdbc.driver] instead
2024-12-21T20:01:35,339 INFO   --- [main] org.hibernate.bytecode.internal.BytecodeProviderInitiator(BytecodeProviderInitiator.java:53) : HHH000021: Bytecode provider name : bytebuddy
2024-12-21T20:01:37,244 WARN   --- [main] org.hibernate.orm.connections.pooling(DriverManagerConnectionProviderImpl.java:80) : HHH10001002: Using built-in connection pool (not intended for production use)
2024-12-21T20:01:37,254 INFO   --- [main] org.hibernate.orm.connections.pooling(DriverManagerConnectionProviderImpl.java:139) : HHH10001005: Loaded JDBC driver class: org.postgresql.Driver
2024-12-21T20:01:37,255 INFO   --- [main] org.hibernate.orm.connections.pooling(DriverManagerConnectionProviderImpl.java:161) : HHH10001012: Connecting with JDBC URL [jdbc:postgresql://54.78.118.162:5432/swapiffy]
2024-12-21T20:01:37,255 INFO   --- [main] org.hibernate.orm.connections.pooling(DriverManagerConnectionProviderImpl.java:170) : HHH10001001: Connection properties: {password=****, user=Kemal}
2024-12-21T20:01:37,255 INFO   --- [main] org.hibernate.orm.connections.pooling(DriverManagerConnectionProviderImpl.java:174) : HHH10001003: Autocommit mode: false
2024-12-21T20:01:37,258 INFO   --- [main] org.hibernate.orm.connections.pooling(DriverManagerConnectionProviderImpl.java:366) : HHH10001115: Connection pool size: 20 (min=1)
2024-12-21T20:01:37,816 INFO   --- [main] org.hibernate.engine.transaction.jta.platform.internal.JtaPlatformInitiator(JtaPlatformInitiator.java:51) : HHH000490: Using JtaPlatform implementation: [org.hibernate.engine.transaction.jta.platform.internal.NoJtaPlatform]
2024-12-21T20:01:39,265 INFO   --- [main] org.hibernate.orm.connections.access(DdlTransactionIsolatorNonJtaImpl.java:52) : HHH10001501: Connection obtained from JdbcConnectionAccess [org.hibernate.engine.jdbc.env.internal.JdbcEnvironmentInitiator$ConnectionProviderJdbcConnectionAccess@3415d6e] for (non-JTA) DDL execution was not in auto-commit mode; the Connection 'local transaction' will be committed and the Connection will be set into auto-commit mode.
2024-12-21T20:01:39,622 INFO   --- [main] com.SwapifyBe.dao.category.CategoryDaoImpl(CategoryDaoImpl.java:18) : Initializing CategoryDaoImpl
2024-12-21T20:01:39,775 INFO   --- [main] com.SwapifyBe.dao.configuration.ConfigurationDaoImpl(ConfigurationDaoImpl.java:21) : Initializing ConfigurationDaoImpl
2024-12-21T20:01:39,777 INFO   --- [main] com.SwapifyBe.service.ConfigurationService(ConfigurationService.java:23) : ConfigurationService created
2024-12-21T20:01:39,777 INFO   --- [main] com.SwapifyBe.service.ConfigurationService(ConfigurationService.java:29) : ConfigurationService findAll
2024-12-21T20:01:39,777 INFO   --- [main] com.SwapifyBe.dao.configuration.ConfigurationDaoImpl(ConfigurationDaoImpl.java:26) : Getting all configurations
2024-12-21T20:01:45,621 INFO   --- [main] com.SwapifyBe.dao.auth.AuthDaoImpl(AuthDaoImpl.java:16) : Initializing AuthDaoImpl
2024-12-21T20:01:45,622 INFO   --- [main] com.SwapifyBe.dao.advertisement.AdvertisementDaoImpl(AdvertisementDaoImpl.java:23) : Advertisement dao implementation is initializing
2024-12-21T20:01:45,660 INFO   --- [main] com.SwapifyBe.dao.favorite.FavoritesDaoImpl(FavoritesDaoImpl.java:20) : Favorites dao implementation is initializing
2024-12-21T20:01:45,661 INFO   --- [main] com.SwapifyBe.dao.offer.OfferDaoImpl(OfferDaoImpl.java:20) : Offer dao implementation is initializing
2024-12-21T20:01:45,663 INFO   --- [main] com.SwapifyBe.dao.follower.FollowerDaoImpl(FollowerDaoImpl.java:20) : Followers dao implementation is initializing
2024-12-21T20:01:45,665 INFO   --- [main] com.SwapifyBe.dao.user.UserDaoImpl(UserDaoImpl.java:21) : User dao implementation is initializing
2024-12-21T20:01:45,666 INFO   --- [main] com.SwapifyBe.dao.message.MessageDaoImpl(MessageDaoImpl.java:19) : Message dao implementation is initializing
2024-12-21T20:01:45,668 INFO   --- [main] com.SwapifyBe.dao.user.UserDaoImpl(UserChatDaoImpl.java:20) : UserChatDaoImpl  implementation is initializing
2024-12-21T20:01:45,681 INFO   --- [main] com.SwapifyBe.notification.PushMessage(PushMessage.java:51) : FirebaseApp initializing...
2024-12-21T20:01:46,227 INFO   --- [main] com.SwapifyBe.notification.PushMessage(PushMessage.java:65) : FirebaseApp initialized
2024-12-21T20:01:46,237 INFO   --- [main] com.SwapifyBe.service.NotificationService(NotificationService.java:25) : Initializing NotificationService
2024-12-21T20:01:46,238 INFO   --- [main] com.SwapifyBe.service.SmsService(SmsService.java:33) : SmsService created
2024-12-21T20:01:46,240 INFO   --- [main] com.SwapifyBe.service.CategoryService(CategoryService.java:19) : CategoryService created
2024-12-21T20:01:46,298 INFO   --- [main] com.SwapifyBe.service.UserPermissionsService(UserPermissionsService.java:23) : UserPermissionsService created
2024-12-21T20:01:46,306 INFO   --- [main] com.SwapifyBe.service.UserService(UserService.java:41) : Initializing UserService
2024-12-21T20:01:46,311 INFO   --- [main] com.SwapifyBe.service.AdvertisementService(AdvertisementService.java:58) : Initializing AdvertisementService
2024-12-21T20:01:46,320 INFO   --- [main] com.SwapifyBe.service.AuthService(AuthService.java:49) : Initializing AuthService
2024-12-21T20:01:46,324 INFO   --- [main] com.SwapifyBe.service.FavoriteService(FavoriteService.java:37) : Initializing FavoriteService
2024-12-21T20:01:46,325 INFO   --- [main] com.SwapifyBe.service.OfferService(OfferService.java:56) : Initializing OfferService
2024-12-21T20:01:46,329 INFO   --- [main] com.SwapifyBe.service.MessageResendService(MessageResendService.java:25) : MessageResendService created
2024-12-21T20:01:46,329 INFO   --- [main] com.SwapifyBe.service.AppLogService(AppLogService.java:49) : AppLogService created
2024-12-21T20:01:46,334 INFO   --- [main] com.SwapifyBe.service.VideoService(VideoService.java:19) : Video Service created
2024-12-21T20:01:46,335 INFO   --- [main] com.SwapifyBe.service.TokenService(TokenService.java:28) : Token Service created
2024-12-21T20:01:46,339 INFO   --- [main] com.SwapifyBe.service.MessageService(MessageService.java:48) : MessageService created
2024-12-21T20:01:46,340 INFO   --- [main] com.SwapifyBe.service.FollowerService(FollowerService.java:47) : FollowerService created
2024-12-21T20:01:46,342 INFO   --- [main] com.SwapifyBe.service.OfferService(SearchService.java:28) : Initializing SearchService
2024-12-21T20:01:46,345 INFO   --- [main] com.SwapifyBe.service.SubscriptionService(SubscriptionService.java:42) : SubscriptionService created
2024-12-21T20:01:46,355 INFO   --- [main] com.SwapifyBe.ServiceFacade(ServiceFacade.java:345) : Server IP Address: 192.168.112.3
2024-12-21T20:01:46,360 INFO   --- [main] com.SwapifyBe.service.ConfigurationService(ConfigurationService.java:47) : ConfigurationService updateConfiguration
2024-12-21T20:01:46,390 INFO   --- [main] com.SwapifyBe.SwapifyBeApplication(SwapifyBeApplication.java:38) : Services started successfully
2024-12-21T20:01:47,426 INFO   --- [main] com.SwapifyBe.SwapifyBeApplication(StartupInfoLogger.java:50) : Starting SwapifyBeApplication v0.0.1-SNAPSHOT using Java 17.0.2 with PID 1 (/app/app.jar started by root in /app)
2024-12-21T20:01:47,436 INFO   --- [main] com.SwapifyBe.SwapifyBeApplication(SpringApplication.java:654) : No active profile set, falling back to 1 default profile: "default"
2024-12-21T20:01:52,615 INFO   --- [main] org.apache.coyote.http11.Http11NioProtocol(DirectJDKLog.java:173) : Initializing ProtocolHandler ["http-nio-8080"]
2024-12-21T20:01:52,617 INFO   --- [main] org.apache.catalina.core.StandardService(DirectJDKLog.java:173) : Starting service [Tomcat]
2024-12-21T20:01:52,617 INFO   --- [main] org.apache.catalina.core.StandardEngine(DirectJDKLog.java:173) : Starting Servlet engine: [Apache Tomcat/10.1.20]
2024-12-21T20:01:52,754 INFO   --- [main] org.apache.catalina.core.ContainerBase.[Tomcat].[localhost].[/](DirectJDKLog.java:173) : Initializing Spring embedded WebApplicationContext
2024-12-21T20:01:54,195 INFO   --- [main] com.zaxxer.hikari.HikariDataSource(HikariDataSource.java:110) : HikariCP - Starting...
2024-12-21T20:01:54,270 INFO   --- [main] com.zaxxer.hikari.pool.HikariPool(HikariPool.java:565) : HikariCP - Added connection org.postgresql.jdbc.PgConnection@31e7f54
2024-12-21T20:01:54,273 INFO   --- [main] com.zaxxer.hikari.HikariDataSource(HikariDataSource.java:123) : HikariCP - Start completed.
2024-12-21T20:01:54,589 INFO   --- [main] com.SwapifyBe.controller.FollowerController(FollowerController.java:20) : FollowerController created
2024-12-21T20:01:54,589 INFO   --- [main] com.SwapifyBe.service.FollowerService(FollowerService.java:47) : FollowerService created
2024-12-21T20:01:54,592 INFO   --- [main] com.SwapifyBe.controller.CategoryController(CategoryController.java:26) : CategoryController created
2024-12-21T20:01:54,596 INFO   --- [main] com.SwapifyBe.controller.PaymentController(PaymentController.java:22) : Payment Controller created
2024-12-21T20:01:54,601 INFO   --- [main] com.SwapifyBe.controller.SearchController(SearchController.java:23) : SearchController created
2024-12-21T20:01:54,606 INFO   --- [main] com.SwapifyBe.controller.VideoController(VideoController.java:22) : Video Controller created
2024-12-21T20:01:54,609 INFO   --- [main] com.SwapifyBe.controller.AppLogController(AppLogController.java:28) : AppLogController created
2024-12-21T20:01:54,643 INFO   --- [main] com.SwapifyBe.controller.UserController(UserController.java:29) : UserController created
2024-12-21T20:01:54,648 INFO   --- [main] com.SwapifyBe.controller.ConfigurationController(ConfigurationController.java:22) : ConfigurationController created
2024-12-21T20:01:54,651 INFO   --- [main] com.SwapifyBe.controller.OfferController(OfferController.java:25) : OfferController initialized
2024-12-21T20:01:54,670 INFO   --- [main] com.SwapifyBe.controller.FavoriteController(FavoriteController.java:30) : FavoriteController created
2024-12-21T20:01:54,671 INFO   --- [main] com.SwapifyBe.controller.TokenController(TokenController.java:24) : Token Controller created
2024-12-21T20:01:54,677 INFO   --- [main] com.SwapifyBe.controller.MessageController(MessageController.java:28) : Message Controller created
2024-12-21T20:01:54,692 INFO   --- [main] com.SwapifyBe.controller.NotificationController(NotificationController.java:22) : NotificationController created
2024-12-21T20:01:54,693 INFO   --- [main] com.SwapifyBe.controller.SubscriptionController(SubscriptionController.java:41) : SubscriptionController created
2024-12-21T20:01:58,794 INFO   --- [main] org.apache.coyote.http11.Http11NioProtocol(DirectJDKLog.java:173) : Starting ProtocolHandler ["http-nio-8080"]
2024-12-21T20:01:58,907 INFO   --- [main] com.SwapifyBe.SwapifyBeApplication(StartupInfoLogger.java:56) : Started SwapifyBeApplication in 12.293 seconds (process running for 29.628)
2024-12-21T20:01:58,915 INFO   --- [main] com.SwapifyBe.SwapifyBeApplication(SwapifyBeApplication.java:61) : Application started event
2024-12-21T20:01:58,925 INFO   --- [main] com.SwapifyBe.SwapifyBeApplication(SwapifyBeApplication.java:51) : Application ready event
2024-12-21T20:02:03,319 INFO   --- [http-nio-8080-exec-1] org.apache.catalina.core.ContainerBase.[Tomcat].[localhost].[/](DirectJDKLog.java:173) : Initializing Spring DispatcherServlet 'dispatcherServlet'
2024-12-21T20:02:03,486 INFO   --- [http-nio-8080-exec-1] com.SwapifyBe.filter.JwtAuthenticationFilter(JwtAuthenticationFilter.java:48) : IP : 95.70.243.197 && URI :/ws/info Request duration: 51ms
2024-12-21T20:02:03,716 INFO   --- [http-nio-8080-exec-2] com.SwapifyBe.filter.JwtAuthenticationFilter(JwtAuthenticationFilter.java:48) : IP : 95.70.243.197 && URI :/ws/995/20hzyj0u/websocket Request duration: 53ms
2024-12-21T20:02:03,982 INFO   --- [clientInboundChannel-1] com.SwapifyBe.cache.Hazelcast(Hazelcast.java:79) : Saving user ID as active in Hazelcast: 8b685934-349f-4dad-ac3d-982c1ffeedd5
2024-12-21T20:02:04,055 INFO   --- [clientInboundChannel-1] com.hazelcast.internal.partition.impl.PartitionStateManager(StandardLoggerFactory.java:56) : [192.168.112.3]:5701 [dev] [5.3.7] Initializing cluster partition table arrangement...
2024-12-21T20:02:04,239 INFO   --- [clientInboundChannel-1] com.SwapifyBe.websocket.WebSocketController(WebSocketController.java:186) : Active user saved to hazelcast: 8b685934-349f-4dad-ac3d-982c1ffeedd5
2024-12-21T20:03:26,707 INFO   --- [clientInboundChannel-3] com.SwapifyBe.cache.Hazelcast(Hazelcast.java:93) : Marking user ID as passive in Hazelcast: 8b685934-349f-4dad-ac3d-982c1ffeedd5
2024-12-21T20:03:26,717 INFO   --- [clientInboundChannel-3] com.SwapifyBe.websocket.WebSocketController(WebSocketController.java:220) : WebSocket closed for user: 8b685934-349f-4dad-ac3d-982c1ffeedd5
2024-12-21T20:03:27,279 INFO   --- [http-nio-8080-exec-9] com.SwapifyBe.filter.JwtAuthenticationFilter(JwtAuthenticationFilter.java:48) : IP : 95.70.243.197 && URI :/ws/info Request duration: 3ms
2024-12-21T20:03:27,448 INFO   --- [http-nio-8080-exec-10] com.SwapifyBe.filter.JwtAuthenticationFilter(JwtAuthenticationFilter.java:48) : IP : 95.70.243.197 && URI :/ws/725/ufochl0b/websocket Request duration: 5ms
2024-12-21T20:03:27,606 INFO   --- [clientInboundChannel-4] com.SwapifyBe.cache.Hazelcast(Hazelcast.java:79) : Saving user ID as active in Hazelcast: 8b685934-349f-4dad-ac3d-982c1ffeedd5
2024-12-21T20:03:27,607 INFO   --- [clientInboundChannel-4] com.SwapifyBe.websocket.WebSocketController(WebSocketController.java:186) : Active user saved to hazelcast: 8b685934-349f-4dad-ac3d-982c1ffeedd5
2024-12-21T20:03:28,219 INFO   --- [clientInboundChannel-3] com.SwapifyBe.cache.Hazelcast(Hazelcast.java:93) : Marking user ID as passive in Hazelcast: 8b685934-349f-4dad-ac3d-982c1ffeedd5
2024-12-21T20:03:28,221 INFO   --- [clientInboundChannel-3] com.SwapifyBe.websocket.WebSocketController(WebSocketController.java:220) : WebSocket closed for user: 8b685934-349f-4dad-ac3d-982c1ffeedd5
2024-12-21T20:03:30,853 INFO   --- [http-nio-8080-exec-6] com.SwapifyBe.filter.JwtAuthenticationFilter(JwtAuthenticationFilter.java:48) : IP : 95.70.243.197 && URI :/ws/info Request duration: 2ms
2024-12-21T20:03:31,018 INFO   --- [http-nio-8080-exec-7] com.SwapifyBe.filter.JwtAuthenticationFilter(JwtAuthenticationFilter.java:48) : IP : 95.70.243.197 && URI :/ws/805/41dgyhjt/websocket Request duration: 2ms
2024-12-21T20:03:31,179 INFO   --- [clientInboundChannel-4] com.SwapifyBe.cache.Hazelcast(Hazelcast.java:79) : Saving user ID as active in Hazelcast: 8b685934-349f-4dad-ac3d-982c1ffeedd5
2024-12-21T20:03:31,180 INFO   --- [clientInboundChannel-4] com.SwapifyBe.websocket.WebSocketController(WebSocketController.java:186) : Active user saved to hazelcast: 8b685934-349f-4dad-ac3d-982c1ffeedd5
2024-12-21T20:07:09,172 INFO   --- [http-nio-8080-exec-3] com.SwapifyBe.filter.JwtAuthenticationFilter(JwtAuthenticationFilter.java:48) : IP : 95.214.55.32 && URI :/ Request duration: 53ms
2024-12-21T20:08:34,812 INFO   --- [http-nio-8080-exec-5] com.SwapifyBe.controller.ConfigurationController(ConfigurationController.java:28) : Getting all configurations
2024-12-21T20:08:34,812 INFO   --- [http-nio-8080-exec-6] com.SwapifyBe.controller.ConfigurationController(ConfigurationController.java:39) : getErrorConfig all configurations
2024-12-21T20:08:34,813 INFO   --- [http-nio-8080-exec-6] com.SwapifyBe.service.ConfigurationService(ConfigurationService.java:56) : ConfigurationService getErrorConfig
2024-12-21T20:08:34,815 INFO   --- [http-nio-8080-exec-5] com.SwapifyBe.service.ConfigurationService(ConfigurationService.java:29) : ConfigurationService findAll
2024-12-21T20:08:34,815 INFO   --- [http-nio-8080-exec-5] com.SwapifyBe.dao.configuration.ConfigurationDaoImpl(ConfigurationDaoImpl.java:26) : Getting all configurations
2024-12-21T20:08:34,818 INFO   --- [http-nio-8080-exec-7] com.SwapifyBe.controller.CategoryController(CategoryController.java:32) : All categories retrieved
2024-12-21T20:08:34,818 INFO   --- [http-nio-8080-exec-7] com.SwapifyBe.service.CategoryService(CategoryService.java:24) : Getting all categories
2024-12-21T20:08:34,886 INFO   --- [http-nio-8080-exec-5] com.SwapifyBe.filter.JwtAuthenticationFilter(JwtAuthenticationFilter.java:48) : IP : 139.178.128.200 && URI :/api/configuration/getConfig Request duration: 99ms
2024-12-21T20:08:34,894 INFO   --- [http-nio-8080-exec-6] com.SwapifyBe.filter.JwtAuthenticationFilter(JwtAuthenticationFilter.java:48) : IP : 139.178.128.200 && URI :/api/configuration/getErrorConfig Request duration: 119ms
2024-12-21T20:08:34,955 INFO   --- [http-nio-8080-exec-7] com.SwapifyBe.filter.JwtAuthenticationFilter(JwtAuthenticationFilter.java:48) : IP : 139.178.128.200 && URI :/api/category/getAllCategories Request duration: 172ms
2024-12-21T20:08:35,102 INFO   --- [http-nio-8080-exec-8] com.SwapifyBe.service.AdvertisementService(AdvertisementService.java:220) : All advertisements retrieving...
2024-12-21T20:08:35,194 INFO   --- [http-nio-8080-exec-8] com.SwapifyBe.service.AdvertisementService(AdvertisementService.java:235) : All advertisements retrieved
2024-12-21T20:08:35,230 INFO   --- [http-nio-8080-exec-8] com.SwapifyBe.filter.JwtAuthenticationFilter(JwtAuthenticationFilter.java:48) : IP : 139.178.128.200 && URI :/api/advertisement/getAll Request duration: 131ms
2024-12-21T20:08:35,599 INFO   --- [http-nio-8080-exec-9] com.SwapifyBe.service.AppLogService(AppLogService.java:55) : AppLog adding: AppLog{id=null, userId='null', action='{"type":"GET_ALL_ADVERTS","payload":[{"id":"831fd1b4-fed1-4a9c-bd62-7d59505d4cfd","title":"Bb","description":"Aa","category":"Kitaplar ve Medya","location":"40.78598391316084,30.367559166324828","locationString":"Arabacıalanı, Mehmet Akif Ersoy Cd. 61/A, 54100 Serdivan/Sakarya, Türkiye","imageUrl":["https://raw.githubusercontent.com/kemallaydn/images/main/42d7a105-c378-4ae9-b27d-b222a7affa50.jpg","https://raw.githubusercontent.com/kemallaydn/images/main/b336472f-b463-45ca-92be-b6b78f997a42.jpg"],"status":"İyi Durumda","user":{"id":"8b685934-349f-4dad-ac3d-982c1ffeedd4","name":"Kemal","surname":"aydın","password":"$2a$10$LNuzrlg8uzUDhn2Q9vBpcuW7hhSizAxBc6pYfsGW95VEr8HrO.pg2","phone":"123","email":"kemal.aydin3429@gmail.com","profileImage":"https://raw.githubusercontent.com/kemallaydn/images/main/pp.jpg","status":"active","subscription":"Swapify Premium (Yıllık)"},"date":"2024-12-09T16:35:37.306+00:00","advertPreference":"Takas","approvalStatus":"APPROVED","deleted":false}]}', timestamp=2024-12-21T20:08:35.597416643Z, additionalInfo='null'}
2024-12-21T20:08:35,704 INFO   --- [http-nio-8080-exec-9] com.SwapifyBe.service.AppLogService(AppLogService.java:58) : AppLog added successfully: AppLog{id=4eac14e1-50c7-46c5-8bd4-8f2e665e0b8a, userId='null', action='{"type":"GET_ALL_ADVERTS","payload":[{"id":"831fd1b4-fed1-4a9c-bd62-7d59505d4cfd","title":"Bb","description":"Aa","category":"Kitaplar ve Medya","location":"40.78598391316084,30.367559166324828","locationString":"Arabacıalanı, Mehmet Akif Ersoy Cd. 61/A, 54100 Serdivan/Sakarya, Türkiye","imageUrl":["https://raw.githubusercontent.com/kemallaydn/images/main/42d7a105-c378-4ae9-b27d-b222a7affa50.jpg","https://raw.githubusercontent.com/kemallaydn/images/main/b336472f-b463-45ca-92be-b6b78f997a42.jpg"],"status":"İyi Durumda","user":{"id":"8b685934-349f-4dad-ac3d-982c1ffeedd4","name":"Kemal","surname":"aydın","password":"$2a$10$LNuzrlg8uzUDhn2Q9vBpcuW7hhSizAxBc6pYfsGW95VEr8HrO.pg2","phone":"123","email":"kemal.aydin3429@gmail.com","profileImage":"https://raw.githubusercontent.com/kemallaydn/images/main/pp.jpg","status":"active","subscription":"Swapify Premium (Yıllık)"},"date":"2024-12-09T16:35:37.306+00:00","advertPreference":"Takas","approvalStatus":"APPROVED","deleted":false}]}', timestamp=2024-12-21T20:08:35.597416643Z, additionalInfo='null'}
2024-12-21T20:08:35,716 INFO   --- [http-nio-8080-exec-9] com.SwapifyBe.filter.JwtAuthenticationFilter(JwtAuthenticationFilter.java:48) : IP : 139.178.128.200 && URI :/api/log/addLog Request duration: 287ms
2024-12-21T20:08:54,197 INFO   --- [http-nio-8080-exec-10] com.SwapifyBe.service.AppLogService(AppLogService.java:55) : AppLog adding: AppLog{id=null, userId='null', action='{"type":"SET_AUTH_FORM","payload":{"key":"informationText","value":true}}', timestamp=2024-12-21T20:08:54.197320960Z, additionalInfo='null'}
2024-12-21T20:08:54,206 INFO   --- [http-nio-8080-exec-10] com.SwapifyBe.service.AppLogService(AppLogService.java:58) : AppLog added successfully: AppLog{id=18b9c15c-a5e8-4639-a75a-edf97a9c6586, userId='null', action='{"type":"SET_AUTH_FORM","payload":{"key":"informationText","value":true}}', timestamp=2024-12-21T20:08:54.197320960Z, additionalInfo='null'}
2024-12-21T20:08:54,208 INFO   --- [http-nio-8080-exec-10] com.SwapifyBe.filter.JwtAuthenticationFilter(JwtAuthenticationFilter.java:48) : IP : 139.178.128.200 && URI :/api/log/addLog Request duration: 12ms
2024-12-21T20:08:59,408 INFO   --- [http-nio-8080-exec-1] com.SwapifyBe.service.AppLogService(AppLogService.java:55) : AppLog adding: AppLog{id=null, userId='null', action='{"type":"SET_AUTH_FORM","payload":{"key":"informationText","value":false}}', timestamp=2024-12-21T20:08:59.407904737Z, additionalInfo='null'}
2024-12-21T20:08:59,416 INFO   --- [http-nio-8080-exec-1] com.SwapifyBe.service.AppLogService(AppLogService.java:58) : AppLog added successfully: AppLog{id=5421618e-b65e-47de-8605-aba93bfe85a0, userId='null', action='{"type":"SET_AUTH_FORM","payload":{"key":"informationText","value":false}}', timestamp=2024-12-21T20:08:59.407904737Z, additionalInfo='null'}
2024-12-21T20:08:59,420 INFO   --- [http-nio-8080-exec-1] com.SwapifyBe.filter.JwtAuthenticationFilter(JwtAuthenticationFilter.java:48) : IP : 139.178.128.200 && URI :/api/log/addLog Request duration: 14ms
2024-12-21T20:09:00,671 INFO   --- [http-nio-8080-exec-2] com.SwapifyBe.service.AppLogService(AppLogService.java:55) : AppLog adding: AppLog{id=null, userId='null', action='{"type":"SET_AUTH_FORM","payload":{"key":"privacyPolicy","value":true}}', timestamp=2024-12-21T20:09:00.671755113Z, additionalInfo='null'}
2024-12-21T20:09:00,678 INFO   --- [http-nio-8080-exec-2] com.SwapifyBe.service.AppLogService(AppLogService.java:58) : AppLog added successfully: AppLog{id=f8d75e5c-7b53-444d-b25c-8c456a76b23e, userId='null', action='{"type":"SET_AUTH_FORM","payload":{"key":"privacyPolicy","value":true}}', timestamp=2024-12-21T20:09:00.671755113Z, additionalInfo='null'}
2024-12-21T20:09:00,680 INFO   --- [http-nio-8080-exec-2] com.SwapifyBe.filter.JwtAuthenticationFilter(JwtAuthenticationFilter.java:48) : IP : 139.178.128.200 && URI :/api/log/addLog Request duration: 10ms
2024-12-21T20:09:09,741 INFO   --- [http-nio-8080-exec-5] com.SwapifyBe.service.AppLogService(AppLogService.java:55) : AppLog adding: AppLog{id=null, userId='null', action='{"type":"SET_AUTH_FORM","payload":{"key":"privacyPolicy","value":false}}', timestamp=2024-12-21T20:09:09.741249866Z, additionalInfo='null'}
2024-12-21T20:09:09,751 INFO   --- [http-nio-8080-exec-5] com.SwapifyBe.service.AppLogService(AppLogService.java:58) : AppLog added successfully: AppLog{id=5593cb2b-8f83-49de-96b4-41da24ce8ec5, userId='null', action='{"type":"SET_AUTH_FORM","payload":{"key":"privacyPolicy","value":false}}', timestamp=2024-12-21T20:09:09.741249866Z, additionalInfo='null'}
2024-12-21T20:09:09,755 INFO   --- [http-nio-8080-exec-5] com.SwapifyBe.filter.JwtAuthenticationFilter(JwtAuthenticationFilter.java:48) : IP : 139.178.128.200 && URI :/api/log/addLog Request duration: 16ms
2024-12-21T20:09:12,329 INFO   --- [http-nio-8080-exec-6] com.SwapifyBe.service.AppLogService(AppLogService.java:55) : AppLog adding: AppLog{id=null, userId='null', action='{"type":"SET_AUTH_FORM","payload":{"key":"name","value":"I"}}', timestamp=2024-12-21T20:09:12.329008804Z, additionalInfo='null'}
2024-12-21T20:09:12,341 INFO   --- [http-nio-8080-exec-6] com.SwapifyBe.service.AppLogService(AppLogService.java:58) : AppLog added successfully: AppLog{id=f015b29c-0be0-4158-9eca-c64f87019ffa, userId='null', action='{"type":"SET_AUTH_FORM","payload":{"key":"name","value":"I"}}', timestamp=2024-12-21T20:09:12.329008804Z, additionalInfo='null'}
2024-12-21T20:09:12,344 INFO   --- [http-nio-8080-exec-6] com.SwapifyBe.filter.JwtAuthenticationFilter(JwtAuthenticationFilter.java:48) : IP : 139.178.128.200 && URI :/api/log/addLog Request duration: 17ms
2024-12-21T20:09:12,524 INFO   --- [http-nio-8080-exec-7] com.SwapifyBe.service.AppLogService(AppLogService.java:55) : AppLog adding: AppLog{id=null, userId='null', action='{"type":"SET_AUTH_FORM","payload":{"key":"name","value":"I "}}', timestamp=2024-12-21T20:09:12.524586211Z, additionalInfo='null'}
2024-12-21T20:09:12,536 INFO   --- [http-nio-8080-exec-7] com.SwapifyBe.service.AppLogService(AppLogService.java:58) : AppLog added successfully: AppLog{id=b54d52c4-61a2-471d-8962-248b561a7143, userId='null', action='{"type":"SET_AUTH_FORM","payload":{"key":"name","value":"I "}}', timestamp=2024-12-21T20:09:12.524586211Z, additionalInfo='null'}
2024-12-21T20:09:12,543 INFO   --- [http-nio-8080-exec-7] com.SwapifyBe.filter.JwtAuthenticationFilter(JwtAuthenticationFilter.java:48) : IP : 139.178.128.200 && URI :/api/log/addLog Request duration: 23ms
2024-12-21T20:09:16,297 INFO   --- [http-nio-8080-exec-8] com.SwapifyBe.service.AppLogService(AppLogService.java:55) : AppLog adding: AppLog{id=null, userId='null', action='{"type":"SET_AUTH_FORM","payload":{"key":"name","value":null}}', timestamp=2024-12-21T20:09:16.297078717Z, additionalInfo='null'}
2024-12-21T20:09:16,302 INFO   --- [http-nio-8080-exec-8] com.SwapifyBe.service.AppLogService(AppLogService.java:58) : AppLog added successfully: AppLog{id=9b284131-3317-44b5-895c-a975feb457b0, userId='null', action='{"type":"SET_AUTH_FORM","payload":{"key":"name","value":null}}', timestamp=2024-12-21T20:09:16.297078717Z, additionalInfo='null'}
2024-12-21T20:09:16,304 INFO   --- [http-nio-8080-exec-8] com.SwapifyBe.filter.JwtAuthenticationFilter(JwtAuthenticationFilter.java:48) : IP : 139.178.128.200 && URI :/api/log/addLog Request duration: 13ms
2024-12-21T20:10:01,178 INFO   --- [http-nio-8080-exec-1] com.SwapifyBe.service.AppLogService(AppLogService.java:55) : AppLog adding: AppLog{id=null, userId='null', action='{"type":"SET_AUTH_FORM","payload":{"key":"password","value":"w"}}', timestamp=2024-12-21T20:10:01.178683909Z, additionalInfo='null'}
2024-12-21T20:10:01,192 INFO   --- [http-nio-8080-exec-1] com.SwapifyBe.service.AppLogService(AppLogService.java:58) : AppLog added successfully: AppLog{id=1e555312-371c-41a4-b264-5486b129a7a0, userId='null', action='{"type":"SET_AUTH_FORM","payload":{"key":"password","value":"w"}}', timestamp=2024-12-21T20:10:01.178683909Z, additionalInfo='null'}
2024-12-21T20:10:01,193 INFO   --- [http-nio-8080-exec-1] com.SwapifyBe.filter.JwtAuthenticationFilter(JwtAuthenticationFilter.java:48) : IP : 139.178.128.200 && URI :/api/log/addLog Request duration: 16ms
2024-12-21T20:10:13,807 INFO   --- [http-nio-8080-exec-2] com.SwapifyBe.service.AppLogService(AppLogService.java:55) : AppLog adding: AppLog{id=null, userId='null', action='{"type":"SET_AUTH_FORM","payload":{"key":"password","value":null}}', timestamp=2024-12-21T20:10:13.806943164Z, additionalInfo='null'}
2024-12-21T20:10:13,818 INFO   --- [http-nio-8080-exec-2] com.SwapifyBe.service.AppLogService(AppLogService.java:58) : AppLog added successfully: AppLog{id=bb86f0ef-2c7c-4df6-b144-e38cb38a9093, userId='null', action='{"type":"SET_AUTH_FORM","payload":{"key":"password","value":null}}', timestamp=2024-12-21T20:10:13.806943164Z, additionalInfo='null'}
2024-12-21T20:10:13,820 INFO   --- [http-nio-8080-exec-2] com.SwapifyBe.filter.JwtAuthenticationFilter(JwtAuthenticationFilter.java:48) : IP : 139.178.128.200 && URI :/api/log/addLog Request duration: 14ms
2024-12-21T20:10:18,013 INFO   --- [http-nio-8080-exec-3] com.SwapifyBe.service.AppLogService(AppLogService.java:55) : AppLog adding: AppLog{id=null, userId='null', action='{"type":"SET_AUTH_FORM","payload":{"key":"informationText","value":true}}', timestamp=2024-12-21T20:10:18.012873015Z, additionalInfo='null'}
2024-12-21T20:10:18,017 INFO   --- [http-nio-8080-exec-3] com.SwapifyBe.service.AppLogService(AppLogService.java:58) : AppLog added successfully: AppLog{id=88e68a53-bf9e-49c4-aec9-1a63a8573c53, userId='null', action='{"type":"SET_AUTH_FORM","payload":{"key":"informationText","value":true}}', timestamp=2024-12-21T20:10:18.012873015Z, additionalInfo='null'}
2024-12-21T20:10:18,019 INFO   --- [http-nio-8080-exec-3] com.SwapifyBe.filter.JwtAuthenticationFilter(JwtAuthenticationFilter.java:48) : IP : 139.178.128.200 && URI :/api/log/addLog Request duration: 8ms
2024-12-21T20:10:37,110 INFO   --- [http-nio-8080-exec-4] com.SwapifyBe.service.AuthService(AuthService.java:102) : Logging in user null 
2024-12-21T20:10:37,118 ERROR  --- [http-nio-8080-exec-4] com.SwapifyBe.service.AuthService(AuthService.java:108) : Kullanıcı bulunamadı
2024-12-21T20:10:37,142 INFO   --- [http-nio-8080-exec-4] com.SwapifyBe.filter.JwtAuthenticationFilter(JwtAuthenticationFilter.java:48) : IP : 139.178.128.200 && URI :/api/auth/login Request duration: 40ms
2024-12-21T20:10:59,230 INFO   --- [http-nio-8080-exec-5] com.SwapifyBe.service.AppLogService(AppLogService.java:55) : AppLog adding: AppLog{id=null, userId='null', action='{"type":"SET_AUTH_FORM","payload":{"key":"privacyPolicy","value":true}}', timestamp=2024-12-21T20:10:59.230479454Z, additionalInfo='null'}
2024-12-21T20:10:59,243 INFO   --- [http-nio-8080-exec-5] com.SwapifyBe.service.AppLogService(AppLogService.java:58) : AppLog added successfully: AppLog{id=2424b2dc-096f-4b68-affd-010d992807b7, userId='null', action='{"type":"SET_AUTH_FORM","payload":{"key":"privacyPolicy","value":true}}', timestamp=2024-12-21T20:10:59.230479454Z, additionalInfo='null'}
2024-12-21T20:10:59,245 INFO   --- [http-nio-8080-exec-5] com.SwapifyBe.filter.JwtAuthenticationFilter(JwtAuthenticationFilter.java:48) : IP : 139.178.128.200 && URI :/api/log/addLog Request duration: 16ms
2024-12-21T20:11:14,100 INFO   --- [http-nio-8080-exec-6] com.SwapifyBe.service.AppLogService(AppLogService.java:55) : AppLog adding: AppLog{id=null, userId='null', action='{"type":"SET_AUTH_FORM","payload":{"key":"password","value":"w"}}', timestamp=2024-12-21T20:11:14.099894501Z, additionalInfo='null'}
2024-12-21T20:11:14,109 INFO   --- [http-nio-8080-exec-6] com.SwapifyBe.service.AppLogService(AppLogService.java:58) : AppLog added successfully: AppLog{id=eae26929-a2ce-4688-89ed-052e007c500a, userId='null', action='{"type":"SET_AUTH_FORM","payload":{"key":"password","value":"w"}}', timestamp=2024-12-21T20:11:14.099894501Z, additionalInfo='null'}
2024-12-21T20:11:14,114 INFO   --- [http-nio-8080-exec-6] com.SwapifyBe.filter.JwtAuthenticationFilter(JwtAuthenticationFilter.java:48) : IP : 139.178.128.200 && URI :/api/log/addLog Request duration: 16ms
2024-12-21T20:11:33,826 INFO   --- [http-nio-8080-exec-7] com.SwapifyBe.service.AppLogService(AppLogService.java:55) : AppLog adding: AppLog{id=null, userId='null', action='{"type":"SET_AUTH_FORM","payload":{"key":"informationText","value":false}}', timestamp=2024-12-21T20:11:33.826777065Z, additionalInfo='null'}
2024-12-21T20:11:33,836 INFO   --- [http-nio-8080-exec-7] com.SwapifyBe.service.AppLogService(AppLogService.java:58) : AppLog added successfully: AppLog{id=0f058cf0-7490-42ae-81f0-daae87e105d0, userId='null', action='{"type":"SET_AUTH_FORM","payload":{"key":"informationText","value":false}}', timestamp=2024-12-21T20:11:33.826777065Z, additionalInfo='null'}
2024-12-21T20:11:33,837 INFO   --- [http-nio-8080-exec-7] com.SwapifyBe.filter.JwtAuthenticationFilter(JwtAuthenticationFilter.java:48) : IP : 139.178.128.200 && URI :/api/log/addLog Request duration: 19ms
2024-12-21T20:14:39,646 INFO   --- [http-nio-8080-exec-1] com.SwapifyBe.controller.CategoryController(CategoryController.java:32) : All categories retrieved
2024-12-21T20:14:39,649 INFO   --- [http-nio-8080-exec-9] com.SwapifyBe.controller.ConfigurationController(ConfigurationController.java:28) : Getting all configurations
2024-12-21T20:14:39,649 INFO   --- [http-nio-8080-exec-1] com.SwapifyBe.service.CategoryService(CategoryService.java:24) : Getting all categories
2024-12-21T20:14:39,649 INFO   --- [http-nio-8080-exec-10] com.SwapifyBe.controller.ConfigurationController(ConfigurationController.java:39) : getErrorConfig all configurations
2024-12-21T20:14:39,651 INFO   --- [http-nio-8080-exec-10] com.SwapifyBe.service.ConfigurationService(ConfigurationService.java:56) : ConfigurationService getErrorConfig
2024-12-21T20:14:39,653 INFO   --- [http-nio-8080-exec-9] com.SwapifyBe.service.ConfigurationService(ConfigurationService.java:29) : ConfigurationService findAll
2024-12-21T20:14:39,653 INFO   --- [http-nio-8080-exec-9] com.SwapifyBe.dao.configuration.ConfigurationDaoImpl(ConfigurationDaoImpl.java:26) : Getting all configurations
2024-12-21T20:14:39,656 INFO   --- [http-nio-8080-exec-10] com.SwapifyBe.filter.JwtAuthenticationFilter(JwtAuthenticationFilter.java:48) : IP : 139.178.128.200 && URI :/api/configuration/getErrorConfig Request duration: 13ms
2024-12-21T20:14:39,658 INFO   --- [http-nio-8080-exec-9] com.SwapifyBe.filter.JwtAuthenticationFilter(JwtAuthenticationFilter.java:48) : IP : 139.178.128.200 && URI :/api/configuration/getConfig Request duration: 17ms
2024-12-21T20:14:39,667 INFO   --- [http-nio-8080-exec-1] com.SwapifyBe.filter.JwtAuthenticationFilter(JwtAuthenticationFilter.java:48) : IP : 139.178.128.200 && URI :/api/category/getAllCategories Request duration: 22ms
2024-12-21T20:14:39,815 INFO   --- [http-nio-8080-exec-2] com.SwapifyBe.service.AdvertisementService(AdvertisementService.java:220) : All advertisements retrieving...
2024-12-21T20:14:39,827 INFO   --- [http-nio-8080-exec-2] com.SwapifyBe.service.AdvertisementService(AdvertisementService.java:235) : All advertisements retrieved
2024-12-21T20:14:39,828 INFO   --- [http-nio-8080-exec-2] com.SwapifyBe.filter.JwtAuthenticationFilter(JwtAuthenticationFilter.java:48) : IP : 139.178.128.200 && URI :/api/advertisement/getAll Request duration: 14ms
2024-12-21T20:14:40,018 INFO   --- [http-nio-8080-exec-3] com.SwapifyBe.service.AppLogService(AppLogService.java:55) : AppLog adding: AppLog{id=null, userId='null', action='{"type":"GET_ALL_ADVERTS","payload":[{"id":"831fd1b4-fed1-4a9c-bd62-7d59505d4cfd","title":"Bb","description":"Aa","category":"Kitaplar ve Medya","location":"40.78598391316084,30.367559166324828","locationString":"Arabacıalanı, Mehmet Akif Ersoy Cd. 61/A, 54100 Serdivan/Sakarya, Türkiye","imageUrl":["https://raw.githubusercontent.com/kemallaydn/images/main/42d7a105-c378-4ae9-b27d-b222a7affa50.jpg","https://raw.githubusercontent.com/kemallaydn/images/main/b336472f-b463-45ca-92be-b6b78f997a42.jpg"],"status":"İyi Durumda","user":{"id":"8b685934-349f-4dad-ac3d-982c1ffeedd4","name":"Kemal","surname":"aydın","password":"$2a$10$LNuzrlg8uzUDhn2Q9vBpcuW7hhSizAxBc6pYfsGW95VEr8HrO.pg2","phone":"123","email":"kemal.aydin3429@gmail.com","profileImage":"https://raw.githubusercontent.com/kemallaydn/images/main/pp.jpg","status":"active","subscription":"Swapify Premium (Yıllık)"},"date":"2024-12-09T16:35:37.306+00:00","advertPreference":"Takas","approvalStatus":"APPROVED","deleted":false}]}', timestamp=2024-12-21T20:14:40.018379054Z, additionalInfo='null'}
2024-12-21T20:14:40,026 INFO   --- [http-nio-8080-exec-3] com.SwapifyBe.service.AppLogService(AppLogService.java:58) : AppLog added successfully: AppLog{id=445ae475-0821-40de-b539-8597d07379af, userId='null', action='{"type":"GET_ALL_ADVERTS","payload":[{"id":"831fd1b4-fed1-4a9c-bd62-7d59505d4cfd","title":"Bb","description":"Aa","category":"Kitaplar ve Medya","location":"40.78598391316084,30.367559166324828","locationString":"Arabacıalanı, Mehmet Akif Ersoy Cd. 61/A, 54100 Serdivan/Sakarya, Türkiye","imageUrl":["https://raw.githubusercontent.com/kemallaydn/images/main/42d7a105-c378-4ae9-b27d-b222a7affa50.jpg","https://raw.githubusercontent.com/kemallaydn/images/main/b336472f-b463-45ca-92be-b6b78f997a42.jpg"],"status":"İyi Durumda","user":{"id":"8b685934-349f-4dad-ac3d-982c1ffeedd4","name":"Kemal","surname":"aydın","password":"$2a$10$LNuzrlg8uzUDhn2Q9vBpcuW7hhSizAxBc6pYfsGW95VEr8HrO.pg2","phone":"123","email":"kemal.aydin3429@gmail.com","profileImage":"https://raw.githubusercontent.com/kemallaydn/images/main/pp.jpg","status":"active","subscription":"Swapify Premium (Yıllık)"},"date":"2024-12-09T16:35:37.306+00:00","advertPreference":"Takas","approvalStatus":"APPROVED","deleted":false}]}', timestamp=2024-12-21T20:14:40.018379054Z, additionalInfo='null'}
2024-12-21T20:14:40,028 INFO   --- [http-nio-8080-exec-3] com.SwapifyBe.filter.JwtAuthenticationFilter(JwtAuthenticationFilter.java:48) : IP : 139.178.128.200 && URI :/api/log/addLog Request duration: 14ms
2024-12-21T20:15:04,668 INFO   --- [http-nio-8080-exec-4] com.SwapifyBe.service.AppLogService(AppLogService.java:55) : AppLog adding: AppLog{id=null, userId='null', action='{"type":"SET_AUTH_FORM","payload":{"key":"surname","value":"The"}}', timestamp=2024-12-21T20:15:04.668259655Z, additionalInfo='null'}
2024-12-21T20:15:04,684 INFO   --- [http-nio-8080-exec-5] com.SwapifyBe.service.AppLogService(AppLogService.java:55) : AppLog adding: AppLog{id=null, userId='null', action='{"type":"SET_AUTH_FORM","payload":{"key":"surname","value":"The "}}', timestamp=2024-12-21T20:15:04.684586180Z, additionalInfo='null'}
2024-12-21T20:15:04,687 INFO   --- [http-nio-8080-exec-4] com.SwapifyBe.service.AppLogService(AppLogService.java:58) : AppLog added successfully: AppLog{id=37a714f8-b2d6-46a4-b2a1-1b2c24f62a8e, userId='null', action='{"type":"SET_AUTH_FORM","payload":{"key":"surname","value":"The"}}', timestamp=2024-12-21T20:15:04.668259655Z, additionalInfo='null'}
2024-12-21T20:15:04,695 INFO   --- [http-nio-8080-exec-4] com.SwapifyBe.filter.JwtAuthenticationFilter(JwtAuthenticationFilter.java:48) : IP : 139.178.128.200 && URI :/api/log/addLog Request duration: 29ms
2024-12-21T20:15:04,697 INFO   --- [http-nio-8080-exec-5] com.SwapifyBe.service.AppLogService(AppLogService.java:58) : AppLog added successfully: AppLog{id=f31549fa-f5bd-4164-999f-bb481d31eff0, userId='null', action='{"type":"SET_AUTH_FORM","payload":{"key":"surname","value":"The "}}', timestamp=2024-12-21T20:15:04.684586180Z, additionalInfo='null'}
2024-12-21T20:15:04,698 INFO   --- [http-nio-8080-exec-5] com.SwapifyBe.filter.JwtAuthenticationFilter(JwtAuthenticationFilter.java:48) : IP : 139.178.128.200 && URI :/api/log/addLog Request duration: 15ms
2024-12-21T20:15:08,238 INFO   --- [http-nio-8080-exec-6] com.SwapifyBe.service.AppLogService(AppLogService.java:55) : AppLog adding: AppLog{id=null, userId='null', action='{"type":"SET_AUTH_FORM","payload":{"key":"privacyPolicy","value":true}}', timestamp=2024-12-21T20:15:08.238304534Z, additionalInfo='null'}
2024-12-21T20:15:08,243 INFO   --- [http-nio-8080-exec-6] com.SwapifyBe.service.AppLogService(AppLogService.java:58) : AppLog added successfully: AppLog{id=827c25ff-bfa2-4b0d-a55e-ea406d97dbfd, userId='null', action='{"type":"SET_AUTH_FORM","payload":{"key":"privacyPolicy","value":true}}', timestamp=2024-12-21T20:15:08.238304534Z, additionalInfo='null'}
2024-12-21T20:15:08,245 INFO   --- [http-nio-8080-exec-6] com.SwapifyBe.filter.JwtAuthenticationFilter(JwtAuthenticationFilter.java:48) : IP : 139.178.128.200 && URI :/api/log/addLog Request duration: 8ms
2024-12-21T20:15:09,457 INFO   --- [http-nio-8080-exec-7] com.SwapifyBe.service.AppLogService(AppLogService.java:55) : AppLog adding: AppLog{id=null, userId='null', action='{"type":"SET_AUTH_FORM","payload":{"key":"surname","value":null}}', timestamp=2024-12-21T20:15:09.457493572Z, additionalInfo='null'}
2024-12-21T20:15:09,464 INFO   --- [http-nio-8080-exec-7] com.SwapifyBe.service.AppLogService(AppLogService.java:58) : AppLog added successfully: AppLog{id=00a39907-539e-4f37-858b-ff9757149733, userId='null', action='{"type":"SET_AUTH_FORM","payload":{"key":"surname","value":null}}', timestamp=2024-12-21T20:15:09.457493572Z, additionalInfo='null'}
2024-12-21T20:15:09,465 INFO   --- [http-nio-8080-exec-7] com.SwapifyBe.filter.JwtAuthenticationFilter(JwtAuthenticationFilter.java:48) : IP : 139.178.128.200 && URI :/api/log/addLog Request duration: 10ms
2024-12-21T20:15:11,762 INFO   --- [http-nio-8080-exec-10] com.SwapifyBe.service.AppLogService(AppLogService.java:55) : AppLog adding: AppLog{id=null, userId='null', action='{"type":"SET_AUTH_FORM","payload":{"key":"email","value":"W"}}', timestamp=2024-12-21T20:15:11.761966799Z, additionalInfo='null'}
2024-12-21T20:15:11,769 INFO   --- [http-nio-8080-exec-10] com.SwapifyBe.service.AppLogService(AppLogService.java:58) : AppLog added successfully: AppLog{id=7369ad5f-24a6-4689-8a47-9a02a77309f6, userId='null', action='{"type":"SET_AUTH_FORM","payload":{"key":"email","value":"W"}}', timestamp=2024-12-21T20:15:11.761966799Z, additionalInfo='null'}
2024-12-21T20:15:11,772 INFO   --- [http-nio-8080-exec-10] com.SwapifyBe.filter.JwtAuthenticationFilter(JwtAuthenticationFilter.java:48) : IP : 139.178.128.200 && URI :/api/log/addLog Request duration: 11ms
2024-12-21T20:15:25,951 INFO   --- [http-nio-8080-exec-9] com.SwapifyBe.service.AppLogService(AppLogService.java:55) : AppLog adding: AppLog{id=null, userId='null', action='{"type":"SET_AUTH_FORM","payload":{"key":"surname","value":"I "}}', timestamp=2024-12-21T20:15:25.951654168Z, additionalInfo='null'}
2024-12-21T20:15:25,955 INFO   --- [http-nio-8080-exec-1] com.SwapifyBe.service.AppLogService(AppLogService.java:55) : AppLog adding: AppLog{id=null, userId='null', action='{"type":"SET_AUTH_FORM","payload":{"key":"surname","value":"I"}}', timestamp=2024-12-21T20:15:25.955780879Z, additionalInfo='null'}
2024-12-21T20:15:25,966 INFO   --- [http-nio-8080-exec-9] com.SwapifyBe.service.AppLogService(AppLogService.java:58) : AppLog added successfully: AppLog{id=64c33564-70f1-4def-b052-46810f3e9b46, userId='null', action='{"type":"SET_AUTH_FORM","payload":{"key":"surname","value":"I "}}', timestamp=2024-12-21T20:15:25.951654168Z, additionalInfo='null'}
2024-12-21T20:15:25,967 INFO   --- [http-nio-8080-exec-9] com.SwapifyBe.filter.JwtAuthenticationFilter(JwtAuthenticationFilter.java:48) : IP : 139.178.128.200 && URI :/api/log/addLog Request duration: 17ms
2024-12-21T20:15:25,968 INFO   --- [http-nio-8080-exec-1] com.SwapifyBe.service.AppLogService(AppLogService.java:58) : AppLog added successfully: AppLog{id=b9682c9e-e011-40bb-b1e2-4cb243e522e5, userId='null', action='{"type":"SET_AUTH_FORM","payload":{"key":"surname","value":"I"}}', timestamp=2024-12-21T20:15:25.955780879Z, additionalInfo='null'}
2024-12-21T20:15:25,969 INFO   --- [http-nio-8080-exec-1] com.SwapifyBe.filter.JwtAuthenticationFilter(JwtAuthenticationFilter.java:48) : IP : 139.178.128.200 && URI :/api/log/addLog Request duration: 15ms
2024-12-21T20:15:28,449 INFO   --- [http-nio-8080-exec-2] com.SwapifyBe.service.AppLogService(AppLogService.java:55) : AppLog adding: AppLog{id=null, userId='null', action='{"type":"SET_AUTH_FORM","payload":{"key":"email","value":null}}', timestamp=2024-12-21T20:15:28.448338145Z, additionalInfo='null'}
2024-12-21T20:15:28,454 INFO   --- [http-nio-8080-exec-2] com.SwapifyBe.service.AppLogService(AppLogService.java:58) : AppLog added successfully: AppLog{id=404812f1-8ee2-40ae-bcd3-26377dc1677e, userId='null', action='{"type":"SET_AUTH_FORM","payload":{"key":"email","value":null}}', timestamp=2024-12-21T20:15:28.448338145Z, additionalInfo='null'}
2024-12-21T20:15:28,464 INFO   --- [http-nio-8080-exec-2] com.SwapifyBe.filter.JwtAuthenticationFilter(JwtAuthenticationFilter.java:48) : IP : 139.178.128.200 && URI :/api/log/addLog Request duration: 17ms
2024-12-21T20:15:29,647 INFO   --- [http-nio-8080-exec-3] com.SwapifyBe.service.AppLogService(AppLogService.java:55) : AppLog adding: AppLog{id=null, userId='null', action='{"type":"SET_AUTH_FORM","payload":{"key":"surname","value":null}}', timestamp=2024-12-21T20:15:29.647747866Z, additionalInfo='null'}
2024-12-21T20:15:29,654 INFO   --- [http-nio-8080-exec-3] com.SwapifyBe.service.AppLogService(AppLogService.java:58) : AppLog added successfully: AppLog{id=8f8ca084-f8a5-4715-9caf-65c9fd93efac, userId='null', action='{"type":"SET_AUTH_FORM","payload":{"key":"surname","value":null}}', timestamp=2024-12-21T20:15:29.647747866Z, additionalInfo='null'}
2024-12-21T20:15:29,656 INFO   --- [http-nio-8080-exec-3] com.SwapifyBe.filter.JwtAuthenticationFilter(JwtAuthenticationFilter.java:48) : IP : 139.178.128.200 && URI :/api/log/addLog Request duration: 10ms
2024-12-21T20:15:54,506 INFO   --- [http-nio-8080-exec-5] com.SwapifyBe.service.AppLogService(AppLogService.java:55) : AppLog adding: AppLog{id=null, userId='null', action='{"type":"SET_AUTH_FORM","payload":{"key":"password","value":"w"}}', timestamp=2024-12-21T20:15:54.506095377Z, additionalInfo='null'}
2024-12-21T20:15:54,517 INFO   --- [http-nio-8080-exec-5] com.SwapifyBe.service.AppLogService(AppLogService.java:58) : AppLog added successfully: AppLog{id=d6b9fcdc-c487-4a79-85b4-a028c9b2a23c, userId='null', action='{"type":"SET_AUTH_FORM","payload":{"key":"password","value":"w"}}', timestamp=2024-12-21T20:15:54.506095377Z, additionalInfo='null'}
2024-12-21T20:15:54,520 INFO   --- [http-nio-8080-exec-5] com.SwapifyBe.filter.JwtAuthenticationFilter(JwtAuthenticationFilter.java:48) : IP : 139.178.128.200 && URI :/api/log/addLog Request duration: 15ms
2024-12-21T20:15:56,956 INFO   --- [http-nio-8080-exec-4] com.SwapifyBe.service.AppLogService(AppLogService.java:55) : AppLog adding: AppLog{id=null, userId='null', action='{"type":"SET_AUTH_FORM","payload":{"key":"privacyPolicy","value":false}}', timestamp=2024-12-21T20:15:56.956275946Z, additionalInfo='null'}
2024-12-21T20:15:56,962 INFO   --- [http-nio-8080-exec-4] com.SwapifyBe.service.AppLogService(AppLogService.java:58) : AppLog added successfully: AppLog{id=671f439e-1fef-4dc2-9727-3c0afa1034b9, userId='null', action='{"type":"SET_AUTH_FORM","payload":{"key":"privacyPolicy","value":false}}', timestamp=2024-12-21T20:15:56.956275946Z, additionalInfo='null'}
2024-12-21T20:15:56,970 INFO   --- [http-nio-8080-exec-4] com.SwapifyBe.filter.JwtAuthenticationFilter(JwtAuthenticationFilter.java:48) : IP : 139.178.128.200 && URI :/api/log/addLog Request duration: 18ms
2024-12-21T20:16:00,672 INFO   --- [http-nio-8080-exec-7] com.SwapifyBe.service.AppLogService(AppLogService.java:55) : AppLog adding: AppLog{id=null, userId='null', action='{"type":"SET_AUTH_FORM","payload":{"key":"informationText","value":true}}', timestamp=2024-12-21T20:16:00.672479209Z, additionalInfo='null'}
2024-12-21T20:16:00,682 INFO   --- [http-nio-8080-exec-7] com.SwapifyBe.service.AppLogService(AppLogService.java:58) : AppLog added successfully: AppLog{id=4e10fd5e-5db4-4d28-96ca-51c358a1661e, userId='null', action='{"type":"SET_AUTH_FORM","payload":{"key":"informationText","value":true}}', timestamp=2024-12-21T20:16:00.672479209Z, additionalInfo='null'}
2024-12-21T20:16:00,684 INFO   --- [http-nio-8080-exec-7] com.SwapifyBe.filter.JwtAuthenticationFilter(JwtAuthenticationFilter.java:48) : IP : 139.178.128.200 && URI :/api/log/addLog Request duration: 13ms
2024-12-21T20:16:12,359 INFO   --- [http-nio-8080-exec-8] com.SwapifyBe.service.AppLogService(AppLogService.java:55) : AppLog adding: AppLog{id=null, userId='null', action='{"type":"SET_AUTH_FORM","payload":{"key":"password","value":null}}', timestamp=2024-12-21T20:16:12.359271587Z, additionalInfo='null'}
2024-12-21T20:16:12,366 INFO   --- [http-nio-8080-exec-8] com.SwapifyBe.service.AppLogService(AppLogService.java:58) : AppLog added successfully: AppLog{id=8d70524c-4b8d-4d70-8689-140569913b59, userId='null', action='{"type":"SET_AUTH_FORM","payload":{"key":"password","value":null}}', timestamp=2024-12-21T20:16:12.359271587Z, additionalInfo='null'}
2024-12-21T20:16:12,369 INFO   --- [http-nio-8080-exec-8] com.SwapifyBe.filter.JwtAuthenticationFilter(JwtAuthenticationFilter.java:48) : IP : 139.178.128.200 && URI :/api/log/addLog Request duration: 10ms
2024-12-21T20:16:29,739 INFO   --- [http-nio-8080-exec-10] com.SwapifyBe.service.AuthService(AuthService.java:102) : Logging in user null 
2024-12-21T20:16:29,746 ERROR  --- [http-nio-8080-exec-10] com.SwapifyBe.service.AuthService(AuthService.java:108) : Kullanıcı bulunamadı
2024-12-21T20:16:29,749 INFO   --- [http-nio-8080-exec-10] com.SwapifyBe.filter.JwtAuthenticationFilter(JwtAuthenticationFilter.java:48) : IP : 139.178.128.200 && URI :/api/auth/login Request duration: 11ms
2024-12-21T20:16:47,123 INFO   --- [http-nio-8080-exec-1] com.SwapifyBe.service.AuthService(AuthService.java:102) : Logging in user null 
2024-12-21T20:16:47,128 ERROR  --- [http-nio-8080-exec-1] com.SwapifyBe.service.AuthService(AuthService.java:108) : Kullanıcı bulunamadı
2024-12-21T20:16:47,133 INFO   --- [http-nio-8080-exec-1] com.SwapifyBe.filter.JwtAuthenticationFilter(JwtAuthenticationFilter.java:48) : IP : 139.178.128.200 && URI :/api/auth/login Request duration: 12ms
2024-12-21T20:16:53,241 INFO   --- [http-nio-8080-exec-9] com.SwapifyBe.service.AuthService(AuthService.java:102) : Logging in user null 
2024-12-21T20:16:53,249 ERROR  --- [http-nio-8080-exec-9] com.SwapifyBe.service.AuthService(AuthService.java:108) : Kullanıcı bulunamadı
2024-12-21T20:16:53,250 INFO   --- [http-nio-8080-exec-9] com.SwapifyBe.filter.JwtAuthenticationFilter(JwtAuthenticationFilter.java:48) : IP : 139.178.128.200 && URI :/api/auth/login Request duration: 14ms
2024-12-21T20:55:14,429 INFO   --- [http-nio-8080-exec-3] com.SwapifyBe.filter.JwtAuthenticationFilter(JwtAuthenticationFilter.java:48) : IP : 141.98.11.155 && URI :/ Request duration: 4ms
2024-12-21T21:08:50,510 INFO   --- [http-nio-8080-exec-4] com.SwapifyBe.filter.JwtAuthenticationFilter(JwtAuthenticationFilter.java:48) : IP : 51.161.82.191 && URI :/.env Request duration: 85ms
2024-12-21T21:08:50,727 INFO   --- [http-nio-8080-exec-7] com.SwapifyBe.filter.JwtAuthenticationFilter(JwtAuthenticationFilter.java:48) : IP : 51.161.82.191 && URI :/ Request duration: 2ms
2024-12-21T21:09:38,554 INFO   --- [http-nio-8080-exec-10] com.SwapifyBe.filter.JwtAuthenticationFilter(JwtAuthenticationFilter.java:48) : IP : 212.210.81.181 && URI :/ Request duration: 12ms
2024-12-21T21:37:26,285 INFO   --- [http-nio-8080-exec-1] com.SwapifyBe.filter.JwtAuthenticationFilter(JwtAuthenticationFilter.java:48) : IP : 51.161.82.191 && URI :/.env Request duration: 18ms
2024-12-21T21:37:26,472 INFO   --- [http-nio-8080-exec-2] com.SwapifyBe.filter.JwtAuthenticationFilter(JwtAuthenticationFilter.java:48) : IP : 51.161.82.191 && URI :/ Request duration: 3ms
2024-12-21T21:40:55,790 INFO   --- [http-nio-8080-exec-5] com.SwapifyBe.filter.JwtAuthenticationFilter(JwtAuthenticationFilter.java:48) : IP : 43.129.169.161 && URI :/Core/Skin/Login.aspx Request duration: 11ms
2024-12-21T21:47:40,647 INFO   --- [http-nio-8080-exec-6] com.SwapifyBe.filter.JwtAuthenticationFilter(JwtAuthenticationFilter.java:48) : IP : 95.214.55.32 && URI :/ Request duration: 17ms
2024-12-21T22:25:22,123 INFO   --- [http-nio-8080-exec-8] com.SwapifyBe.filter.JwtAuthenticationFilter(JwtAuthenticationFilter.java:48) : IP : 104.248.246.173 && URI :/ Request duration: 13ms
2024-12-21T22:32:25,492 INFO   --- [http-nio-8080-exec-9] com.SwapifyBe.filter.JwtAuthenticationFilter(JwtAuthenticationFilter.java:48) : IP : 1.202.112.1 && URI :/ Request duration: 12ms
2024-12-21T22:32:36,149 INFO   --- [http-nio-8080-exec-3] com.SwapifyBe.filter.JwtAuthenticationFilter(JwtAuthenticationFilter.java:48) : IP : 221.207.34.84 && URI :/ Request duration: 6ms
2024-12-21T22:32:36,548 INFO   --- [http-nio-8080-exec-5] com.SwapifyBe.filter.JwtAuthenticationFilter(JwtAuthenticationFilter.java:48) : IP : 36.106.166.113 && URI :/favicon.ico Request duration: 5ms
2024-12-21T22:34:34,823 INFO   --- [http-nio-8080-exec-4] com.SwapifyBe.filter.JwtAuthenticationFilter(JwtAuthenticationFilter.java:48) : IP : 159.223.69.51 && URI :/cdn-cgi/trace Request duration: 10ms
2024-12-21T22:34:47,202 INFO   --- [http-nio-8080-exec-6] org.apache.coyote.http11.Http11Processor(DirectJDKLog.java:175) : Error parsing HTTP request header
 Note: further occurrences of HTTP request parsing errors will be logged at DEBUG level.
java.lang.IllegalArgumentException: Invalid character found in method name [0x160x030x010x010x0b0x010x000x010x070x030x03D0xda0x0eW0x000xac50x170x8an0x0a0xffa0xa7y0x140x9040xd50xdf^0x9e0xcb0x10~0x0e0x110xfc0xf30xfa0x000x14 ]. HTTP method names must be tokens
	at org.apache.coyote.http11.Http11InputBuffer.parseRequestLine(Http11InputBuffer.java:407) ~[tomcat-embed-core-10.1.20.jar!/:?]
	at org.apache.coyote.http11.Http11Processor.service(Http11Processor.java:264) [tomcat-embed-core-10.1.20.jar!/:?]
	at org.apache.coyote.AbstractProcessorLight.process(AbstractProcessorLight.java:63) [tomcat-embed-core-10.1.20.jar!/:?]
	at org.apache.coyote.AbstractProtocol$ConnectionHandler.process(AbstractProtocol.java:896) [tomcat-embed-core-10.1.20.jar!/:?]
	at org.apache.tomcat.util.net.NioEndpoint$SocketProcessor.doRun(NioEndpoint.java:1736) [tomcat-embed-core-10.1.20.jar!/:?]
	at org.apache.tomcat.util.net.SocketProcessorBase.run(SocketProcessorBase.java:52) [tomcat-embed-core-10.1.20.jar!/:?]
	at org.apache.tomcat.util.threads.ThreadPoolExecutor.runWorker(ThreadPoolExecutor.java:1191) [tomcat-embed-core-10.1.20.jar!/:?]
	at org.apache.tomcat.util.threads.ThreadPoolExecutor$Worker.run(ThreadPoolExecutor.java:659) [tomcat-embed-core-10.1.20.jar!/:?]
	at org.apache.tomcat.util.threads.TaskThread$WrappingRunnable.run(TaskThread.java:63) [tomcat-embed-core-10.1.20.jar!/:?]
	at java.base/java.lang.Thread.run(Thread.java:833) [?:?]
2024-12-21T22:36:03,086 INFO   --- [http-nio-8080-exec-7] com.SwapifyBe.filter.JwtAuthenticationFilter(JwtAuthenticationFilter.java:48) : IP : 159.223.67.34 && URI :/cdn-cgi/trace Request duration: 13ms
2024-12-21T22:41:04,093 INFO   --- [http-nio-8080-exec-10] com.SwapifyBe.filter.JwtAuthenticationFilter(JwtAuthenticationFilter.java:48) : IP : 34.76.56.248 && URI :/ Request duration: 4ms
2024-12-21T23:09:53,620 INFO   --- [http-nio-8080-exec-9] com.SwapifyBe.filter.JwtAuthenticationFilter(JwtAuthenticationFilter.java:48) : IP : 202.112.47.148 && URI :/rVMG Request duration: 4ms
2024-12-21T23:09:54,618 INFO   --- [http-nio-8080-exec-5] com.SwapifyBe.filter.JwtAuthenticationFilter(JwtAuthenticationFilter.java:48) : IP : 202.112.47.148 && URI :/jquery-3.3.1.min.js Request duration: 7ms
2024-12-21T23:22:21,271 INFO   --- [http-nio-8080-exec-8] com.SwapifyBe.filter.JwtAuthenticationFilter(JwtAuthenticationFilter.java:48) : IP : 43.129.169.161 && URI :/Core/Skin/Login.aspx Request duration: 3ms
2024-12-21T23:36:19,521 INFO   --- [http-nio-8080-exec-1] com.SwapifyBe.filter.JwtAuthenticationFilter(JwtAuthenticationFilter.java:48) : IP : 95.214.55.32 && URI :/ Request duration: 4ms
2024-12-21T23:44:18,862 INFO   --- [http-nio-8080-exec-2] com.SwapifyBe.filter.JwtAuthenticationFilter(JwtAuthenticationFilter.java:48) : IP : 4.255.101.7 && URI :/hudson Request duration: 5ms
2024-12-21T23:47:52,101 INFO   --- [http-nio-8080-exec-5] com.SwapifyBe.filter.JwtAuthenticationFilter(JwtAuthenticationFilter.java:48) : IP : 205.210.31.146 && URI :/ Request duration: 7ms
2024-12-21T23:53:03,733 INFO   --- [http-nio-8080-exec-6] com.SwapifyBe.filter.JwtAuthenticationFilter(JwtAuthenticationFilter.java:48) : IP : 213.136.70.28 && URI :/static/css/main.f029a054.css Request duration: 13ms
2024-12-21T23:53:03,730 INFO   --- [http-nio-8080-exec-7] com.SwapifyBe.filter.JwtAuthenticationFilter(JwtAuthenticationFilter.java:48) : IP : 213.136.70.28 && URI :/manifest.json Request duration: 5ms
2024-12-21T23:53:06,483 INFO   --- [http-nio-8080-exec-8] com.SwapifyBe.filter.JwtAuthenticationFilter(JwtAuthenticationFilter.java:48) : IP : 213.136.70.28 && URI :/static/js/main.21bbe8fd.js Request duration: 2739ms
2024-12-22T00:00:00,002 INFO   --- [MessageBroker-1] com.SwapifyBe.service.SubscriptionService(SubscriptionService.java:80) : Checking expired subscriptions
2024-12-22T00:00:00,009 INFO   --- [MessageBroker-1] com.SwapifyBe.dao.subscription.SubscriptionDaoImpl(SubscriptionDaoImpl.java:49) : Expired subscriptions found
2024-12-22T00:00:00,011 INFO   --- [MessageBroker-1] com.SwapifyBe.service.SubscriptionService(SubscriptionService.java:82) : Expired subscriptions found: []
