2025-01-28T14:34:43,018 INFO   --- [main] com.SwapifyBe.ServiceFacade(ServiceFacade.java:202) : Swapify oyuna giriyor...ddd
2025-01-28T14:34:43,391 INFO   --- [main] org.hibernate.jpa.internal.util.LogHelper(LogHelper.java:31) : HHH000204: Processing PersistenceUnitInfo [name: myPersistenceUnit]
2025-01-28T14:34:43,549 INFO   --- [main] org.hibernate.Version(Version.java:44) : HHH000412: Hibernate ORM core version 6.2.7.Final
2025-01-28T14:34:43,559 INFO   --- [main] org.hibernate.cfg.Environment(Environment.java:191) : HHH000406: Using bytecode reflection optimizer
2025-01-28T14:34:43,570 WARN   --- [main] org.hibernate.orm.deprecation(EntityManagerFactoryBuilderImpl.java:690) : HHH90000021: Encountered deprecated setting [javax.persistence.jdbc.user], use [jakarta.persistence.jdbc.user] instead
2025-01-28T14:34:43,577 WARN   --- [main] org.hibernate.orm.deprecation(EntityManagerFactoryBuilderImpl.java:712) : HHH90000021: Encountered deprecated setting [javax.persistence.jdbc.password], use [jakarta.persistence.jdbc.password] instead
2025-01-28T14:34:43,578 WARN   --- [main] org.hibernate.orm.deprecation(EntityManagerFactoryBuilderImpl.java:1027) : HHH90000021: Encountered deprecated setting [javax.persistence.jdbc.url], use [jakarta.persistence.jdbc.url] instead
2025-01-28T14:34:43,578 WARN   --- [main] org.hibernate.orm.deprecation(EntityManagerFactoryBuilderImpl.java:1034) : HHH90000021: Encountered deprecated setting [javax.persistence.jdbc.driver], use [jakarta.persistence.jdbc.driver] instead
2025-01-28T14:34:46,298 INFO   --- [main] org.hibernate.bytecode.internal.BytecodeProviderInitiator(BytecodeProviderInitiator.java:53) : HHH000021: Bytecode provider name : bytebuddy
2025-01-28T14:34:48,180 WARN   --- [main] org.hibernate.orm.connections.pooling(DriverManagerConnectionProviderImpl.java:80) : HHH10001002: Using built-in connection pool (not intended for production use)
2025-01-28T14:34:48,184 INFO   --- [main] org.hibernate.orm.connections.pooling(DriverManagerConnectionProviderImpl.java:139) : HHH10001005: Loaded JDBC driver class: org.postgresql.Driver
2025-01-28T14:34:48,185 INFO   --- [main] org.hibernate.orm.connections.pooling(DriverManagerConnectionProviderImpl.java:161) : HHH10001012: Connecting with JDBC URL [jdbc:postgresql://54.194.164.71:5432/swapiffy]
2025-01-28T14:34:48,186 INFO   --- [main] org.hibernate.orm.connections.pooling(DriverManagerConnectionProviderImpl.java:170) : HHH10001001: Connection properties: {password=****, user=Kemal}
2025-01-28T14:34:48,187 INFO   --- [main] org.hibernate.orm.connections.pooling(DriverManagerConnectionProviderImpl.java:174) : HHH10001003: Autocommit mode: false
2025-01-28T14:34:48,189 INFO   --- [main] org.hibernate.orm.connections.pooling(DriverManagerConnectionProviderImpl.java:366) : HHH10001115: Connection pool size: 20 (min=1)
2025-01-28T14:34:48,733 INFO   --- [main] org.hibernate.engine.transaction.jta.platform.internal.JtaPlatformInitiator(JtaPlatformInitiator.java:51) : HHH000490: Using JtaPlatform implementation: [org.hibernate.engine.transaction.jta.platform.internal.NoJtaPlatform]
2025-01-28T14:34:50,126 INFO   --- [main] org.hibernate.orm.connections.access(DdlTransactionIsolatorNonJtaImpl.java:52) : HHH10001501: Connection obtained from JdbcConnectionAccess [org.hibernate.engine.jdbc.env.internal.JdbcEnvironmentInitiator$ConnectionProviderJdbcConnectionAccess@6896ef29] for (non-JTA) DDL execution was not in auto-commit mode; the Connection 'local transaction' will be committed and the Connection will be set into auto-commit mode.
2025-01-28T14:34:50,551 INFO   --- [main] com.SwapifyBe.dao.category.CategoryDaoImpl(CategoryDaoImpl.java:18) : Initializing CategoryDaoImpl
2025-01-28T14:34:50,796 INFO   --- [main] com.SwapifyBe.dao.configuration.ConfigurationDaoImpl(ConfigurationDaoImpl.java:21) : Initializing ConfigurationDaoImpl
2025-01-28T14:34:50,805 INFO   --- [main] com.SwapifyBe.service.ConfigurationService(ConfigurationService.java:23) : ConfigurationService created
2025-01-28T14:34:50,805 INFO   --- [main] com.SwapifyBe.service.ConfigurationService(ConfigurationService.java:29) : ConfigurationService findAll
2025-01-28T14:34:50,806 INFO   --- [main] com.SwapifyBe.dao.configuration.ConfigurationDaoImpl(ConfigurationDaoImpl.java:26) : Getting all configurations
2025-01-28T14:34:56,697 INFO   --- [main] com.SwapifyBe.dao.auth.AuthDaoImpl(AuthDaoImpl.java:16) : Initializing AuthDaoImpl
2025-01-28T14:34:56,698 INFO   --- [main] com.SwapifyBe.dao.advertisement.AdvertisementDaoImpl(AdvertisementDaoImpl.java:23) : Advertisement dao implementation is initializing
2025-01-28T14:34:56,722 INFO   --- [main] com.SwapifyBe.dao.favorite.FavoritesDaoImpl(FavoritesDaoImpl.java:20) : Favorites dao implementation is initializing
2025-01-28T14:34:56,728 INFO   --- [main] com.SwapifyBe.dao.offer.OfferDaoImpl(OfferDaoImpl.java:20) : Offer dao implementation is initializing
2025-01-28T14:34:56,730 INFO   --- [main] com.SwapifyBe.dao.follower.FollowerDaoImpl(FollowerDaoImpl.java:20) : Followers dao implementation is initializing
2025-01-28T14:34:56,734 INFO   --- [main] com.SwapifyBe.dao.user.UserDaoImpl(UserDaoImpl.java:21) : User dao implementation is initializing
2025-01-28T14:34:56,735 INFO   --- [main] com.SwapifyBe.dao.message.MessageDaoImpl(MessageDaoImpl.java:19) : Message dao implementation is initializing
2025-01-28T14:34:56,736 INFO   --- [main] com.SwapifyBe.dao.user.UserDaoImpl(UserChatDaoImpl.java:20) : UserChatDaoImpl  implementation is initializing
2025-01-28T14:34:56,747 INFO   --- [main] com.SwapifyBe.notification.PushMessage(PushMessage.java:51) : FirebaseApp initializing...
2025-01-28T14:34:57,263 INFO   --- [main] com.SwapifyBe.notification.PushMessage(PushMessage.java:65) : FirebaseApp initialized
2025-01-28T14:34:57,265 INFO   --- [main] com.SwapifyBe.service.NotificationService(NotificationService.java:25) : Initializing NotificationService
2025-01-28T14:34:57,269 INFO   --- [main] com.SwapifyBe.service.SmsService(SmsService.java:33) : SmsService created
2025-01-28T14:34:57,270 INFO   --- [main] com.SwapifyBe.service.CategoryService(CategoryService.java:19) : CategoryService created
2025-01-28T14:34:57,313 INFO   --- [main] com.SwapifyBe.service.UserPermissionsService(UserPermissionsService.java:23) : UserPermissionsService created
2025-01-28T14:34:57,328 INFO   --- [main] com.SwapifyBe.service.UserService(UserService.java:41) : Initializing UserService
2025-01-28T14:34:57,330 INFO   --- [main] com.SwapifyBe.service.AdvertisementService(AdvertisementService.java:58) : Initializing AdvertisementService
2025-01-28T14:34:57,339 INFO   --- [main] com.SwapifyBe.service.AuthService(AuthService.java:49) : Initializing AuthService
2025-01-28T14:34:57,342 INFO   --- [main] com.SwapifyBe.service.FavoriteService(FavoriteService.java:37) : Initializing FavoriteService
2025-01-28T14:34:57,344 INFO   --- [main] com.SwapifyBe.service.OfferService(OfferService.java:56) : Initializing OfferService
2025-01-28T14:34:57,347 INFO   --- [main] com.SwapifyBe.service.MessageResendService(MessageResendService.java:25) : MessageResendService created
2025-01-28T14:34:57,347 INFO   --- [main] com.SwapifyBe.service.AppLogService(AppLogService.java:49) : AppLogService created
2025-01-28T14:34:57,352 INFO   --- [main] com.SwapifyBe.service.VideoService(VideoService.java:19) : Video Service created
2025-01-28T14:34:57,353 INFO   --- [main] com.SwapifyBe.service.TokenService(TokenService.java:28) : Token Service created
2025-01-28T14:34:57,358 INFO   --- [main] com.SwapifyBe.service.MessageService(MessageService.java:48) : MessageService created
2025-01-28T14:34:57,359 INFO   --- [main] com.SwapifyBe.service.FollowerService(FollowerService.java:47) : FollowerService created
2025-01-28T14:34:57,360 INFO   --- [main] com.SwapifyBe.service.OfferService(SearchService.java:28) : Initializing SearchService
2025-01-28T14:34:57,361 INFO   --- [main] com.SwapifyBe.service.SubscriptionService(SubscriptionService.java:42) : SubscriptionService created
2025-01-28T14:34:57,371 INFO   --- [main] com.SwapifyBe.ServiceFacade(ServiceFacade.java:345) : Server IP Address: 192.168.112.3
2025-01-28T14:34:57,372 INFO   --- [main] com.SwapifyBe.service.ConfigurationService(ConfigurationService.java:47) : ConfigurationService updateConfiguration
2025-01-28T14:34:57,425 INFO   --- [main] com.SwapifyBe.SwapifyBeApplication(SwapifyBeApplication.java:38) : Services started successfully
2025-01-28T14:34:58,293 INFO   --- [main] com.SwapifyBe.SwapifyBeApplication(StartupInfoLogger.java:50) : Starting SwapifyBeApplication v0.0.1-SNAPSHOT using Java 17.0.2 with PID 1 (/app/app.jar started by root in /app)
2025-01-28T14:34:58,308 INFO   --- [main] com.SwapifyBe.SwapifyBeApplication(SpringApplication.java:654) : No active profile set, falling back to 1 default profile: "default"
2025-01-28T14:35:03,503 INFO   --- [main] org.apache.coyote.http11.Http11NioProtocol(DirectJDKLog.java:173) : Initializing ProtocolHandler ["http-nio-8080"]
2025-01-28T14:35:03,506 INFO   --- [main] org.apache.catalina.core.StandardService(DirectJDKLog.java:173) : Starting service [Tomcat]
2025-01-28T14:35:03,507 INFO   --- [main] org.apache.catalina.core.StandardEngine(DirectJDKLog.java:173) : Starting Servlet engine: [Apache Tomcat/10.1.20]
2025-01-28T14:35:03,635 INFO   --- [main] org.apache.catalina.core.ContainerBase.[Tomcat].[localhost].[/](DirectJDKLog.java:173) : Initializing Spring embedded WebApplicationContext
2025-01-28T14:35:04,429 INFO   --- [main] com.zaxxer.hikari.HikariDataSource(HikariDataSource.java:110) : HikariPool-1 - Starting...
2025-01-28T14:35:04,518 INFO   --- [main] com.zaxxer.hikari.pool.HikariPool(HikariPool.java:565) : HikariPool-1 - Added connection org.postgresql.jdbc.PgConnection@519910b2
2025-01-28T14:35:04,521 INFO   --- [main] com.zaxxer.hikari.HikariDataSource(HikariDataSource.java:123) : HikariPool-1 - Start completed.
2025-01-28T14:35:05,658 INFO   --- [main] com.SwapifyBe.controller.FollowerController(FollowerController.java:20) : FollowerController created
2025-01-28T14:35:05,659 INFO   --- [main] com.SwapifyBe.service.FollowerService(FollowerService.java:47) : FollowerService created
2025-01-28T14:35:05,665 INFO   --- [main] com.SwapifyBe.controller.CategoryController(CategoryController.java:26) : CategoryController created
2025-01-28T14:35:05,669 INFO   --- [main] com.SwapifyBe.controller.PaymentController(PaymentController.java:22) : Payment Controller created
2025-01-28T14:35:05,672 INFO   --- [main] com.SwapifyBe.controller.SearchController(SearchController.java:23) : SearchController created
2025-01-28T14:35:05,673 INFO   --- [main] com.SwapifyBe.controller.VideoController(VideoController.java:22) : Video Controller created
2025-01-28T14:35:05,689 INFO   --- [main] com.SwapifyBe.controller.AppLogController(AppLogController.java:28) : AppLogController created
2025-01-28T14:35:05,721 INFO   --- [main] com.SwapifyBe.controller.UserController(UserController.java:29) : UserController created
2025-01-28T14:35:05,728 INFO   --- [main] com.SwapifyBe.controller.ConfigurationController(ConfigurationController.java:22) : ConfigurationController created
2025-01-28T14:35:05,745 INFO   --- [main] com.SwapifyBe.controller.OfferController(OfferController.java:25) : OfferController initialized
2025-01-28T14:35:05,757 INFO   --- [main] com.SwapifyBe.controller.FavoriteController(FavoriteController.java:30) : FavoriteController created
2025-01-28T14:35:05,760 INFO   --- [main] com.SwapifyBe.controller.TokenController(TokenController.java:24) : Token Controller created
2025-01-28T14:35:05,769 INFO   --- [main] com.SwapifyBe.controller.MessageController(MessageController.java:28) : Message Controller created
2025-01-28T14:35:05,786 INFO   --- [main] com.SwapifyBe.controller.NotificationController(NotificationController.java:22) : NotificationController created
2025-01-28T14:35:05,787 INFO   --- [main] com.SwapifyBe.controller.SubscriptionController(SubscriptionController.java:41) : SubscriptionController created
2025-01-28T14:35:10,007 INFO   --- [main] org.apache.coyote.http11.Http11NioProtocol(DirectJDKLog.java:173) : Starting ProtocolHandler ["http-nio-8080"]
2025-01-28T14:35:10,108 INFO   --- [main] com.SwapifyBe.SwapifyBeApplication(StartupInfoLogger.java:56) : Started SwapifyBeApplication in 12.497 seconds (process running for 29.615)
2025-01-28T14:35:10,125 INFO   --- [main] com.SwapifyBe.SwapifyBeApplication(SwapifyBeApplication.java:61) : Application started event
2025-01-28T14:35:10,134 INFO   --- [main] com.SwapifyBe.SwapifyBeApplication(SwapifyBeApplication.java:51) : Application ready event
2025-01-28T14:40:04,739 INFO   --- [http-nio-8080-exec-1] org.apache.catalina.core.ContainerBase.[Tomcat].[localhost].[/](DirectJDKLog.java:173) : Initializing Spring DispatcherServlet 'dispatcherServlet'
2025-01-28T14:40:04,920 INFO   --- [http-nio-8080-exec-1] com.SwapifyBe.filter.JwtAuthenticationFilter(JwtAuthenticationFilter.java:48) : IP : 66.249.66.167 && URI :/robots.txt Request duration: 69ms
2025-01-28T14:40:05,121 INFO   --- [http-nio-8080-exec-2] com.SwapifyBe.filter.JwtAuthenticationFilter(JwtAuthenticationFilter.java:48) : IP : 66.249.66.167 && URI :/app-ads.txt Request duration: 16ms
2025-01-28T14:41:15,412 INFO   --- [http-nio-8080-exec-5] com.SwapifyBe.dao.auth.AuthDaoImpl(AuthDaoImpl.java:87) : Checking if user exists by email
2025-01-28T14:41:15,432 INFO   --- [http-nio-8080-exec-5] com.SwapifyBe.dao.auth.AuthDaoImpl(AuthDaoImpl.java:95) : User exists: true
2025-01-28T14:41:15,495 INFO   --- [http-nio-8080-exec-5] com.SwapifyBe.filter.JwtAuthenticationFilter(JwtAuthenticationFilter.java:48) : IP : 95.70.249.225 && URI :/api/auth/existUser/Kemal.aydin3429@gmail.com Request duration: 149ms
2025-01-28T14:41:25,193 INFO   --- [http-nio-8080-exec-6] com.SwapifyBe.dao.auth.AuthDaoImpl(AuthDaoImpl.java:87) : Checking if user exists by email
2025-01-28T14:41:25,205 INFO   --- [http-nio-8080-exec-6] com.SwapifyBe.dao.auth.AuthDaoImpl(AuthDaoImpl.java:95) : User exists: true
2025-01-28T14:41:25,207 INFO   --- [http-nio-8080-exec-6] com.SwapifyBe.filter.JwtAuthenticationFilter(JwtAuthenticationFilter.java:48) : IP : 95.70.249.225 && URI :/api/auth/existUser/Kemal.aydin3429@gmail.com Request duration: 15ms
2025-01-28T14:41:42,522 INFO   --- [http-nio-8080-exec-7] com.SwapifyBe.dao.auth.AuthDaoImpl(AuthDaoImpl.java:87) : Checking if user exists by email
2025-01-28T14:41:42,534 INFO   --- [http-nio-8080-exec-7] com.SwapifyBe.dao.auth.AuthDaoImpl(AuthDaoImpl.java:95) : User exists: true
2025-01-28T14:41:42,545 INFO   --- [http-nio-8080-exec-7] com.SwapifyBe.filter.JwtAuthenticationFilter(JwtAuthenticationFilter.java:48) : IP : 95.70.249.225 && URI :/api/auth/existUser/Kemal.aydin3429@gmail.com Request duration: 24ms
