2025-06-01T23:38:35,637 INFO   --- [main] org.hibernate.jpa.internal.util.LogHelper(LogHelper.java:31) : HHH000204: Processing PersistenceUnitInfo [name: myPersistenceUnit]
2025-06-01T23:38:35,672 INFO   --- [main] org.hibernate.Version(Version.java:44) : HHH000412: Hibernate ORM core version 6.2.7.Final
2025-06-01T23:38:35,674 INFO   --- [main] org.hibernate.cfg.Environment(Environment.java:191) : HHH000406: Using bytecode reflection optimizer
2025-06-01T23:38:35,676 WARN   --- [main] org.hibernate.orm.deprecation(EntityManagerFactoryBuilderImpl.java:690) : HHH90000021: Encountered deprecated setting [javax.persistence.jdbc.user], use [jakarta.persistence.jdbc.user] instead
2025-06-01T23:38:35,676 WARN   --- [main] org.hibernate.orm.deprecation(EntityManagerFactoryBuilderImpl.java:712) : HHH90000021: Encountered deprecated setting [javax.persistence.jdbc.password], use [jakarta.persistence.jdbc.password] instead
2025-06-01T23:38:35,676 WARN   --- [main] org.hibernate.orm.deprecation(EntityManagerFactoryBuilderImpl.java:1027) : HHH90000021: Encountered deprecated setting [javax.persistence.jdbc.url], use [jakarta.persistence.jdbc.url] instead
2025-06-01T23:38:35,676 WARN   --- [main] org.hibernate.orm.deprecation(EntityManagerFactoryBuilderImpl.java:1034) : HHH90000021: Encountered deprecated setting [javax.persistence.jdbc.driver], use [jakarta.persistence.jdbc.driver] instead
2025-06-01T23:38:36,062 INFO   --- [main] org.hibernate.bytecode.internal.BytecodeProviderInitiator(BytecodeProviderInitiator.java:53) : HHH000021: Bytecode provider name : bytebuddy
2025-06-01T23:38:36,521 WARN   --- [main] org.hibernate.orm.connections.pooling(DriverManagerConnectionProviderImpl.java:80) : HHH10001002: Using built-in connection pool (not intended for production use)
2025-06-01T23:38:36,524 INFO   --- [main] org.hibernate.orm.connections.pooling(DriverManagerConnectionProviderImpl.java:139) : HHH10001005: Loaded JDBC driver class: org.postgresql.Driver
2025-06-01T23:38:36,524 INFO   --- [main] org.hibernate.orm.connections.pooling(DriverManagerConnectionProviderImpl.java:161) : HHH10001012: Connecting with JDBC URL [jdbc:postgresql://34.245.38.121:5432/swapiffy]
2025-06-01T23:38:36,524 INFO   --- [main] org.hibernate.orm.connections.pooling(DriverManagerConnectionProviderImpl.java:170) : HHH10001001: Connection properties: {password=****, user=Kemal}
2025-06-01T23:38:36,524 INFO   --- [main] org.hibernate.orm.connections.pooling(DriverManagerConnectionProviderImpl.java:174) : HHH10001003: Autocommit mode: false
2025-06-01T23:38:36,525 INFO   --- [main] org.hibernate.orm.connections.pooling(DriverManagerConnectionProviderImpl.java:366) : HHH10001115: Connection pool size: 20 (min=1)
2025-06-01T23:38:37,165 INFO   --- [main] org.hibernate.engine.transaction.jta.platform.internal.JtaPlatformInitiator(JtaPlatformInitiator.java:51) : HHH000490: Using JtaPlatform implementation: [org.hibernate.engine.transaction.jta.platform.internal.NoJtaPlatform]
2025-06-01T23:38:37,645 INFO   --- [main] org.hibernate.orm.connections.access(DdlTransactionIsolatorNonJtaImpl.java:52) : HHH10001501: Connection obtained from JdbcConnectionAccess [org.hibernate.engine.jdbc.env.internal.JdbcEnvironmentInitiator$ConnectionProviderJdbcConnectionAccess@22bf2a0d] for (non-JTA) DDL execution was not in auto-commit mode; the Connection 'local transaction' will be committed and the Connection will be set into auto-commit mode.
2025-06-01T23:38:44,632 INFO   --- [main] com.SwapifyBe.dao.category.CategoryDaoImpl(CategoryDaoImpl.java:18) : Initializing CategoryDaoImpl
2025-06-01T23:38:45,929 INFO   --- [main] com.SwapifyBe.dao.configuration.ConfigurationDaoImpl(ConfigurationDaoImpl.java:21) : Initializing ConfigurationDaoImpl
2025-06-01T23:38:45,930 INFO   --- [main] com.SwapifyBe.service.ConfigurationService(ConfigurationService.java:23) : ConfigurationService created
2025-06-01T23:38:45,931 INFO   --- [main] com.SwapifyBe.service.ConfigurationService(ConfigurationService.java:29) : ConfigurationService findAll
2025-06-01T23:38:45,931 INFO   --- [main] com.SwapifyBe.dao.configuration.ConfigurationDaoImpl(ConfigurationDaoImpl.java:26) : Getting all configurations
2025-06-01T23:38:49,855 INFO   --- [main] com.SwapifyBe.dao.auth.AuthDaoImpl(AuthDaoImpl.java:16) : Initializing AuthDaoImpl
2025-06-01T23:38:49,856 INFO   --- [main] com.SwapifyBe.dao.advertisement.AdvertisementDaoImpl(AdvertisementDaoImpl.java:23) : Advertisement dao implementation is initializing
2025-06-01T23:38:49,857 INFO   --- [main] com.SwapifyBe.dao.favorite.FavoritesDaoImpl(FavoritesDaoImpl.java:20) : Favorites dao implementation is initializing
2025-06-01T23:38:49,858 INFO   --- [main] com.SwapifyBe.dao.offer.OfferDaoImpl(OfferDaoImpl.java:20) : Offer dao implementation is initializing
2025-06-01T23:38:49,859 INFO   --- [main] com.SwapifyBe.dao.follower.FollowerDaoImpl(FollowerDaoImpl.java:20) : Followers dao implementation is initializing
2025-06-01T23:38:49,859 INFO   --- [main] com.SwapifyBe.dao.user.UserDaoImpl(UserDaoImpl.java:21) : User dao implementation is initializing
2025-06-01T23:38:49,860 INFO   --- [main] com.SwapifyBe.dao.message.MessageDaoImpl(MessageDaoImpl.java:19) : Message dao implementation is initializing
2025-06-01T23:38:49,861 INFO   --- [main] com.SwapifyBe.dao.user.UserDaoImpl(UserChatDaoImpl.java:20) : UserChatDaoImpl  implementation is initializing
2025-06-01T23:38:49,862 INFO   --- [main] com.SwapifyBe.dao.BaseDao(BaseDao.java:25) : BaseDao initialized
2025-06-01T23:38:49,865 INFO   --- [main] com.SwapifyBe.notification.PushMessage(PushMessage.java:54) : FirebaseApp initializing...
2025-06-01T23:38:49,951 INFO   --- [main] com.SwapifyBe.notification.PushMessage(PushMessage.java:68) : FirebaseApp initialized
2025-06-01T23:38:49,952 INFO   --- [main] com.SwapifyBe.service.NotificationService(NotificationService.java:25) : Initializing NotificationService
2025-06-01T23:38:49,952 INFO   --- [main] com.SwapifyBe.service.SmsService(SmsService.java:33) : SmsService created
2025-06-01T23:38:49,953 INFO   --- [main] com.SwapifyBe.service.CategoryService(CategoryService.java:19) : CategoryService created
2025-06-01T23:38:49,962 INFO   --- [main] com.SwapifyBe.service.UserPermissionsService(UserPermissionsService.java:23) : UserPermissionsService created
2025-06-01T23:38:49,963 INFO   --- [main] com.SwapifyBe.service.UserService(UserService.java:41) : Initializing UserService
2025-06-01T23:38:49,965 INFO   --- [main] com.SwapifyBe.service.AdvertisementService(AdvertisementService.java:64) : Initializing AdvertisementService
2025-06-01T23:38:49,966 INFO   --- [main] com.SwapifyBe.service.AuthService(AuthService.java:49) : Initializing AuthService
2025-06-01T23:38:49,967 INFO   --- [main] com.SwapifyBe.service.FavoriteService(FavoriteService.java:37) : Initializing FavoriteService
2025-06-01T23:38:49,968 INFO   --- [main] com.SwapifyBe.service.OfferService(OfferService.java:56) : Initializing OfferService
2025-06-01T23:38:49,968 INFO   --- [main] com.SwapifyBe.service.MessageResendService(MessageResendService.java:25) : MessageResendService created
2025-06-01T23:38:49,969 INFO   --- [main] com.SwapifyBe.service.AppLogService(AppLogService.java:49) : AppLogService created
2025-06-01T23:38:49,969 INFO   --- [main] com.SwapifyBe.service.VideoService(VideoService.java:19) : Video Service created
2025-06-01T23:38:49,969 INFO   --- [main] com.SwapifyBe.service.TokenService(TokenService.java:28) : Token Service created
2025-06-01T23:38:49,970 INFO   --- [main] com.SwapifyBe.service.MessageService(MessageService.java:48) : MessageService created
2025-06-01T23:38:49,970 INFO   --- [main] com.SwapifyBe.service.FollowerService(FollowerService.java:47) : FollowerService created
2025-06-01T23:38:49,970 INFO   --- [main] com.SwapifyBe.service.OfferService(SearchService.java:28) : Initializing SearchService
2025-06-01T23:38:49,972 INFO   --- [main] com.SwapifyBe.service.SubscriptionService(SubscriptionService.java:42) : SubscriptionService created
2025-06-01T23:38:49,972 INFO   --- [main] com.SwapifyBe.SwapifyBeApplication(SwapifyBeApplication.java:48) : Services started successfully
2025-06-01T23:38:50,230 INFO   --- [main] com.SwapifyBe.SwapifyBeApplication(StartupInfoLogger.java:53) : Starting SwapifyBeApplication using Java 17.0.14 with PID 28912 (/Users/furkanaydin/Projeler/Backend/SwapifyBe/target/classes started by furkanaydin in /Users/furkanaydin/Projeler/Backend/SwapifyBe)
2025-06-01T23:38:50,232 INFO   --- [main] com.SwapifyBe.SwapifyBeApplication(SpringApplication.java:652) : No active profile set, falling back to 1 default profile: "default"
2025-06-01T23:38:51,262 INFO   --- [main] org.apache.coyote.http11.Http11NioProtocol(DirectJDKLog.java:173) : Initializing ProtocolHandler ["http-nio-8080"]
2025-06-01T23:38:51,263 INFO   --- [main] org.apache.catalina.core.StandardService(DirectJDKLog.java:173) : Starting service [Tomcat]
2025-06-01T23:38:51,263 INFO   --- [main] org.apache.catalina.core.StandardEngine(DirectJDKLog.java:173) : Starting Servlet engine: [Apache Tomcat/10.1.36]
2025-06-01T23:38:51,291 INFO   --- [main] org.apache.catalina.core.ContainerBase.[Tomcat].[localhost].[/](DirectJDKLog.java:173) : Initializing Spring embedded WebApplicationContext
2025-06-01T23:38:51,481 INFO   --- [main] com.SwapifyBe.controller.AppLogController(AppLogController.java:28) : AppLogController created
2025-06-01T23:38:51,489 INFO   --- [main] com.SwapifyBe.controller.CategoryController(CategoryController.java:26) : CategoryController created
2025-06-01T23:38:51,489 INFO   --- [main] com.SwapifyBe.controller.ConfigurationController(ConfigurationController.java:22) : ConfigurationController created
2025-06-01T23:38:51,492 INFO   --- [main] com.SwapifyBe.controller.FavoriteController(FavoriteController.java:30) : FavoriteController created
2025-06-01T23:38:51,493 INFO   --- [main] com.SwapifyBe.controller.FollowerController(FollowerController.java:20) : FollowerController created
2025-06-01T23:38:51,493 INFO   --- [main] com.SwapifyBe.service.FollowerService(FollowerService.java:47) : FollowerService created
2025-06-01T23:38:51,495 INFO   --- [main] com.SwapifyBe.controller.MessageController(MessageController.java:25) : Message Controller created
2025-06-01T23:38:51,495 INFO   --- [main] com.SwapifyBe.controller.NotificationController(NotificationController.java:22) : NotificationController created
2025-06-01T23:38:51,496 INFO   --- [main] com.SwapifyBe.controller.OfferController(OfferController.java:27) : OfferController initialized
2025-06-01T23:38:51,498 INFO   --- [main] com.SwapifyBe.controller.PaymentController(PaymentController.java:22) : Payment Controller created
2025-06-01T23:38:51,498 INFO   --- [main] com.SwapifyBe.controller.SearchController(SearchController.java:23) : SearchController created
2025-06-01T23:38:51,499 INFO   --- [main] com.SwapifyBe.controller.SubscriptionController(SubscriptionController.java:41) : SubscriptionController created
2025-06-01T23:38:51,500 INFO   --- [main] com.SwapifyBe.controller.TokenController(TokenController.java:24) : Token Controller created
2025-06-01T23:38:51,501 INFO   --- [main] com.SwapifyBe.controller.UserController(UserController.java:32) : UserController created
2025-06-01T23:38:51,502 INFO   --- [main] com.SwapifyBe.controller.VideoController(VideoController.java:22) : Video Controller created
2025-06-01T23:38:52,300 INFO   --- [main] org.apache.coyote.http11.Http11NioProtocol(DirectJDKLog.java:173) : Starting ProtocolHandler ["http-nio-8080"]
2025-06-01T23:38:52,328 INFO   --- [main] com.SwapifyBe.SwapifyBeApplication(StartupInfoLogger.java:59) : Started SwapifyBeApplication in 2.32 seconds (process running for 18.163)
2025-06-01T23:38:52,340 INFO   --- [main] com.SwapifyBe.SwapifyBeApplication(SwapifyBeApplication.java:71) : Application started event
2025-06-01T23:38:52,344 INFO   --- [main] com.SwapifyBe.SwapifyBeApplication(SwapifyBeApplication.java:61) : Application ready event
2025-06-01T23:38:52,545 INFO   --- [RMI TCP Connection(7)-127.0.0.1] org.apache.catalina.core.ContainerBase.[Tomcat].[localhost].[/](DirectJDKLog.java:173) : Initializing Spring DispatcherServlet 'dispatcherServlet'
2025-06-01T23:38:53,230 INFO   --- [http-nio-8080-exec-1] com.SwapifyBe.filter.JwtAuthenticationFilter(JwtAuthenticationFilter.java:48) : IP : 192.168.1.102 && URI :/ws/info Request duration: 11ms
2025-06-01T23:38:53,257 INFO   --- [http-nio-8080-exec-2] com.SwapifyBe.filter.JwtAuthenticationFilter(JwtAuthenticationFilter.java:48) : IP : 192.168.1.102 && URI :/ws/776/cedb50gl/websocket Request duration: 11ms
2025-06-01T23:38:53,284 INFO   --- [clientInboundChannel-4] com.SwapifyBe.cache.Hazelcast(Hazelcast.java:82) : Saving user ID as active in Hazelcast: 11622642-8588-4749-ac0f-31314ae816fe
2025-06-01T23:38:53,299 INFO   --- [clientInboundChannel-4] com.hazelcast.internal.partition.impl.PartitionStateManager(StandardLoggerFactory.java:56) : [192.168.1.102]:5701 [dev] [5.3.7] Initializing cluster partition table arrangement...
2025-06-01T23:38:53,339 INFO   --- [clientInboundChannel-4] com.SwapifyBe.cache.Hazelcast(Hazelcast.java:103) : Saving user to Hazelcast: 11622642-8588-4749-ac0f-31314ae816fe
2025-06-01T23:38:53,340 INFO   --- [clientInboundChannel-4] com.SwapifyBe.cache.Hazelcast(Hazelcast.java:106) : User saved to Hazelcast: 11622642-8588-4749-ac0f-31314ae816fe
