2025-04-29T14:57:38,647 INFO   --- [main] org.hibernate.jpa.internal.util.LogHelper(LogHelper.java:31) : HHH000204: Processing PersistenceUnitInfo [name: myPersistenceUnit]
2025-04-29T14:57:38,764 INFO   --- [main] org.hibernate.Version(Version.java:44) : HHH000412: Hibernate ORM core version 6.2.7.Final
2025-04-29T14:57:38,775 INFO   --- [main] org.hibernate.cfg.Environment(Environment.java:191) : HHH000406: Using bytecode reflection optimizer
2025-04-29T14:57:38,782 WARN   --- [main] org.hibernate.orm.deprecation(EntityManagerFactoryBuilderImpl.java:690) : HHH90000021: Encountered deprecated setting [javax.persistence.jdbc.user], use [jakarta.persistence.jdbc.user] instead
2025-04-29T14:57:38,783 WARN   --- [main] org.hibernate.orm.deprecation(EntityManagerFactoryBuilderImpl.java:712) : HHH90000021: Encountered deprecated setting [javax.persistence.jdbc.password], use [jakarta.persistence.jdbc.password] instead
2025-04-29T14:57:38,783 WARN   --- [main] org.hibernate.orm.deprecation(EntityManagerFactoryBuilderImpl.java:1027) : HHH90000021: Encountered deprecated setting [javax.persistence.jdbc.url], use [jakarta.persistence.jdbc.url] instead
2025-04-29T14:57:38,784 WARN   --- [main] org.hibernate.orm.deprecation(EntityManagerFactoryBuilderImpl.java:1034) : HHH90000021: Encountered deprecated setting [javax.persistence.jdbc.driver], use [jakarta.persistence.jdbc.driver] instead
2025-04-29T14:57:40,865 INFO   --- [main] org.hibernate.bytecode.internal.BytecodeProviderInitiator(BytecodeProviderInitiator.java:53) : HHH000021: Bytecode provider name : bytebuddy
2025-04-29T14:57:42,598 WARN   --- [main] org.hibernate.orm.connections.pooling(DriverManagerConnectionProviderImpl.java:80) : HHH10001002: Using built-in connection pool (not intended for production use)
2025-04-29T14:57:42,605 INFO   --- [main] org.hibernate.orm.connections.pooling(DriverManagerConnectionProviderImpl.java:139) : HHH10001005: Loaded JDBC driver class: org.postgresql.Driver
2025-04-29T14:57:42,605 INFO   --- [main] org.hibernate.orm.connections.pooling(DriverManagerConnectionProviderImpl.java:161) : HHH10001012: Connecting with JDBC URL [jdbc:postgresql://34.245.38.121:5432/swapiffy]
2025-04-29T14:57:42,606 INFO   --- [main] org.hibernate.orm.connections.pooling(DriverManagerConnectionProviderImpl.java:170) : HHH10001001: Connection properties: {password=****, user=Kemal}
2025-04-29T14:57:42,606 INFO   --- [main] org.hibernate.orm.connections.pooling(DriverManagerConnectionProviderImpl.java:174) : HHH10001003: Autocommit mode: false
2025-04-29T14:57:42,610 INFO   --- [main] org.hibernate.orm.connections.pooling(DriverManagerConnectionProviderImpl.java:366) : HHH10001115: Connection pool size: 20 (min=1)
2025-04-29T14:57:43,472 INFO   --- [main] org.hibernate.engine.transaction.jta.platform.internal.JtaPlatformInitiator(JtaPlatformInitiator.java:51) : HHH000490: Using JtaPlatform implementation: [org.hibernate.engine.transaction.jta.platform.internal.NoJtaPlatform]
2025-04-29T14:57:44,684 INFO   --- [main] org.hibernate.orm.connections.access(DdlTransactionIsolatorNonJtaImpl.java:52) : HHH10001501: Connection obtained from JdbcConnectionAccess [org.hibernate.engine.jdbc.env.internal.JdbcEnvironmentInitiator$ConnectionProviderJdbcConnectionAccess@3746749] for (non-JTA) DDL execution was not in auto-commit mode; the Connection 'local transaction' will be committed and the Connection will be set into auto-commit mode.
2025-04-29T14:57:50,875 INFO   --- [main] com.SwapifyBe.dao.category.CategoryDaoImpl(CategoryDaoImpl.java:18) : Initializing CategoryDaoImpl
2025-04-29T14:57:52,208 INFO   --- [main] com.SwapifyBe.dao.configuration.ConfigurationDaoImpl(ConfigurationDaoImpl.java:21) : Initializing ConfigurationDaoImpl
2025-04-29T14:57:52,211 INFO   --- [main] com.SwapifyBe.service.ConfigurationService(ConfigurationService.java:23) : ConfigurationService created
2025-04-29T14:57:52,212 INFO   --- [main] com.SwapifyBe.service.ConfigurationService(ConfigurationService.java:29) : ConfigurationService findAll
2025-04-29T14:57:52,213 INFO   --- [main] com.SwapifyBe.dao.configuration.ConfigurationDaoImpl(ConfigurationDaoImpl.java:26) : Getting all configurations
2025-04-29T14:57:56,948 INFO   --- [main] com.SwapifyBe.dao.auth.AuthDaoImpl(AuthDaoImpl.java:16) : Initializing AuthDaoImpl
2025-04-29T14:57:56,949 INFO   --- [main] com.SwapifyBe.dao.advertisement.AdvertisementDaoImpl(AdvertisementDaoImpl.java:23) : Advertisement dao implementation is initializing
2025-04-29T14:57:56,950 INFO   --- [main] com.SwapifyBe.dao.favorite.FavoritesDaoImpl(FavoritesDaoImpl.java:20) : Favorites dao implementation is initializing
2025-04-29T14:57:56,951 INFO   --- [main] com.SwapifyBe.dao.offer.OfferDaoImpl(OfferDaoImpl.java:20) : Offer dao implementation is initializing
2025-04-29T14:57:56,952 INFO   --- [main] com.SwapifyBe.dao.follower.FollowerDaoImpl(FollowerDaoImpl.java:20) : Followers dao implementation is initializing
2025-04-29T14:57:56,953 INFO   --- [main] com.SwapifyBe.dao.user.UserDaoImpl(UserDaoImpl.java:21) : User dao implementation is initializing
2025-04-29T14:57:56,955 INFO   --- [main] com.SwapifyBe.dao.message.MessageDaoImpl(MessageDaoImpl.java:19) : Message dao implementation is initializing
2025-04-29T14:57:56,956 INFO   --- [main] com.SwapifyBe.dao.user.UserDaoImpl(UserChatDaoImpl.java:20) : UserChatDaoImpl  implementation is initializing
2025-04-29T14:57:56,959 INFO   --- [main] com.SwapifyBe.notification.PushMessage(PushMessage.java:54) : FirebaseApp initializing...
2025-04-29T14:57:57,289 INFO   --- [main] com.SwapifyBe.notification.PushMessage(PushMessage.java:68) : FirebaseApp initialized
2025-04-29T14:57:57,292 INFO   --- [main] com.SwapifyBe.service.NotificationService(NotificationService.java:25) : Initializing NotificationService
2025-04-29T14:57:57,293 INFO   --- [main] com.SwapifyBe.service.SmsService(SmsService.java:33) : SmsService created
2025-04-29T14:57:57,294 INFO   --- [main] com.SwapifyBe.service.CategoryService(CategoryService.java:19) : CategoryService created
2025-04-29T14:57:57,327 INFO   --- [main] com.SwapifyBe.service.UserPermissionsService(UserPermissionsService.java:23) : UserPermissionsService created
2025-04-29T14:57:57,330 INFO   --- [main] com.SwapifyBe.service.UserService(UserService.java:41) : Initializing UserService
2025-04-29T14:57:57,337 INFO   --- [main] com.SwapifyBe.service.AdvertisementService(AdvertisementService.java:64) : Initializing AdvertisementService
2025-04-29T14:57:57,340 INFO   --- [main] com.SwapifyBe.service.AuthService(AuthService.java:49) : Initializing AuthService
2025-04-29T14:57:57,343 INFO   --- [main] com.SwapifyBe.service.FavoriteService(FavoriteService.java:37) : Initializing FavoriteService
2025-04-29T14:57:57,345 INFO   --- [main] com.SwapifyBe.service.OfferService(OfferService.java:56) : Initializing OfferService
2025-04-29T14:57:57,346 INFO   --- [main] com.SwapifyBe.service.MessageResendService(MessageResendService.java:25) : MessageResendService created
2025-04-29T14:57:57,348 INFO   --- [main] com.SwapifyBe.service.AppLogService(AppLogService.java:49) : AppLogService created
2025-04-29T14:57:57,349 INFO   --- [main] com.SwapifyBe.service.VideoService(VideoService.java:19) : Video Service created
2025-04-29T14:57:57,350 INFO   --- [main] com.SwapifyBe.service.TokenService(TokenService.java:28) : Token Service created
2025-04-29T14:57:57,352 INFO   --- [main] com.SwapifyBe.service.MessageService(MessageService.java:48) : MessageService created
2025-04-29T14:57:57,353 INFO   --- [main] com.SwapifyBe.service.FollowerService(FollowerService.java:47) : FollowerService created
2025-04-29T14:57:57,353 INFO   --- [main] com.SwapifyBe.service.OfferService(SearchService.java:28) : Initializing SearchService
2025-04-29T14:57:57,357 INFO   --- [main] com.SwapifyBe.service.SubscriptionService(SubscriptionService.java:42) : SubscriptionService created
2025-04-29T14:57:57,357 INFO   --- [main] com.SwapifyBe.SwapifyBeApplication(SwapifyBeApplication.java:38) : Services started successfully
2025-04-29T14:57:58,275 INFO   --- [main] com.SwapifyBe.SwapifyBeApplication(StartupInfoLogger.java:53) : Starting SwapifyBeApplication v0.0.1-SNAPSHOT using Java 17.0.15 with PID 1 (/app/app.jar started by root in /app)
2025-04-29T14:57:58,282 INFO   --- [main] com.SwapifyBe.SwapifyBeApplication(SpringApplication.java:652) : No active profile set, falling back to 1 default profile: "default"
2025-04-29T14:58:03,495 INFO   --- [main] org.apache.coyote.http11.Http11NioProtocol(DirectJDKLog.java:173) : Initializing ProtocolHandler ["http-nio-8080"]
2025-04-29T14:58:03,499 INFO   --- [main] org.apache.catalina.core.StandardService(DirectJDKLog.java:173) : Starting service [Tomcat]
2025-04-29T14:58:03,499 INFO   --- [main] org.apache.catalina.core.StandardEngine(DirectJDKLog.java:173) : Starting Servlet engine: [Apache Tomcat/10.1.36]
2025-04-29T14:58:03,598 INFO   --- [main] org.apache.catalina.core.ContainerBase.[Tomcat].[localhost].[/](DirectJDKLog.java:173) : Initializing Spring embedded WebApplicationContext
2025-04-29T14:58:04,523 INFO   --- [main] com.zaxxer.hikari.HikariDataSource(HikariDataSource.java:109) : HikariPool-1 - Starting...
2025-04-29T14:58:05,245 INFO   --- [main] com.zaxxer.hikari.pool.HikariPool(HikariPool.java:554) : HikariPool-1 - Added connection org.postgresql.jdbc.PgConnection@2b66ac5f
2025-04-29T14:58:05,252 INFO   --- [main] com.zaxxer.hikari.HikariDataSource(HikariDataSource.java:122) : HikariPool-1 - Start completed.
2025-04-29T14:58:06,942 INFO   --- [main] com.SwapifyBe.controller.AppLogController(AppLogController.java:28) : AppLogController created
2025-04-29T14:58:06,976 INFO   --- [main] com.SwapifyBe.controller.CategoryController(CategoryController.java:26) : CategoryController created
2025-04-29T14:58:06,978 INFO   --- [main] com.SwapifyBe.controller.ConfigurationController(ConfigurationController.java:22) : ConfigurationController created
2025-04-29T14:58:07,000 INFO   --- [main] com.SwapifyBe.controller.FavoriteController(FavoriteController.java:30) : FavoriteController created
2025-04-29T14:58:07,005 INFO   --- [main] com.SwapifyBe.controller.FollowerController(FollowerController.java:20) : FollowerController created
2025-04-29T14:58:07,006 INFO   --- [main] com.SwapifyBe.service.FollowerService(FollowerService.java:47) : FollowerService created
2025-04-29T14:58:07,014 INFO   --- [main] com.SwapifyBe.controller.MessageController(MessageController.java:28) : Message Controller created
2025-04-29T14:58:07,016 INFO   --- [main] com.SwapifyBe.controller.NotificationController(NotificationController.java:22) : NotificationController created
2025-04-29T14:58:07,019 INFO   --- [main] com.SwapifyBe.controller.OfferController(OfferController.java:25) : OfferController initialized
2025-04-29T14:58:07,023 INFO   --- [main] com.SwapifyBe.controller.PaymentController(PaymentController.java:22) : Payment Controller created
2025-04-29T14:58:07,025 INFO   --- [main] com.SwapifyBe.controller.SearchController(SearchController.java:23) : SearchController created
2025-04-29T14:58:07,027 INFO   --- [main] com.SwapifyBe.controller.SubscriptionController(SubscriptionController.java:41) : SubscriptionController created
2025-04-29T14:58:07,033 INFO   --- [main] com.SwapifyBe.controller.TokenController(TokenController.java:24) : Token Controller created
2025-04-29T14:58:07,037 INFO   --- [main] com.SwapifyBe.controller.UserController(UserController.java:32) : UserController created
2025-04-29T14:58:07,042 INFO   --- [main] com.SwapifyBe.controller.VideoController(VideoController.java:22) : Video Controller created
2025-04-29T14:58:11,499 INFO   --- [main] org.apache.coyote.http11.Http11NioProtocol(DirectJDKLog.java:173) : Starting ProtocolHandler ["http-nio-8080"]
2025-04-29T14:58:11,602 INFO   --- [main] com.SwapifyBe.SwapifyBeApplication(StartupInfoLogger.java:59) : Started SwapifyBeApplication in 14.118 seconds (process running for 35.214)
2025-04-29T14:58:11,645 INFO   --- [main] com.SwapifyBe.SwapifyBeApplication(SwapifyBeApplication.java:61) : Application started event
2025-04-29T14:58:11,664 INFO   --- [main] com.SwapifyBe.SwapifyBeApplication(SwapifyBeApplication.java:51) : Application ready event
