2025-09-03T15:56:02,534 INFO   --- [main] org.hibernate.jpa.internal.util.LogHelper(LogHelper.java:31) : HHH000204: Processing PersistenceUnitInfo [name: myPersistenceUnit]
2025-09-03T15:56:02,564 INFO   --- [main] org.hibernate.Version(Version.java:44) : HHH000412: Hibernate ORM core version 6.2.7.Final
2025-09-03T15:56:02,566 INFO   --- [main] org.hibernate.cfg.Environment(Environment.java:191) : HHH000406: Using bytecode reflection optimizer
2025-09-03T15:56:02,567 WARN   --- [main] org.hibernate.orm.deprecation(EntityManagerFactoryBuilderImpl.java:690) : HHH90000021: Encountered deprecated setting [javax.persistence.jdbc.user], use [jakarta.persistence.jdbc.user] instead
2025-09-03T15:56:02,568 WARN   --- [main] org.hibernate.orm.deprecation(EntityManagerFactoryBuilderImpl.java:712) : HHH90000021: Encountered deprecated setting [javax.persistence.jdbc.password], use [jakarta.persistence.jdbc.password] instead
2025-09-03T15:56:02,568 WARN   --- [main] org.hibernate.orm.deprecation(EntityManagerFactoryBuilderImpl.java:1027) : HHH90000021: Encountered deprecated setting [javax.persistence.jdbc.url], use [jakarta.persistence.jdbc.url] instead
2025-09-03T15:56:02,568 WARN   --- [main] org.hibernate.orm.deprecation(EntityManagerFactoryBuilderImpl.java:1034) : HHH90000021: Encountered deprecated setting [javax.persistence.jdbc.driver], use [jakarta.persistence.jdbc.driver] instead
2025-09-03T15:56:02,954 INFO   --- [main] org.hibernate.bytecode.internal.BytecodeProviderInitiator(BytecodeProviderInitiator.java:53) : HHH000021: Bytecode provider name : bytebuddy
2025-09-03T15:56:03,423 WARN   --- [main] org.hibernate.orm.connections.pooling(DriverManagerConnectionProviderImpl.java:80) : HHH10001002: Using built-in connection pool (not intended for production use)
2025-09-03T15:56:03,425 INFO   --- [main] org.hibernate.orm.connections.pooling(DriverManagerConnectionProviderImpl.java:139) : HHH10001005: Loaded JDBC driver class: org.postgresql.Driver
2025-09-03T15:56:03,425 INFO   --- [main] org.hibernate.orm.connections.pooling(DriverManagerConnectionProviderImpl.java:161) : HHH10001012: Connecting with JDBC URL [jdbc:postgresql://34.245.38.121:5432/swapiffy]
2025-09-03T15:56:03,425 INFO   --- [main] org.hibernate.orm.connections.pooling(DriverManagerConnectionProviderImpl.java:170) : HHH10001001: Connection properties: {password=****, user=Kemal}
2025-09-03T15:56:03,425 INFO   --- [main] org.hibernate.orm.connections.pooling(DriverManagerConnectionProviderImpl.java:174) : HHH10001003: Autocommit mode: false
2025-09-03T15:56:03,426 INFO   --- [main] org.hibernate.orm.connections.pooling(DriverManagerConnectionProviderImpl.java:366) : HHH10001115: Connection pool size: 20 (min=1)
2025-09-03T15:56:04,102 INFO   --- [main] org.hibernate.engine.transaction.jta.platform.internal.JtaPlatformInitiator(JtaPlatformInitiator.java:51) : HHH000490: Using JtaPlatform implementation: [org.hibernate.engine.transaction.jta.platform.internal.NoJtaPlatform]
2025-09-03T15:56:04,439 INFO   --- [main] org.hibernate.orm.connections.access(DdlTransactionIsolatorNonJtaImpl.java:52) : HHH10001501: Connection obtained from JdbcConnectionAccess [org.hibernate.engine.jdbc.env.internal.JdbcEnvironmentInitiator$ConnectionProviderJdbcConnectionAccess@28261231] for (non-JTA) DDL execution was not in auto-commit mode; the Connection 'local transaction' will be committed and the Connection will be set into auto-commit mode.
2025-09-03T15:56:11,832 INFO   --- [main] com.SwapifyBe.dao.category.CategoryDaoImpl(CategoryDaoImpl.java:18) : Initializing CategoryDaoImpl
2025-09-03T15:56:13,145 INFO   --- [main] com.SwapifyBe.dao.configuration.ConfigurationDaoImpl(ConfigurationDaoImpl.java:21) : Initializing ConfigurationDaoImpl
2025-09-03T15:56:13,146 INFO   --- [main] com.SwapifyBe.service.ConfigurationService(ConfigurationService.java:23) : ConfigurationService created
2025-09-03T15:56:13,146 INFO   --- [main] com.SwapifyBe.service.ConfigurationService(ConfigurationService.java:29) : ConfigurationService findAll
2025-09-03T15:56:13,146 INFO   --- [main] com.SwapifyBe.dao.configuration.ConfigurationDaoImpl(ConfigurationDaoImpl.java:26) : Getting all configurations
2025-09-03T15:56:16,108 INFO   --- [main] com.SwapifyBe.dao.auth.AuthDaoImpl(AuthDaoImpl.java:16) : Initializing AuthDaoImpl
2025-09-03T15:56:16,116 INFO   --- [main] com.SwapifyBe.dao.advertisement.AdvertisementDaoImpl(AdvertisementDaoImpl.java:23) : Advertisement dao implementation is initializing
2025-09-03T15:56:16,118 INFO   --- [main] com.SwapifyBe.dao.favorite.FavoritesDaoImpl(FavoritesDaoImpl.java:20) : Favorites dao implementation is initializing
2025-09-03T15:56:16,119 INFO   --- [main] com.SwapifyBe.dao.offer.OfferDaoImpl(OfferDaoImpl.java:20) : Offer dao implementation is initializing
2025-09-03T15:56:16,120 INFO   --- [main] com.SwapifyBe.dao.follower.FollowerDaoImpl(FollowerDaoImpl.java:20) : Followers dao implementation is initializing
2025-09-03T15:56:16,122 INFO   --- [main] com.SwapifyBe.dao.user.UserDaoImpl(UserDaoImpl.java:21) : User dao implementation is initializing
2025-09-03T15:56:16,123 INFO   --- [main] com.SwapifyBe.dao.message.MessageDaoImpl(MessageDaoImpl.java:19) : Message dao implementation is initializing
2025-09-03T15:56:16,125 INFO   --- [main] com.SwapifyBe.dao.user.UserDaoImpl(UserChatDaoImpl.java:20) : UserChatDaoImpl  implementation is initializing
2025-09-03T15:56:16,126 INFO   --- [main] com.SwapifyBe.dao.BaseDao(BaseDao.java:25) : BaseDao initialized
2025-09-03T15:56:16,128 INFO   --- [main] com.SwapifyBe.notification.PushMessage(PushMessage.java:54) : FirebaseApp initializing...
2025-09-03T15:56:16,205 INFO   --- [main] com.SwapifyBe.notification.PushMessage(PushMessage.java:68) : FirebaseApp initialized
2025-09-03T15:56:16,206 INFO   --- [main] com.SwapifyBe.service.NotificationService(NotificationService.java:25) : Initializing NotificationService
2025-09-03T15:56:16,207 INFO   --- [main] com.SwapifyBe.service.SmsService(SmsService.java:33) : SmsService created
2025-09-03T15:56:16,207 INFO   --- [main] com.SwapifyBe.service.CategoryService(CategoryService.java:19) : CategoryService created
2025-09-03T15:56:16,214 INFO   --- [main] com.SwapifyBe.service.UserPermissionsService(UserPermissionsService.java:23) : UserPermissionsService created
2025-09-03T15:56:16,215 INFO   --- [main] com.SwapifyBe.service.UserService(UserService.java:41) : Initializing UserService
2025-09-03T15:56:16,216 INFO   --- [main] com.SwapifyBe.service.AdvertisementService(AdvertisementService.java:64) : Initializing AdvertisementService
2025-09-03T15:56:16,217 INFO   --- [main] com.SwapifyBe.service.AuthService(AuthService.java:54) : Initializing AuthService
2025-09-03T15:56:16,218 INFO   --- [main] com.SwapifyBe.service.FavoriteService(FavoriteService.java:37) : Initializing FavoriteService
2025-09-03T15:56:16,219 INFO   --- [main] com.SwapifyBe.service.OfferService(OfferService.java:56) : Initializing OfferService
2025-09-03T15:56:16,219 INFO   --- [main] com.SwapifyBe.service.MessageResendService(MessageResendService.java:25) : MessageResendService created
2025-09-03T15:56:16,219 INFO   --- [main] com.SwapifyBe.service.AppLogService(AppLogService.java:49) : AppLogService created
2025-09-03T15:56:16,220 INFO   --- [main] com.SwapifyBe.service.VideoService(VideoService.java:19) : Video Service created
2025-09-03T15:56:16,220 INFO   --- [main] com.SwapifyBe.service.TokenService(TokenService.java:28) : Token Service created
2025-09-03T15:56:16,220 INFO   --- [main] com.SwapifyBe.service.MessageService(MessageService.java:48) : MessageService created
2025-09-03T15:56:16,221 INFO   --- [main] com.SwapifyBe.service.FollowerService(FollowerService.java:48) : FollowerService created
2025-09-03T15:56:16,221 INFO   --- [main] com.SwapifyBe.service.OfferService(SearchService.java:28) : Initializing SearchService
2025-09-03T15:56:16,222 INFO   --- [main] com.SwapifyBe.service.SubscriptionService(SubscriptionService.java:42) : SubscriptionService created
2025-09-03T15:56:16,222 INFO   --- [main] com.SwapifyBe.SwapifyBeApplication(SwapifyBeApplication.java:48) : Services started successfully
2025-09-03T15:56:16,413 INFO   --- [main] com.SwapifyBe.SwapifyBeApplication(StartupInfoLogger.java:53) : Starting SwapifyBeApplication using Java 21.0.7 with PID 80210 (/Users/furkanaydin/Projeler/Backend/SwapifyBe/target/classes started by furkanaydin in /Users/furkanaydin/Projeler/Backend/SwapifyBe)
2025-09-03T15:56:16,414 INFO   --- [main] com.SwapifyBe.SwapifyBeApplication(SpringApplication.java:652) : No active profile set, falling back to 1 default profile: "default"
2025-09-03T15:56:17,264 INFO   --- [main] org.apache.coyote.http11.Http11NioProtocol(DirectJDKLog.java:173) : Initializing ProtocolHandler ["http-nio-1453"]
2025-09-03T15:56:17,265 INFO   --- [main] org.apache.catalina.core.StandardService(DirectJDKLog.java:173) : Starting service [Tomcat]
2025-09-03T15:56:17,265 INFO   --- [main] org.apache.catalina.core.StandardEngine(DirectJDKLog.java:173) : Starting Servlet engine: [Apache Tomcat/10.1.36]
2025-09-03T15:56:17,291 INFO   --- [main] org.apache.catalina.core.ContainerBase.[Tomcat].[localhost].[/](DirectJDKLog.java:173) : Initializing Spring embedded WebApplicationContext
2025-09-03T15:56:17,488 INFO   --- [main] com.SwapifyBe.controller.AppLogController(AppLogController.java:28) : AppLogController created
2025-09-03T15:56:17,495 INFO   --- [main] com.SwapifyBe.controller.CategoryController(CategoryController.java:26) : CategoryController created
2025-09-03T15:56:17,496 INFO   --- [main] com.SwapifyBe.controller.ConfigurationController(ConfigurationController.java:22) : ConfigurationController created
2025-09-03T15:56:17,498 INFO   --- [main] com.SwapifyBe.controller.FavoriteController(FavoriteController.java:30) : FavoriteController created
2025-09-03T15:56:17,504 INFO   --- [main] com.SwapifyBe.controller.FollowerController(FollowerController.java:20) : FollowerController created
2025-09-03T15:56:17,505 INFO   --- [main] com.SwapifyBe.service.FollowerService(FollowerService.java:48) : FollowerService created
2025-09-03T15:56:17,506 INFO   --- [main] com.SwapifyBe.controller.MessageController(MessageController.java:25) : Message Controller created
2025-09-03T15:56:17,506 INFO   --- [main] com.SwapifyBe.controller.NotificationController(NotificationController.java:22) : NotificationController created
2025-09-03T15:56:17,507 INFO   --- [main] com.SwapifyBe.controller.OfferController(OfferController.java:27) : OfferController initialized
2025-09-03T15:56:17,509 INFO   --- [main] com.SwapifyBe.controller.PaymentController(PaymentController.java:22) : Payment Controller created
2025-09-03T15:56:17,509 INFO   --- [main] com.SwapifyBe.controller.SearchController(SearchController.java:23) : SearchController created
2025-09-03T15:56:17,510 INFO   --- [main] com.SwapifyBe.controller.SubscriptionController(SubscriptionController.java:41) : SubscriptionController created
2025-09-03T15:56:17,511 INFO   --- [main] com.SwapifyBe.controller.TokenController(TokenController.java:24) : Token Controller created
2025-09-03T15:56:17,512 INFO   --- [main] com.SwapifyBe.controller.UserController(UserController.java:33) : UserController created
2025-09-03T15:56:17,513 INFO   --- [main] com.SwapifyBe.controller.VideoController(VideoController.java:22) : Video Controller created
2025-09-03T15:56:18,234 INFO   --- [main] org.apache.coyote.http11.Http11NioProtocol(DirectJDKLog.java:173) : Starting ProtocolHandler ["http-nio-1453"]
2025-09-03T15:56:18,250 INFO   --- [main] com.SwapifyBe.SwapifyBeApplication(StartupInfoLogger.java:59) : Started SwapifyBeApplication in 2.004 seconds (process running for 16.603)
2025-09-03T15:56:18,253 INFO   --- [main] com.SwapifyBe.SwapifyBeApplication(SwapifyBeApplication.java:71) : Application started event
2025-09-03T15:56:18,254 INFO   --- [main] com.SwapifyBe.SwapifyBeApplication(SwapifyBeApplication.java:61) : Application ready event
2025-09-03T15:56:18,792 INFO   --- [RMI TCP Connection(6)-127.0.0.1] org.apache.catalina.core.ContainerBase.[Tomcat].[localhost].[/](DirectJDKLog.java:173) : Initializing Spring DispatcherServlet 'dispatcherServlet'
2025-09-03T15:56:26,022 INFO   --- [http-nio-1453-exec-1] com.SwapifyBe.controller.CategoryController(CategoryController.java:32) : All categories retrieved
2025-09-03T15:56:26,022 INFO   --- [http-nio-1453-exec-4] com.SwapifyBe.controller.ConfigurationController(ConfigurationController.java:39) : getErrorConfig all configurations
2025-09-03T15:56:26,023 INFO   --- [http-nio-1453-exec-1] com.SwapifyBe.service.CategoryService(CategoryService.java:24) : Getting all categories
2025-09-03T15:56:26,023 INFO   --- [http-nio-1453-exec-4] com.SwapifyBe.service.ConfigurationService(ConfigurationService.java:56) : ConfigurationService getErrorConfig
2025-09-03T15:56:26,025 INFO   --- [http-nio-1453-exec-3] com.SwapifyBe.controller.ConfigurationController(ConfigurationController.java:28) : Getting all configurations
2025-09-03T15:56:26,026 INFO   --- [http-nio-1453-exec-3] com.SwapifyBe.service.ConfigurationService(ConfigurationService.java:29) : ConfigurationService findAll
2025-09-03T15:56:26,026 INFO   --- [http-nio-1453-exec-3] com.SwapifyBe.dao.configuration.ConfigurationDaoImpl(ConfigurationDaoImpl.java:26) : Getting all configurations
2025-09-03T15:56:26,195 INFO   --- [http-nio-1453-exec-4] com.SwapifyBe.filter.JwtAuthenticationFilter(JwtAuthenticationFilter.java:48) : IP : 192.168.1.102 && URI :/api/configuration/getErrorConfig Request duration: 200ms
2025-09-03T15:56:26,752 INFO   --- [http-nio-1453-exec-1] com.SwapifyBe.filter.JwtAuthenticationFilter(JwtAuthenticationFilter.java:48) : IP : 192.168.1.102 && URI :/api/category/getAllCategories Request duration: 759ms
2025-09-03T15:56:27,282 INFO   --- [http-nio-1453-exec-3] com.SwapifyBe.filter.JwtAuthenticationFilter(JwtAuthenticationFilter.java:48) : IP : 192.168.1.102 && URI :/api/configuration/getConfig Request duration: 1288ms
2025-09-03T15:56:27,296 INFO   --- [http-nio-1453-exec-5] com.SwapifyBe.service.AdvertisementService(AdvertisementService.java:245) : All advertisements retrieving...
2025-09-03T15:56:27,999 INFO   --- [http-nio-1453-exec-2] com.SwapifyBe.filter.JwtAuthenticationFilter(JwtAuthenticationFilter.java:48) : IP : 192.168.1.102 && URI :/api/email/sendEmail Request duration: 2005ms
2025-09-03T15:56:29,299 INFO   --- [http-nio-1453-exec-5] com.SwapifyBe.service.AdvertisementService(AdvertisementService.java:260) : All advertisements retrieved
2025-09-03T15:56:29,320 INFO   --- [http-nio-1453-exec-5] com.SwapifyBe.filter.JwtAuthenticationFilter(JwtAuthenticationFilter.java:48) : IP : 192.168.1.102 && URI :/api/advertisement/getAll Request duration: 2027ms
2025-09-03T15:57:11,062 INFO   --- [http-nio-1453-exec-1] com.SwapifyBe.controller.ConfigurationController(ConfigurationController.java:28) : Getting all configurations
2025-09-03T15:57:11,065 INFO   --- [http-nio-1453-exec-1] com.SwapifyBe.service.ConfigurationService(ConfigurationService.java:29) : ConfigurationService findAll
2025-09-03T15:57:11,062 INFO   --- [http-nio-1453-exec-4] com.SwapifyBe.controller.CategoryController(CategoryController.java:32) : All categories retrieved
2025-09-03T15:57:11,065 INFO   --- [http-nio-1453-exec-1] com.SwapifyBe.dao.configuration.ConfigurationDaoImpl(ConfigurationDaoImpl.java:26) : Getting all configurations
2025-09-03T15:57:11,062 INFO   --- [http-nio-1453-exec-3] com.SwapifyBe.controller.ConfigurationController(ConfigurationController.java:39) : getErrorConfig all configurations
2025-09-03T15:57:11,065 INFO   --- [http-nio-1453-exec-3] com.SwapifyBe.service.ConfigurationService(ConfigurationService.java:56) : ConfigurationService getErrorConfig
2025-09-03T15:57:11,065 INFO   --- [http-nio-1453-exec-4] com.SwapifyBe.service.CategoryService(CategoryService.java:24) : Getting all categories
2025-09-03T15:57:11,272 INFO   --- [http-nio-1453-exec-3] com.SwapifyBe.filter.JwtAuthenticationFilter(JwtAuthenticationFilter.java:48) : IP : 192.168.1.102 && URI :/api/configuration/getErrorConfig Request duration: 220ms
2025-09-03T15:57:11,279 INFO   --- [http-nio-1453-exec-4] com.SwapifyBe.filter.JwtAuthenticationFilter(JwtAuthenticationFilter.java:48) : IP : 192.168.1.102 && URI :/api/category/getAllCategories Request duration: 225ms
2025-09-03T15:57:11,294 INFO   --- [http-nio-1453-exec-1] com.SwapifyBe.filter.JwtAuthenticationFilter(JwtAuthenticationFilter.java:48) : IP : 192.168.1.102 && URI :/api/configuration/getConfig Request duration: 245ms
2025-09-03T15:57:11,350 INFO   --- [http-nio-1453-exec-2] com.SwapifyBe.service.AdvertisementService(AdvertisementService.java:245) : All advertisements retrieving...
2025-09-03T15:57:13,295 INFO   --- [http-nio-1453-exec-2] com.SwapifyBe.service.AdvertisementService(AdvertisementService.java:260) : All advertisements retrieved
2025-09-03T15:57:13,300 INFO   --- [http-nio-1453-exec-2] com.SwapifyBe.filter.JwtAuthenticationFilter(JwtAuthenticationFilter.java:48) : IP : 192.168.1.102 && URI :/api/advertisement/getAll Request duration: 1953ms
2025-09-03T15:57:14,211 INFO   --- [http-nio-1453-exec-10] com.SwapifyBe.filter.JwtAuthenticationFilter(JwtAuthenticationFilter.java:48) : IP : 192.168.1.102 && URI :/api/email/sendEmail Request duration: 3163ms
2025-09-03T15:59:56,192 INFO   --- [hz.gallant_hugle.HealthMonitor] com.hazelcast.internal.diagnostics.HealthMonitor(StandardLoggerFactory.java:56) : [192.168.1.102]:5701 [dev] [5.3.7] processors=8, physical.memory.total=16,0G, physical.memory.free=237,9M, swap.space.total=0, swap.space.free=0, heap.memory.used=87,3M, heap.memory.free=72,7M, heap.memory.total=160,0M, heap.memory.max=4,0G, heap.memory.used/total=54,57%, heap.memory.used/max=2,13%, minor.gc.count=22, minor.gc.time=71ms, major.gc.count=0, major.gc.time=0ms, unknown.gc.count=12, unknown.gc.time=16ms, load.process=0,00%, load.system=89,01%, load.systemAverage=9,31, thread.count=84, thread.peakCount=91, cluster.timeDiff=0, event.q.size=0, executor.q.async.size=0, executor.q.client.size=0, executor.q.client.query.size=0, executor.q.client.blocking.size=0, executor.q.query.size=0, executor.q.scheduled.size=0, executor.q.io.size=0, executor.q.system.size=0, executor.q.operations.size=0, executor.q.priorityOperation.size=0, operations.completed.count=1, executor.q.mapLoad.size=0, executor.q.mapLoadAllKeys.size=0, executor.q.cluster.size=0, executor.q.response.size=0, operations.running.count=0, operations.pending.invocations.percentage=0,00%, operations.pending.invocations.count=0, proxy.count=0, clientEndpoint.count=0, connection.active.count=0, client.connection.count=0, connection.count=0
2025-09-03T16:00:36,206 INFO   --- [hz.gallant_hugle.HealthMonitor] com.hazelcast.internal.diagnostics.HealthMonitor(StandardLoggerFactory.java:56) : [192.168.1.102]:5701 [dev] [5.3.7] processors=8, physical.memory.total=16,0G, physical.memory.free=667,4M, swap.space.total=0, swap.space.free=0, heap.memory.used=89,3M, heap.memory.free=70,7M, heap.memory.total=160,0M, heap.memory.max=4,0G, heap.memory.used/total=55,84%, heap.memory.used/max=2,18%, minor.gc.count=22, minor.gc.time=71ms, major.gc.count=0, major.gc.time=0ms, unknown.gc.count=12, unknown.gc.time=16ms, load.process=0,00%, load.system=100,00%, load.systemAverage=9,20, thread.count=85, thread.peakCount=91, cluster.timeDiff=0, event.q.size=0, executor.q.async.size=0, executor.q.client.size=0, executor.q.client.query.size=0, executor.q.client.blocking.size=0, executor.q.query.size=0, executor.q.scheduled.size=0, executor.q.io.size=0, executor.q.system.size=0, executor.q.operations.size=0, executor.q.priorityOperation.size=0, operations.completed.count=1, executor.q.mapLoad.size=0, executor.q.mapLoadAllKeys.size=0, executor.q.cluster.size=0, executor.q.response.size=0, operations.running.count=0, operations.pending.invocations.percentage=0,00%, operations.pending.invocations.count=0, proxy.count=0, clientEndpoint.count=0, connection.active.count=0, client.connection.count=0, connection.count=0
2025-09-03T16:00:56,210 INFO   --- [hz.gallant_hugle.HealthMonitor] com.hazelcast.internal.diagnostics.HealthMonitor(StandardLoggerFactory.java:56) : [192.168.1.102]:5701 [dev] [5.3.7] processors=8, physical.memory.total=16,0G, physical.memory.free=233,8M, swap.space.total=0, swap.space.free=0, heap.memory.used=90,4M, heap.memory.free=69,5M, heap.memory.total=160,0M, heap.memory.max=4,0G, heap.memory.used/total=56,53%, heap.memory.used/max=2,21%, minor.gc.count=22, minor.gc.time=71ms, major.gc.count=0, major.gc.time=0ms, unknown.gc.count=12, unknown.gc.time=16ms, load.process=0,00%, load.system=100,00%, load.systemAverage=11,55, thread.count=85, thread.peakCount=91, cluster.timeDiff=0, event.q.size=0, executor.q.async.size=0, executor.q.client.size=0, executor.q.client.query.size=0, executor.q.client.blocking.size=0, executor.q.query.size=0, executor.q.scheduled.size=0, executor.q.io.size=0, executor.q.system.size=0, executor.q.operations.size=0, executor.q.priorityOperation.size=0, operations.completed.count=1, executor.q.mapLoad.size=0, executor.q.mapLoadAllKeys.size=0, executor.q.cluster.size=0, executor.q.response.size=0, operations.running.count=0, operations.pending.invocations.percentage=0,00%, operations.pending.invocations.count=0, proxy.count=0, clientEndpoint.count=0, connection.active.count=0, client.connection.count=0, connection.count=0
2025-09-03T16:01:36,222 INFO   --- [hz.gallant_hugle.HealthMonitor] com.hazelcast.internal.diagnostics.HealthMonitor(StandardLoggerFactory.java:56) : [192.168.1.102]:5701 [dev] [5.3.7] processors=8, physical.memory.total=16,0G, physical.memory.free=345,9M, swap.space.total=0, swap.space.free=0, heap.memory.used=93,1M, heap.memory.free=66,9M, heap.memory.total=160,0M, heap.memory.max=4,0G, heap.memory.used/total=58,20%, heap.memory.used/max=2,27%, minor.gc.count=22, minor.gc.time=71ms, major.gc.count=0, major.gc.time=0ms, unknown.gc.count=12, unknown.gc.time=16ms, load.process=0,00%, load.system=79,79%, load.systemAverage=11,86, thread.count=84, thread.peakCount=91, cluster.timeDiff=0, event.q.size=0, executor.q.async.size=0, executor.q.client.size=0, executor.q.client.query.size=0, executor.q.client.blocking.size=0, executor.q.query.size=0, executor.q.scheduled.size=0, executor.q.io.size=0, executor.q.system.size=0, executor.q.operations.size=0, executor.q.priorityOperation.size=0, operations.completed.count=1, executor.q.mapLoad.size=0, executor.q.mapLoadAllKeys.size=0, executor.q.cluster.size=0, executor.q.response.size=0, operations.running.count=0, operations.pending.invocations.percentage=0,00%, operations.pending.invocations.count=0, proxy.count=0, clientEndpoint.count=0, connection.active.count=0, client.connection.count=0, connection.count=0
