2025-09-12T03:05:43,327 INFO   --- [main] org.hibernate.jpa.internal.util.LogHelper(LogHelper.java:31) : HHH000204: Processing PersistenceUnitInfo [name: myPersistenceUnit]
2025-09-12T03:05:43,360 INFO   --- [main] org.hibernate.Version(Version.java:44) : HHH000412: Hibernate ORM core version 6.2.7.Final
2025-09-12T03:05:43,362 INFO   --- [main] org.hibernate.cfg.Environment(Environment.java:191) : HHH000406: Using bytecode reflection optimizer
2025-09-12T03:05:43,363 WARN   --- [main] org.hibernate.orm.deprecation(EntityManagerFactoryBuilderImpl.java:690) : HHH90000021: Encountered deprecated setting [javax.persistence.jdbc.user], use [jakarta.persistence.jdbc.user] instead
2025-09-12T03:05:43,364 WARN   --- [main] org.hibernate.orm.deprecation(EntityManagerFactoryBuilderImpl.java:712) : HHH90000021: Encountered deprecated setting [javax.persistence.jdbc.password], use [jakarta.persistence.jdbc.password] instead
2025-09-12T03:05:43,364 WARN   --- [main] org.hibernate.orm.deprecation(EntityManagerFactoryBuilderImpl.java:1027) : HHH90000021: Encountered deprecated setting [javax.persistence.jdbc.url], use [jakarta.persistence.jdbc.url] instead
2025-09-12T03:05:43,364 WARN   --- [main] org.hibernate.orm.deprecation(EntityManagerFactoryBuilderImpl.java:1034) : HHH90000021: Encountered deprecated setting [javax.persistence.jdbc.driver], use [jakarta.persistence.jdbc.driver] instead
2025-09-12T03:05:43,765 INFO   --- [main] org.hibernate.bytecode.internal.BytecodeProviderInitiator(BytecodeProviderInitiator.java:53) : HHH000021: Bytecode provider name : bytebuddy
2025-09-12T03:05:44,205 WARN   --- [main] org.hibernate.orm.connections.pooling(DriverManagerConnectionProviderImpl.java:80) : HHH10001002: Using built-in connection pool (not intended for production use)
2025-09-12T03:05:44,208 INFO   --- [main] org.hibernate.orm.connections.pooling(DriverManagerConnectionProviderImpl.java:139) : HHH10001005: Loaded JDBC driver class: org.postgresql.Driver
2025-09-12T03:05:44,208 INFO   --- [main] org.hibernate.orm.connections.pooling(DriverManagerConnectionProviderImpl.java:161) : HHH10001012: Connecting with JDBC URL [jdbc:postgresql://34.245.38.121:5432/swapiffy]
2025-09-12T03:05:44,208 INFO   --- [main] org.hibernate.orm.connections.pooling(DriverManagerConnectionProviderImpl.java:170) : HHH10001001: Connection properties: {password=****, user=Kemal}
2025-09-12T03:05:44,208 INFO   --- [main] org.hibernate.orm.connections.pooling(DriverManagerConnectionProviderImpl.java:174) : HHH10001003: Autocommit mode: false
2025-09-12T03:05:44,209 INFO   --- [main] org.hibernate.orm.connections.pooling(DriverManagerConnectionProviderImpl.java:366) : HHH10001115: Connection pool size: 20 (min=1)
2025-09-12T03:05:45,134 INFO   --- [main] org.hibernate.engine.transaction.jta.platform.internal.JtaPlatformInitiator(JtaPlatformInitiator.java:51) : HHH000490: Using JtaPlatform implementation: [org.hibernate.engine.transaction.jta.platform.internal.NoJtaPlatform]
2025-09-12T03:05:45,470 INFO   --- [main] org.hibernate.orm.connections.access(DdlTransactionIsolatorNonJtaImpl.java:52) : HHH10001501: Connection obtained from JdbcConnectionAccess [org.hibernate.engine.jdbc.env.internal.JdbcEnvironmentInitiator$ConnectionProviderJdbcConnectionAccess@5c26ab0a] for (non-JTA) DDL execution was not in auto-commit mode; the Connection 'local transaction' will be committed and the Connection will be set into auto-commit mode.
2025-09-12T03:05:54,852 INFO   --- [main] com.SwapifyBe.dao.category.CategoryDaoImpl(CategoryDaoImpl.java:18) : Initializing CategoryDaoImpl
2025-09-12T03:05:56,529 INFO   --- [main] com.SwapifyBe.dao.configuration.ConfigurationDaoImpl(ConfigurationDaoImpl.java:21) : Initializing ConfigurationDaoImpl
2025-09-12T03:05:56,531 INFO   --- [main] com.SwapifyBe.service.ConfigurationService(ConfigurationService.java:23) : ConfigurationService created
2025-09-12T03:05:56,531 INFO   --- [main] com.SwapifyBe.service.ConfigurationService(ConfigurationService.java:29) : ConfigurationService findAll
2025-09-12T03:05:56,532 INFO   --- [main] com.SwapifyBe.dao.configuration.ConfigurationDaoImpl(ConfigurationDaoImpl.java:26) : Getting all configurations
2025-09-12T03:05:59,612 INFO   --- [main] com.SwapifyBe.dao.auth.AuthDaoImpl(AuthDaoImpl.java:16) : Initializing AuthDaoImpl
2025-09-12T03:05:59,614 INFO   --- [main] com.SwapifyBe.dao.advertisement.AdvertisementDaoImpl(AdvertisementDaoImpl.java:23) : Advertisement dao implementation is initializing
2025-09-12T03:05:59,615 INFO   --- [main] com.SwapifyBe.dao.favorite.FavoritesDaoImpl(FavoritesDaoImpl.java:20) : Favorites dao implementation is initializing
2025-09-12T03:05:59,616 INFO   --- [main] com.SwapifyBe.dao.offer.OfferDaoImpl(OfferDaoImpl.java:20) : Offer dao implementation is initializing
2025-09-12T03:05:59,617 INFO   --- [main] com.SwapifyBe.dao.follower.FollowerDaoImpl(FollowerDaoImpl.java:20) : Followers dao implementation is initializing
2025-09-12T03:05:59,620 INFO   --- [main] com.SwapifyBe.dao.user.UserDaoImpl(UserDaoImpl.java:21) : User dao implementation is initializing
2025-09-12T03:05:59,621 INFO   --- [main] com.SwapifyBe.dao.message.MessageDaoImpl(MessageDaoImpl.java:19) : Message dao implementation is initializing
2025-09-12T03:05:59,622 INFO   --- [main] com.SwapifyBe.dao.user.UserDaoImpl(UserChatDaoImpl.java:20) : UserChatDaoImpl  implementation is initializing
2025-09-12T03:05:59,623 INFO   --- [main] com.SwapifyBe.dao.BaseDao(BaseDao.java:25) : BaseDao initialized
2025-09-12T03:05:59,625 INFO   --- [main] com.SwapifyBe.notification.PushMessage(PushMessage.java:54) : FirebaseApp initializing...
2025-09-12T03:05:59,705 INFO   --- [main] com.SwapifyBe.notification.PushMessage(PushMessage.java:68) : FirebaseApp initialized
2025-09-12T03:05:59,706 INFO   --- [main] com.SwapifyBe.service.NotificationService(NotificationService.java:25) : Initializing NotificationService
2025-09-12T03:05:59,706 INFO   --- [main] com.SwapifyBe.service.SmsService(SmsService.java:33) : SmsService created
2025-09-12T03:05:59,707 INFO   --- [main] com.SwapifyBe.service.CategoryService(CategoryService.java:19) : CategoryService created
2025-09-12T03:05:59,708 INFO   --- [main] com.SwapifyBe.service.UserPermissionsService(UserPermissionsService.java:23) : UserPermissionsService created
2025-09-12T03:05:59,709 INFO   --- [main] com.SwapifyBe.service.UserService(UserService.java:41) : Initializing UserService
2025-09-12T03:05:59,711 INFO   --- [main] com.SwapifyBe.service.AdvertisementService(AdvertisementService.java:64) : Initializing AdvertisementService
2025-09-12T03:05:59,713 INFO   --- [main] com.SwapifyBe.service.AuthService(AuthService.java:54) : Initializing AuthService
2025-09-12T03:05:59,715 INFO   --- [main] com.SwapifyBe.service.FavoriteService(FavoriteService.java:37) : Initializing FavoriteService
2025-09-12T03:05:59,717 INFO   --- [main] com.SwapifyBe.service.OfferService(OfferService.java:56) : Initializing OfferService
2025-09-12T03:05:59,721 INFO   --- [main] com.SwapifyBe.service.MessageResendService(MessageResendService.java:25) : MessageResendService created
2025-09-12T03:05:59,723 INFO   --- [main] com.SwapifyBe.service.AppLogService(AppLogService.java:49) : AppLogService created
2025-09-12T03:05:59,724 INFO   --- [main] com.SwapifyBe.service.VideoService(VideoService.java:19) : Video Service created
2025-09-12T03:05:59,725 INFO   --- [main] com.SwapifyBe.service.TokenService(TokenService.java:28) : Token Service created
2025-09-12T03:05:59,726 INFO   --- [main] com.SwapifyBe.service.MessageService(MessageService.java:48) : MessageService created
2025-09-12T03:05:59,727 INFO   --- [main] com.SwapifyBe.service.FollowerService(FollowerService.java:48) : FollowerService created
2025-09-12T03:05:59,730 INFO   --- [main] com.SwapifyBe.service.OfferService(SearchService.java:28) : Initializing SearchService
2025-09-12T03:05:59,733 INFO   --- [main] com.SwapifyBe.service.SubscriptionService(SubscriptionService.java:42) : SubscriptionService created
2025-09-12T03:05:59,733 INFO   --- [main] com.SwapifyBe.SwapifyBeApplication(SwapifyBeApplication.java:48) : Services started successfully
2025-09-12T03:06:00,164 INFO   --- [main] com.SwapifyBe.SwapifyBeApplication(StartupInfoLogger.java:53) : Starting SwapifyBeApplication using Java 21.0.8 with PID 44966 (/Users/furkanaydin/Projeler/Backend/SwapifyBe/target/classes started by furkanaydin in /Users/furkanaydin/Projeler/Backend/SwapifyBe)
2025-09-12T03:06:00,166 INFO   --- [main] com.SwapifyBe.SwapifyBeApplication(SpringApplication.java:652) : No active profile set, falling back to 1 default profile: "default"
2025-09-12T03:06:01,212 INFO   --- [main] org.apache.coyote.http11.Http11NioProtocol(DirectJDKLog.java:173) : Initializing ProtocolHandler ["http-nio-8080"]
2025-09-12T03:06:01,213 INFO   --- [main] org.apache.catalina.core.StandardService(DirectJDKLog.java:173) : Starting service [Tomcat]
2025-09-12T03:06:01,213 INFO   --- [main] org.apache.catalina.core.StandardEngine(DirectJDKLog.java:173) : Starting Servlet engine: [Apache Tomcat/10.1.36]
2025-09-12T03:06:01,248 INFO   --- [main] org.apache.catalina.core.ContainerBase.[Tomcat].[localhost].[/](DirectJDKLog.java:173) : Initializing Spring embedded WebApplicationContext
2025-09-12T03:06:01,462 INFO   --- [main] com.SwapifyBe.controller.AppLogController(AppLogController.java:28) : AppLogController created
2025-09-12T03:06:01,468 INFO   --- [main] com.SwapifyBe.controller.CategoryController(CategoryController.java:26) : CategoryController created
2025-09-12T03:06:01,469 INFO   --- [main] com.SwapifyBe.controller.ConfigurationController(ConfigurationController.java:22) : ConfigurationController created
2025-09-12T03:06:01,493 INFO   --- [main] com.SwapifyBe.controller.FavoriteController(FavoriteController.java:30) : FavoriteController created
2025-09-12T03:06:01,494 INFO   --- [main] com.SwapifyBe.controller.FollowerController(FollowerController.java:20) : FollowerController created
2025-09-12T03:06:01,494 INFO   --- [main] com.SwapifyBe.service.FollowerService(FollowerService.java:48) : FollowerService created
2025-09-12T03:06:01,495 INFO   --- [main] com.SwapifyBe.controller.MessageController(MessageController.java:25) : Message Controller created
2025-09-12T03:06:01,496 INFO   --- [main] com.SwapifyBe.controller.NotificationController(NotificationController.java:22) : NotificationController created
2025-09-12T03:06:01,497 INFO   --- [main] com.SwapifyBe.controller.OfferController(OfferController.java:27) : OfferController initialized
2025-09-12T03:06:01,497 INFO   --- [main] com.SwapifyBe.controller.PaymentController(PaymentController.java:22) : Payment Controller created
2025-09-12T03:06:01,498 INFO   --- [main] com.SwapifyBe.controller.SearchController(SearchController.java:23) : SearchController created
2025-09-12T03:06:01,498 INFO   --- [main] com.SwapifyBe.controller.SubscriptionController(SubscriptionController.java:41) : SubscriptionController created
2025-09-12T03:06:01,499 INFO   --- [main] com.SwapifyBe.controller.TokenController(TokenController.java:24) : Token Controller created
2025-09-12T03:06:01,500 INFO   --- [main] com.SwapifyBe.controller.UserController(UserController.java:33) : UserController created
2025-09-12T03:06:01,500 INFO   --- [main] com.SwapifyBe.controller.VideoController(VideoController.java:22) : Video Controller created
2025-09-12T03:06:02,591 INFO   --- [main] org.apache.coyote.http11.Http11NioProtocol(DirectJDKLog.java:173) : Starting ProtocolHandler ["http-nio-8080"]
2025-09-12T03:06:02,610 INFO   --- [main] com.SwapifyBe.SwapifyBeApplication(StartupInfoLogger.java:59) : Started SwapifyBeApplication in 2.825 seconds (process running for 20.26)
2025-09-12T03:06:02,614 INFO   --- [main] com.SwapifyBe.SwapifyBeApplication(SwapifyBeApplication.java:71) : Application started event
2025-09-12T03:06:02,616 INFO   --- [main] com.SwapifyBe.SwapifyBeApplication(SwapifyBeApplication.java:61) : Application ready event
2025-09-12T03:06:03,238 INFO   --- [RMI TCP Connection(7)-127.0.0.1] org.apache.catalina.core.ContainerBase.[Tomcat].[localhost].[/](DirectJDKLog.java:173) : Initializing Spring DispatcherServlet 'dispatcherServlet'
2025-09-12T03:06:05,795 INFO   --- [http-nio-8080-exec-1] com.SwapifyBe.controller.ConfigurationController(ConfigurationController.java:39) : getErrorConfig all configurations
2025-09-12T03:06:05,795 INFO   --- [http-nio-8080-exec-2] com.SwapifyBe.controller.CategoryController(CategoryController.java:32) : All categories retrieved
2025-09-12T03:06:05,796 INFO   --- [http-nio-8080-exec-1] com.SwapifyBe.service.ConfigurationService(ConfigurationService.java:56) : ConfigurationService getErrorConfig
2025-09-12T03:06:05,796 INFO   --- [http-nio-8080-exec-2] com.SwapifyBe.service.CategoryService(CategoryService.java:24) : Getting all categories
2025-09-12T03:06:05,797 INFO   --- [http-nio-8080-exec-3] com.SwapifyBe.controller.ConfigurationController(ConfigurationController.java:28) : Getting all configurations
2025-09-12T03:06:05,797 INFO   --- [http-nio-8080-exec-3] com.SwapifyBe.service.ConfigurationService(ConfigurationService.java:29) : ConfigurationService findAll
2025-09-12T03:06:05,797 INFO   --- [http-nio-8080-exec-3] com.SwapifyBe.dao.configuration.ConfigurationDaoImpl(ConfigurationDaoImpl.java:26) : Getting all configurations
2025-09-12T03:06:06,004 INFO   --- [http-nio-8080-exec-3] com.SwapifyBe.filter.JwtAuthenticationFilter(JwtAuthenticationFilter.java:48) : IP : 0:0:0:0:0:0:0:1 && URI :/api/configuration/getConfig Request duration: 225ms
2025-09-12T03:06:06,722 INFO   --- [http-nio-8080-exec-2] com.SwapifyBe.filter.JwtAuthenticationFilter(JwtAuthenticationFilter.java:48) : IP : 0:0:0:0:0:0:0:1 && URI :/api/category/getAllCategories Request duration: 946ms
2025-09-12T03:06:07,460 INFO   --- [http-nio-8080-exec-1] com.SwapifyBe.filter.JwtAuthenticationFilter(JwtAuthenticationFilter.java:48) : IP : 0:0:0:0:0:0:0:1 && URI :/api/configuration/getErrorConfig Request duration: 1683ms
2025-09-12T03:06:07,492 INFO   --- [http-nio-8080-exec-4] com.SwapifyBe.service.AdvertisementService(AdvertisementService.java:245) : All advertisements retrieving...
2025-09-12T03:06:07,514 INFO   --- [http-nio-8080-exec-7] com.SwapifyBe.service.AdvertisementService(AdvertisementService.java:245) : All advertisements retrieving...
2025-09-12T03:06:07,528 INFO   --- [http-nio-8080-exec-8] com.SwapifyBe.controller.NotificationController(NotificationController.java:28) : Getting notifications
2025-09-12T03:06:07,530 INFO   --- [http-nio-8080-exec-5] com.SwapifyBe.cache.Hazelcast(Hazelcast.java:59) : Getting FCM token from Hazelcast for ID: 3db865c2-80cf-484b-9a4b-d200753e2bc0
2025-09-12T03:06:07,530 INFO   --- [http-nio-8080-exec-9] com.SwapifyBe.service.OfferService(OfferService.java:216) : Fetching sent offers for user: 3db865c2-80cf-484b-9a4b-d200753e2bc0
2025-09-12T03:06:07,530 INFO   --- [http-nio-8080-exec-9] com.SwapifyBe.dao.offer.OfferDaoImpl(OfferDaoImpl.java:68) : Getting offers from the database
2025-09-12T03:06:07,552 INFO   --- [http-nio-8080-exec-5] com.hazelcast.internal.partition.impl.PartitionStateManager(StandardLoggerFactory.java:56) : [192.168.1.102]:5701 [dev] [5.3.7] Initializing cluster partition table arrangement...
2025-09-12T03:06:07,813 INFO   --- [http-nio-8080-exec-6] com.SwapifyBe.filter.JwtAuthenticationFilter(JwtAuthenticationFilter.java:48) : IP : 0:0:0:0:0:0:0:1 && URI :/api/message/getChatUsers Request duration: 305ms
2025-09-12T03:06:07,819 INFO   --- [http-nio-8080-exec-10] com.SwapifyBe.service.OfferService(OfferService.java:219) : Fetching received offers for user: 3db865c2-80cf-484b-9a4b-d200753e2bc0
2025-09-12T03:06:07,819 INFO   --- [http-nio-8080-exec-10] com.SwapifyBe.dao.offer.OfferDaoImpl(OfferDaoImpl.java:87) : Getting offers from the database
2025-09-12T03:06:07,908 INFO   --- [http-nio-8080-exec-10] com.SwapifyBe.dao.offer.OfferDaoImpl(OfferDaoImpl.java:93) : Offers retrieved from the database
2025-09-12T03:06:08,000 WARN   --- [http-nio-8080-exec-10] com.SwapifyBe.service.OfferService(OfferService.java:193) : No offers found for user: 3db865c2-80cf-484b-9a4b-d200753e2bc0
2025-09-12T03:06:08,000 INFO   --- [http-nio-8080-exec-10] com.SwapifyBe.service.OfferService(OfferService.java:200) : Offers successfully retrieved for user: 3db865c2-80cf-484b-9a4b-d200753e2bc0
2025-09-12T03:06:08,004 INFO   --- [http-nio-8080-exec-10] com.SwapifyBe.filter.JwtAuthenticationFilter(JwtAuthenticationFilter.java:48) : IP : 0:0:0:0:0:0:0:1 && URI :/api/offer/getOffers Request duration: 186ms
2025-09-12T03:06:08,014 INFO   --- [http-nio-8080-exec-3] com.SwapifyBe.service.AdvertisementService(AdvertisementService.java:208) : getAllAdvertisementUserId retrieving...
2025-09-12T03:06:08,425 INFO   --- [http-nio-8080-exec-8] com.SwapifyBe.filter.JwtAuthenticationFilter(JwtAuthenticationFilter.java:48) : IP : 0:0:0:0:0:0:0:1 && URI :/api/notification/getNotifications Request duration: 913ms
2025-09-12T03:06:08,441 INFO   --- [http-nio-8080-exec-3] com.SwapifyBe.filter.JwtAuthenticationFilter(JwtAuthenticationFilter.java:48) : IP : 0:0:0:0:0:0:0:1 && URI :/api/advertisement/get Request duration: 429ms
2025-09-12T03:06:08,890 INFO   --- [http-nio-8080-exec-1] com.SwapifyBe.filter.JwtAuthenticationFilter(JwtAuthenticationFilter.java:48) : IP : 0:0:0:0:0:0:0:1 && URI :/api/follower/getFollower Request duration: 442ms
2025-09-12T03:06:09,186 INFO   --- [http-nio-8080-exec-5] com.SwapifyBe.filter.JwtAuthenticationFilter(JwtAuthenticationFilter.java:48) : IP : 0:0:0:0:0:0:0:1 && URI :/api/token/alreadyExistsHazelcastFcmToken Request duration: 1677ms
2025-09-12T03:06:09,288 INFO   --- [http-nio-8080-exec-6] com.SwapifyBe.filter.JwtAuthenticationFilter(JwtAuthenticationFilter.java:48) : IP : 0:0:0:0:0:0:0:1 && URI :/api/follower/getFollowing Request duration: 388ms
2025-09-12T03:06:09,381 INFO   --- [http-nio-8080-exec-7] com.SwapifyBe.service.AdvertisementService(AdvertisementService.java:260) : All advertisements retrieved
2025-09-12T03:06:09,382 INFO   --- [http-nio-8080-exec-5] com.SwapifyBe.filter.JwtAuthenticationFilter(JwtAuthenticationFilter.java:48) : IP : 0:0:0:0:0:0:0:1 && URI :/api/token/getFcmToken Request duration: 189ms
2025-09-12T03:06:09,385 INFO   --- [http-nio-8080-exec-4] com.SwapifyBe.service.AdvertisementService(AdvertisementService.java:260) : All advertisements retrieved
2025-09-12T03:06:09,391 INFO   --- [http-nio-8080-exec-4] com.SwapifyBe.filter.JwtAuthenticationFilter(JwtAuthenticationFilter.java:48) : IP : 0:0:0:0:0:0:0:1 && URI :/api/advertisement/getAll Request duration: 1906ms
2025-09-12T03:06:09,391 INFO   --- [http-nio-8080-exec-7] com.SwapifyBe.filter.JwtAuthenticationFilter(JwtAuthenticationFilter.java:48) : IP : 0:0:0:0:0:0:0:1 && URI :/api/advertisement/getAll Request duration: 1878ms
2025-09-12T03:06:09,575 INFO   --- [http-nio-8080-exec-10] com.SwapifyBe.cache.Hazelcast(Hazelcast.java:50) : Saving FCM token to Hazelcast: 3db865c2-80cf-484b-9a4b-d200753e2bc0 - cMwcFhP8GUh0teiyXmcte-:APA91bFBPn7w9_-FiKJ_PpFiEaijyOr59UvFQLP5UFFFnQ8sXuzL2W9PscuFdjFktTbN6VRgk0RAr6LHsiwCLFIelVYg911dzD3pHMAlT8iZR5H5PGwpwzg
2025-09-12T03:06:09,579 INFO   --- [http-nio-8080-exec-10] com.SwapifyBe.cache.Hazelcast(Hazelcast.java:53) : FCM token saved to Hazelcast: 3db865c2-80cf-484b-9a4b-d200753e2bc0 - cMwcFhP8GUh0teiyXmcte-:APA91bFBPn7w9_-FiKJ_PpFiEaijyOr59UvFQLP5UFFFnQ8sXuzL2W9PscuFdjFktTbN6VRgk0RAr6LHsiwCLFIelVYg911dzD3pHMAlT8iZR5H5PGwpwzg
2025-09-12T03:06:09,580 INFO   --- [http-nio-8080-exec-10] com.SwapifyBe.filter.JwtAuthenticationFilter(JwtAuthenticationFilter.java:48) : IP : 0:0:0:0:0:0:0:1 && URI :/api/token/updateFcmToken Request duration: 184ms
2025-09-12T03:06:09,636 INFO   --- [http-nio-8080-exec-8] com.SwapifyBe.service.AdvertisementService(AdvertisementService.java:245) : All advertisements retrieving...
2025-09-12T03:06:09,949 INFO   --- [http-nio-8080-exec-9] com.SwapifyBe.dao.offer.OfferDaoImpl(OfferDaoImpl.java:74) : Offers retrieved from the database
2025-09-12T03:06:10,036 INFO   --- [http-nio-8080-exec-9] com.SwapifyBe.service.OfferService(OfferService.java:200) : Offers successfully retrieved for user: 3db865c2-80cf-484b-9a4b-d200753e2bc0
2025-09-12T03:06:10,052 INFO   --- [http-nio-8080-exec-9] com.SwapifyBe.filter.JwtAuthenticationFilter(JwtAuthenticationFilter.java:48) : IP : 0:0:0:0:0:0:0:1 && URI :/api/offer/getOffers Request duration: 2534ms
2025-09-12T03:06:11,238 INFO   --- [http-nio-8080-exec-2] com.SwapifyBe.filter.JwtAuthenticationFilter(JwtAuthenticationFilter.java:48) : IP : 0:0:0:0:0:0:0:1 && URI :/api/favorite/getAllFavorite Request duration: 2798ms
2025-09-12T03:06:11,530 INFO   --- [http-nio-8080-exec-8] com.SwapifyBe.service.AdvertisementService(AdvertisementService.java:260) : All advertisements retrieved
2025-09-12T03:06:11,536 INFO   --- [http-nio-8080-exec-8] com.SwapifyBe.filter.JwtAuthenticationFilter(JwtAuthenticationFilter.java:48) : IP : 0:0:0:0:0:0:0:1 && URI :/api/advertisement/getAll Request duration: 1904ms
2025-09-12T03:06:25,281 INFO   --- [http-nio-8080-exec-9] com.SwapifyBe.controller.ConfigurationController(ConfigurationController.java:39) : getErrorConfig all configurations
2025-09-12T03:06:25,281 INFO   --- [http-nio-8080-exec-10] com.SwapifyBe.controller.ConfigurationController(ConfigurationController.java:28) : Getting all configurations
2025-09-12T03:06:25,281 INFO   --- [http-nio-8080-exec-2] com.SwapifyBe.controller.CategoryController(CategoryController.java:32) : All categories retrieved
2025-09-12T03:06:25,282 INFO   --- [http-nio-8080-exec-9] com.SwapifyBe.service.ConfigurationService(ConfigurationService.java:56) : ConfigurationService getErrorConfig
2025-09-12T03:06:25,282 INFO   --- [http-nio-8080-exec-10] com.SwapifyBe.service.ConfigurationService(ConfigurationService.java:29) : ConfigurationService findAll
2025-09-12T03:06:25,283 INFO   --- [http-nio-8080-exec-2] com.SwapifyBe.service.CategoryService(CategoryService.java:24) : Getting all categories
2025-09-12T03:06:25,283 INFO   --- [http-nio-8080-exec-10] com.SwapifyBe.dao.configuration.ConfigurationDaoImpl(ConfigurationDaoImpl.java:26) : Getting all configurations
2025-09-12T03:06:25,513 INFO   --- [http-nio-8080-exec-9] com.SwapifyBe.filter.JwtAuthenticationFilter(JwtAuthenticationFilter.java:48) : IP : 0:0:0:0:0:0:0:1 && URI :/api/configuration/getErrorConfig Request duration: 236ms
2025-09-12T03:06:25,514 INFO   --- [http-nio-8080-exec-2] com.SwapifyBe.filter.JwtAuthenticationFilter(JwtAuthenticationFilter.java:48) : IP : 0:0:0:0:0:0:0:1 && URI :/api/category/getAllCategories Request duration: 237ms
2025-09-12T03:06:25,516 INFO   --- [http-nio-8080-exec-10] com.SwapifyBe.filter.JwtAuthenticationFilter(JwtAuthenticationFilter.java:48) : IP : 0:0:0:0:0:0:0:1 && URI :/api/configuration/getConfig Request duration: 240ms
2025-09-12T03:06:25,574 INFO   --- [http-nio-8080-exec-8] com.SwapifyBe.service.AdvertisementService(AdvertisementService.java:245) : All advertisements retrieving...
2025-09-12T03:06:25,583 INFO   --- [http-nio-8080-exec-1] com.SwapifyBe.cache.Hazelcast(Hazelcast.java:59) : Getting FCM token from Hazelcast for ID: 3db865c2-80cf-484b-9a4b-d200753e2bc0
2025-09-12T03:06:25,594 INFO   --- [http-nio-8080-exec-5] com.SwapifyBe.controller.NotificationController(NotificationController.java:28) : Getting notifications
2025-09-12T03:06:25,601 INFO   --- [http-nio-8080-exec-6] com.SwapifyBe.service.OfferService(OfferService.java:216) : Fetching sent offers for user: 3db865c2-80cf-484b-9a4b-d200753e2bc0
2025-09-12T03:06:25,603 INFO   --- [http-nio-8080-exec-6] com.SwapifyBe.dao.offer.OfferDaoImpl(OfferDaoImpl.java:68) : Getting offers from the database
2025-09-12T03:06:25,609 INFO   --- [http-nio-8080-exec-4] com.SwapifyBe.service.AdvertisementService(AdvertisementService.java:245) : All advertisements retrieving...
2025-09-12T03:06:25,639 INFO   --- [http-nio-8080-exec-1] com.SwapifyBe.filter.JwtAuthenticationFilter(JwtAuthenticationFilter.java:48) : IP : 0:0:0:0:0:0:0:1 && URI :/api/token/alreadyExistsHazelcastFcmToken Request duration: 61ms
2025-09-12T03:06:25,642 INFO   --- [http-nio-8080-exec-1] com.SwapifyBe.service.OfferService(OfferService.java:219) : Fetching received offers for user: 3db865c2-80cf-484b-9a4b-d200753e2bc0
2025-09-12T03:06:25,642 INFO   --- [http-nio-8080-exec-1] com.SwapifyBe.dao.offer.OfferDaoImpl(OfferDaoImpl.java:87) : Getting offers from the database
2025-09-12T03:06:25,730 INFO   --- [http-nio-8080-exec-1] com.SwapifyBe.dao.offer.OfferDaoImpl(OfferDaoImpl.java:93) : Offers retrieved from the database
2025-09-12T03:06:25,773 INFO   --- [http-nio-8080-exec-5] com.SwapifyBe.filter.JwtAuthenticationFilter(JwtAuthenticationFilter.java:48) : IP : 0:0:0:0:0:0:0:1 && URI :/api/notification/getNotifications Request duration: 180ms
2025-09-12T03:06:25,779 INFO   --- [http-nio-8080-exec-7] com.SwapifyBe.service.AdvertisementService(AdvertisementService.java:208) : getAllAdvertisementUserId retrieving...
2025-09-12T03:06:25,816 WARN   --- [http-nio-8080-exec-1] com.SwapifyBe.service.OfferService(OfferService.java:193) : No offers found for user: 3db865c2-80cf-484b-9a4b-d200753e2bc0
2025-09-12T03:06:25,816 INFO   --- [http-nio-8080-exec-1] com.SwapifyBe.service.OfferService(OfferService.java:200) : Offers successfully retrieved for user: 3db865c2-80cf-484b-9a4b-d200753e2bc0
2025-09-12T03:06:25,820 INFO   --- [http-nio-8080-exec-1] com.SwapifyBe.filter.JwtAuthenticationFilter(JwtAuthenticationFilter.java:48) : IP : 0:0:0:0:0:0:0:1 && URI :/api/offer/getOffers Request duration: 179ms
2025-09-12T03:06:25,860 INFO   --- [http-nio-8080-exec-3] com.SwapifyBe.filter.JwtAuthenticationFilter(JwtAuthenticationFilter.java:48) : IP : 0:0:0:0:0:0:0:1 && URI :/api/message/getChatUsers Request duration: 279ms
2025-09-12T03:06:25,903 INFO   --- [http-nio-8080-exec-6] com.SwapifyBe.dao.offer.OfferDaoImpl(OfferDaoImpl.java:74) : Offers retrieved from the database
2025-09-12T03:06:26,000 INFO   --- [http-nio-8080-exec-6] com.SwapifyBe.service.OfferService(OfferService.java:200) : Offers successfully retrieved for user: 3db865c2-80cf-484b-9a4b-d200753e2bc0
2025-09-12T03:06:26,003 INFO   --- [http-nio-8080-exec-6] com.SwapifyBe.filter.JwtAuthenticationFilter(JwtAuthenticationFilter.java:48) : IP : 0:0:0:0:0:0:0:1 && URI :/api/offer/getOffers Request duration: 408ms
2025-09-12T03:06:26,166 INFO   --- [http-nio-8080-exec-7] com.SwapifyBe.filter.JwtAuthenticationFilter(JwtAuthenticationFilter.java:48) : IP : 0:0:0:0:0:0:0:1 && URI :/api/advertisement/get Request duration: 388ms
2025-09-12T03:06:26,247 INFO   --- [http-nio-8080-exec-9] com.SwapifyBe.filter.JwtAuthenticationFilter(JwtAuthenticationFilter.java:48) : IP : 0:0:0:0:0:0:0:1 && URI :/api/follower/getFollower Request duration: 384ms
2025-09-12T03:06:26,356 INFO   --- [http-nio-8080-exec-5] com.SwapifyBe.filter.JwtAuthenticationFilter(JwtAuthenticationFilter.java:48) : IP : 0:0:0:0:0:0:0:1 && URI :/api/token/getFcmToken Request duration: 183ms
2025-09-12T03:06:26,401 INFO   --- [http-nio-8080-exec-10] com.SwapifyBe.filter.JwtAuthenticationFilter(JwtAuthenticationFilter.java:48) : IP : 0:0:0:0:0:0:0:1 && URI :/api/follower/getFollowing Request duration: 392ms
2025-09-12T03:06:26,585 INFO   --- [http-nio-8080-exec-1] com.SwapifyBe.cache.Hazelcast(Hazelcast.java:50) : Saving FCM token to Hazelcast: 3db865c2-80cf-484b-9a4b-d200753e2bc0 - cMwcFhP8GUh0teiyXmcte-:APA91bFBPn7w9_-FiKJ_PpFiEaijyOr59UvFQLP5UFFFnQ8sXuzL2W9PscuFdjFktTbN6VRgk0RAr6LHsiwCLFIelVYg911dzD3pHMAlT8iZR5H5PGwpwzg
2025-09-12T03:06:26,586 INFO   --- [http-nio-8080-exec-1] com.SwapifyBe.cache.Hazelcast(Hazelcast.java:53) : FCM token saved to Hazelcast: 3db865c2-80cf-484b-9a4b-d200753e2bc0 - cMwcFhP8GUh0teiyXmcte-:APA91bFBPn7w9_-FiKJ_PpFiEaijyOr59UvFQLP5UFFFnQ8sXuzL2W9PscuFdjFktTbN6VRgk0RAr6LHsiwCLFIelVYg911dzD3pHMAlT8iZR5H5PGwpwzg
2025-09-12T03:06:26,589 INFO   --- [http-nio-8080-exec-1] com.SwapifyBe.filter.JwtAuthenticationFilter(JwtAuthenticationFilter.java:48) : IP : 0:0:0:0:0:0:0:1 && URI :/api/token/updateFcmToken Request duration: 214ms
2025-09-12T03:06:27,353 INFO   --- [http-nio-8080-exec-8] com.SwapifyBe.service.AdvertisementService(AdvertisementService.java:260) : All advertisements retrieved
2025-09-12T03:06:27,354 INFO   --- [http-nio-8080-exec-4] com.SwapifyBe.service.AdvertisementService(AdvertisementService.java:260) : All advertisements retrieved
2025-09-12T03:06:27,358 INFO   --- [http-nio-8080-exec-8] com.SwapifyBe.filter.JwtAuthenticationFilter(JwtAuthenticationFilter.java:48) : IP : 0:0:0:0:0:0:0:1 && URI :/api/advertisement/getAll Request duration: 1816ms
2025-09-12T03:06:27,358 INFO   --- [http-nio-8080-exec-4] com.SwapifyBe.filter.JwtAuthenticationFilter(JwtAuthenticationFilter.java:48) : IP : 0:0:0:0:0:0:0:1 && URI :/api/advertisement/getAll Request duration: 1760ms
2025-09-12T03:06:27,654 INFO   --- [http-nio-8080-exec-3] com.SwapifyBe.service.AdvertisementService(AdvertisementService.java:245) : All advertisements retrieving...
2025-09-12T03:06:28,479 INFO   --- [http-nio-8080-exec-2] com.SwapifyBe.filter.JwtAuthenticationFilter(JwtAuthenticationFilter.java:48) : IP : 0:0:0:0:0:0:0:1 && URI :/api/favorite/getAllFavorite Request duration: 2651ms
2025-09-12T03:06:29,616 INFO   --- [http-nio-8080-exec-3] com.SwapifyBe.service.AdvertisementService(AdvertisementService.java:260) : All advertisements retrieved
2025-09-12T03:06:29,620 INFO   --- [http-nio-8080-exec-3] com.SwapifyBe.filter.JwtAuthenticationFilter(JwtAuthenticationFilter.java:48) : IP : 0:0:0:0:0:0:0:1 && URI :/api/advertisement/getAll Request duration: 1966ms
2025-09-12T03:06:46,193 INFO   --- [http-nio-8080-exec-8] com.SwapifyBe.controller.CategoryController(CategoryController.java:32) : All categories retrieved
2025-09-12T03:06:46,193 INFO   --- [http-nio-8080-exec-4] com.SwapifyBe.controller.ConfigurationController(ConfigurationController.java:39) : getErrorConfig all configurations
2025-09-12T03:06:46,193 INFO   --- [http-nio-8080-exec-2] com.SwapifyBe.controller.ConfigurationController(ConfigurationController.java:28) : Getting all configurations
2025-09-12T03:06:46,194 INFO   --- [http-nio-8080-exec-4] com.SwapifyBe.service.ConfigurationService(ConfigurationService.java:56) : ConfigurationService getErrorConfig
2025-09-12T03:06:46,194 INFO   --- [http-nio-8080-exec-8] com.SwapifyBe.service.CategoryService(CategoryService.java:24) : Getting all categories
2025-09-12T03:06:46,194 INFO   --- [http-nio-8080-exec-2] com.SwapifyBe.service.ConfigurationService(ConfigurationService.java:29) : ConfigurationService findAll
2025-09-12T03:06:46,194 INFO   --- [http-nio-8080-exec-2] com.SwapifyBe.dao.configuration.ConfigurationDaoImpl(ConfigurationDaoImpl.java:26) : Getting all configurations
2025-09-12T03:06:46,396 INFO   --- [http-nio-8080-exec-4] com.SwapifyBe.filter.JwtAuthenticationFilter(JwtAuthenticationFilter.java:48) : IP : 0:0:0:0:0:0:0:1 && URI :/api/configuration/getErrorConfig Request duration: 205ms
2025-09-12T03:06:46,396 INFO   --- [http-nio-8080-exec-2] com.SwapifyBe.filter.JwtAuthenticationFilter(JwtAuthenticationFilter.java:48) : IP : 0:0:0:0:0:0:0:1 && URI :/api/configuration/getConfig Request duration: 205ms
2025-09-12T03:06:46,404 INFO   --- [http-nio-8080-exec-8] com.SwapifyBe.filter.JwtAuthenticationFilter(JwtAuthenticationFilter.java:48) : IP : 0:0:0:0:0:0:0:1 && URI :/api/category/getAllCategories Request duration: 212ms
2025-09-12T03:06:46,437 INFO   --- [http-nio-8080-exec-3] com.SwapifyBe.service.AdvertisementService(AdvertisementService.java:245) : All advertisements retrieving...
2025-09-12T03:06:46,481 INFO   --- [http-nio-8080-exec-9] com.SwapifyBe.cache.Hazelcast(Hazelcast.java:59) : Getting FCM token from Hazelcast for ID: 3db865c2-80cf-484b-9a4b-d200753e2bc0
2025-09-12T03:06:46,482 INFO   --- [http-nio-8080-exec-6] com.SwapifyBe.service.AdvertisementService(AdvertisementService.java:245) : All advertisements retrieving...
2025-09-12T03:06:46,486 INFO   --- [http-nio-8080-exec-5] com.SwapifyBe.controller.NotificationController(NotificationController.java:28) : Getting notifications
2025-09-12T03:06:46,490 INFO   --- [http-nio-8080-exec-10] com.SwapifyBe.service.OfferService(OfferService.java:216) : Fetching sent offers for user: 3db865c2-80cf-484b-9a4b-d200753e2bc0
2025-09-12T03:06:46,491 INFO   --- [http-nio-8080-exec-10] com.SwapifyBe.dao.offer.OfferDaoImpl(OfferDaoImpl.java:68) : Getting offers from the database
2025-09-12T03:06:46,500 INFO   --- [http-nio-8080-exec-9] com.SwapifyBe.filter.JwtAuthenticationFilter(JwtAuthenticationFilter.java:48) : IP : 0:0:0:0:0:0:0:1 && URI :/api/token/alreadyExistsHazelcastFcmToken Request duration: 39ms
2025-09-12T03:06:46,510 INFO   --- [http-nio-8080-exec-9] com.SwapifyBe.service.OfferService(OfferService.java:219) : Fetching received offers for user: 3db865c2-80cf-484b-9a4b-d200753e2bc0
2025-09-12T03:06:46,510 INFO   --- [http-nio-8080-exec-9] com.SwapifyBe.dao.offer.OfferDaoImpl(OfferDaoImpl.java:87) : Getting offers from the database
2025-09-12T03:06:46,614 INFO   --- [http-nio-8080-exec-9] com.SwapifyBe.dao.offer.OfferDaoImpl(OfferDaoImpl.java:93) : Offers retrieved from the database
2025-09-12T03:06:46,706 INFO   --- [http-nio-8080-exec-5] com.SwapifyBe.filter.JwtAuthenticationFilter(JwtAuthenticationFilter.java:48) : IP : 0:0:0:0:0:0:0:1 && URI :/api/notification/getNotifications Request duration: 221ms
2025-09-12T03:06:46,709 INFO   --- [http-nio-8080-exec-1] com.SwapifyBe.service.AdvertisementService(AdvertisementService.java:208) : getAllAdvertisementUserId retrieving...
2025-09-12T03:06:46,719 WARN   --- [http-nio-8080-exec-9] com.SwapifyBe.service.OfferService(OfferService.java:193) : No offers found for user: 3db865c2-80cf-484b-9a4b-d200753e2bc0
2025-09-12T03:06:46,719 INFO   --- [http-nio-8080-exec-9] com.SwapifyBe.service.OfferService(OfferService.java:200) : Offers successfully retrieved for user: 3db865c2-80cf-484b-9a4b-d200753e2bc0
2025-09-12T03:06:46,720 INFO   --- [http-nio-8080-exec-9] com.SwapifyBe.filter.JwtAuthenticationFilter(JwtAuthenticationFilter.java:48) : IP : 0:0:0:0:0:0:0:1 && URI :/api/offer/getOffers Request duration: 211ms
2025-09-12T03:06:46,803 INFO   --- [http-nio-8080-exec-7] com.SwapifyBe.filter.JwtAuthenticationFilter(JwtAuthenticationFilter.java:48) : IP : 0:0:0:0:0:0:0:1 && URI :/api/message/getChatUsers Request duration: 343ms
2025-09-12T03:06:46,810 INFO   --- [http-nio-8080-exec-10] com.SwapifyBe.dao.offer.OfferDaoImpl(OfferDaoImpl.java:74) : Offers retrieved from the database
2025-09-12T03:06:46,908 INFO   --- [http-nio-8080-exec-10] com.SwapifyBe.service.OfferService(OfferService.java:200) : Offers successfully retrieved for user: 3db865c2-80cf-484b-9a4b-d200753e2bc0
2025-09-12T03:06:46,921 INFO   --- [http-nio-8080-exec-10] com.SwapifyBe.filter.JwtAuthenticationFilter(JwtAuthenticationFilter.java:48) : IP : 0:0:0:0:0:0:0:1 && URI :/api/offer/getOffers Request duration: 445ms
2025-09-12T03:06:47,091 INFO   --- [http-nio-8080-exec-1] com.SwapifyBe.filter.JwtAuthenticationFilter(JwtAuthenticationFilter.java:48) : IP : 0:0:0:0:0:0:0:1 && URI :/api/advertisement/get Request duration: 383ms
2025-09-12T03:06:47,187 INFO   --- [http-nio-8080-exec-4] com.SwapifyBe.filter.JwtAuthenticationFilter(JwtAuthenticationFilter.java:48) : IP : 0:0:0:0:0:0:0:1 && URI :/api/follower/getFollower Request duration: 381ms
2025-09-12T03:06:47,299 INFO   --- [http-nio-8080-exec-5] com.SwapifyBe.filter.JwtAuthenticationFilter(JwtAuthenticationFilter.java:48) : IP : 0:0:0:0:0:0:0:1 && URI :/api/token/getFcmToken Request duration: 204ms
2025-09-12T03:06:47,333 INFO   --- [http-nio-8080-exec-8] com.SwapifyBe.filter.JwtAuthenticationFilter(JwtAuthenticationFilter.java:48) : IP : 0:0:0:0:0:0:0:1 && URI :/api/follower/getFollowing Request duration: 395ms
2025-09-12T03:06:47,536 INFO   --- [http-nio-8080-exec-9] com.SwapifyBe.cache.Hazelcast(Hazelcast.java:50) : Saving FCM token to Hazelcast: 3db865c2-80cf-484b-9a4b-d200753e2bc0 - cMwcFhP8GUh0teiyXmcte-:APA91bFBPn7w9_-FiKJ_PpFiEaijyOr59UvFQLP5UFFFnQ8sXuzL2W9PscuFdjFktTbN6VRgk0RAr6LHsiwCLFIelVYg911dzD3pHMAlT8iZR5H5PGwpwzg
2025-09-12T03:06:47,537 INFO   --- [http-nio-8080-exec-9] com.SwapifyBe.cache.Hazelcast(Hazelcast.java:53) : FCM token saved to Hazelcast: 3db865c2-80cf-484b-9a4b-d200753e2bc0 - cMwcFhP8GUh0teiyXmcte-:APA91bFBPn7w9_-FiKJ_PpFiEaijyOr59UvFQLP5UFFFnQ8sXuzL2W9PscuFdjFktTbN6VRgk0RAr6LHsiwCLFIelVYg911dzD3pHMAlT8iZR5H5PGwpwzg
2025-09-12T03:06:47,539 INFO   --- [http-nio-8080-exec-9] com.SwapifyBe.filter.JwtAuthenticationFilter(JwtAuthenticationFilter.java:48) : IP : 0:0:0:0:0:0:0:1 && URI :/api/token/updateFcmToken Request duration: 222ms
2025-09-12T03:06:48,392 INFO   --- [http-nio-8080-exec-3] com.SwapifyBe.service.AdvertisementService(AdvertisementService.java:260) : All advertisements retrieved
2025-09-12T03:06:48,396 INFO   --- [http-nio-8080-exec-3] com.SwapifyBe.filter.JwtAuthenticationFilter(JwtAuthenticationFilter.java:48) : IP : 0:0:0:0:0:0:0:1 && URI :/api/advertisement/getAll Request duration: 1977ms
2025-09-12T03:06:48,418 INFO   --- [http-nio-8080-exec-6] com.SwapifyBe.service.AdvertisementService(AdvertisementService.java:260) : All advertisements retrieved
2025-09-12T03:06:48,422 INFO   --- [http-nio-8080-exec-6] com.SwapifyBe.filter.JwtAuthenticationFilter(JwtAuthenticationFilter.java:48) : IP : 0:0:0:0:0:0:0:1 && URI :/api/advertisement/getAll Request duration: 1957ms
2025-09-12T03:06:48,664 INFO   --- [http-nio-8080-exec-7] com.SwapifyBe.service.AdvertisementService(AdvertisementService.java:245) : All advertisements retrieving...
2025-09-12T03:06:49,618 INFO   --- [http-nio-8080-exec-2] com.SwapifyBe.filter.JwtAuthenticationFilter(JwtAuthenticationFilter.java:48) : IP : 0:0:0:0:0:0:0:1 && URI :/api/favorite/getAllFavorite Request duration: 2894ms
2025-09-12T03:06:50,520 INFO   --- [http-nio-8080-exec-7] com.SwapifyBe.service.AdvertisementService(AdvertisementService.java:260) : All advertisements retrieved
2025-09-12T03:06:50,533 INFO   --- [http-nio-8080-exec-7] com.SwapifyBe.filter.JwtAuthenticationFilter(JwtAuthenticationFilter.java:48) : IP : 0:0:0:0:0:0:0:1 && URI :/api/advertisement/getAll Request duration: 1865ms
2025-09-12T03:06:52,970 INFO   --- [http-nio-8080-exec-10] com.SwapifyBe.filter.JwtAuthenticationFilter(JwtAuthenticationFilter.java:48) : IP : 0:0:0:0:0:0:0:1 && URI :/api/favorite/delete Request duration: 236ms
2025-09-12T03:06:53,715 INFO   --- [http-nio-8080-exec-1] com.SwapifyBe.service.AdvertisementService(AdvertisementService.java:230) : getAdvertisementUserId retrieving...
2025-09-12T03:06:54,150 INFO   --- [http-nio-8080-exec-1] com.SwapifyBe.service.AdvertisementService(AdvertisementService.java:236) : getAdvertisementUserId retrieved
2025-09-12T03:06:54,151 INFO   --- [http-nio-8080-exec-1] com.SwapifyBe.service.UserService(UserService.java:51) : Getting user
2025-09-12T03:06:54,151 INFO   --- [http-nio-8080-exec-1] com.SwapifyBe.dao.user.UserDaoImpl(UserDaoImpl.java:26) : Getting user from the database
2025-09-12T03:06:54,348 INFO   --- [http-nio-8080-exec-1] com.SwapifyBe.dao.user.UserDaoImpl(UserDaoImpl.java:32) : User retrieved from the database
2025-09-12T03:06:54,352 INFO   --- [http-nio-8080-exec-1] com.SwapifyBe.service.UserService(UserService.java:59) : User retrieved
2025-09-12T03:06:55,318 INFO   --- [http-nio-8080-exec-1] com.SwapifyBe.service.FavoriteService(FavoriteService.java:66) : Ürün favorilere eklendi.
2025-09-12T03:06:55,333 INFO   --- [http-nio-8080-exec-1] com.SwapifyBe.filter.JwtAuthenticationFilter(JwtAuthenticationFilter.java:48) : IP : 0:0:0:0:0:0:0:1 && URI :/api/favorite/add Request duration: 1621ms
