2025-04-29T15:16:09,737 INFO   --- [main] org.hibernate.jpa.internal.util.LogHelper(LogHelper.java:31) : HHH000204: Processing PersistenceUnitInfo [name: myPersistenceUnit]
2025-04-29T15:16:09,945 INFO   --- [main] org.hibernate.Version(Version.java:44) : HHH000412: Hibernate ORM core version 6.2.7.Final
2025-04-29T15:16:09,959 INFO   --- [main] org.hibernate.cfg.Environment(Environment.java:191) : HHH000406: Using bytecode reflection optimizer
2025-04-29T15:16:09,971 WARN   --- [main] org.hibernate.orm.deprecation(EntityManagerFactoryBuilderImpl.java:690) : HHH90000021: Encountered deprecated setting [javax.persistence.jdbc.user], use [jakarta.persistence.jdbc.user] instead
2025-04-29T15:16:09,978 WARN   --- [main] org.hibernate.orm.deprecation(EntityManagerFactoryBuilderImpl.java:712) : HHH90000021: Encountered deprecated setting [javax.persistence.jdbc.password], use [jakarta.persistence.jdbc.password] instead
2025-04-29T15:16:09,979 WARN   --- [main] org.hibernate.orm.deprecation(EntityManagerFactoryBuilderImpl.java:1027) : HHH90000021: Encountered deprecated setting [javax.persistence.jdbc.url], use [jakarta.persistence.jdbc.url] instead
2025-04-29T15:16:09,979 WARN   --- [main] org.hibernate.orm.deprecation(EntityManagerFactoryBuilderImpl.java:1034) : HHH90000021: Encountered deprecated setting [javax.persistence.jdbc.driver], use [jakarta.persistence.jdbc.driver] instead
2025-04-29T15:16:13,012 INFO   --- [main] org.hibernate.bytecode.internal.BytecodeProviderInitiator(BytecodeProviderInitiator.java:53) : HHH000021: Bytecode provider name : bytebuddy
2025-04-29T15:16:15,254 WARN   --- [main] org.hibernate.orm.connections.pooling(DriverManagerConnectionProviderImpl.java:80) : HHH10001002: Using built-in connection pool (not intended for production use)
2025-04-29T15:16:15,267 INFO   --- [main] org.hibernate.orm.connections.pooling(DriverManagerConnectionProviderImpl.java:139) : HHH10001005: Loaded JDBC driver class: org.postgresql.Driver
2025-04-29T15:16:15,267 INFO   --- [main] org.hibernate.orm.connections.pooling(DriverManagerConnectionProviderImpl.java:161) : HHH10001012: Connecting with JDBC URL [jdbc:postgresql://34.245.38.121:5432/swapiffy]
2025-04-29T15:16:15,268 INFO   --- [main] org.hibernate.orm.connections.pooling(DriverManagerConnectionProviderImpl.java:170) : HHH10001001: Connection properties: {password=****, user=Kemal}
2025-04-29T15:16:15,268 INFO   --- [main] org.hibernate.orm.connections.pooling(DriverManagerConnectionProviderImpl.java:174) : HHH10001003: Autocommit mode: false
2025-04-29T15:16:15,270 INFO   --- [main] org.hibernate.orm.connections.pooling(DriverManagerConnectionProviderImpl.java:366) : HHH10001115: Connection pool size: 20 (min=1)
2025-04-29T15:16:15,791 INFO   --- [main] org.hibernate.engine.transaction.jta.platform.internal.JtaPlatformInitiator(JtaPlatformInitiator.java:51) : HHH000490: Using JtaPlatform implementation: [org.hibernate.engine.transaction.jta.platform.internal.NoJtaPlatform]
2025-04-29T15:16:17,376 INFO   --- [main] org.hibernate.orm.connections.access(DdlTransactionIsolatorNonJtaImpl.java:52) : HHH10001501: Connection obtained from JdbcConnectionAccess [org.hibernate.engine.jdbc.env.internal.JdbcEnvironmentInitiator$ConnectionProviderJdbcConnectionAccess@6b50017c] for (non-JTA) DDL execution was not in auto-commit mode; the Connection 'local transaction' will be committed and the Connection will be set into auto-commit mode.
2025-04-29T15:16:17,792 INFO   --- [main] com.SwapifyBe.dao.category.CategoryDaoImpl(CategoryDaoImpl.java:18) : Initializing CategoryDaoImpl
2025-04-29T15:16:18,075 INFO   --- [main] com.SwapifyBe.dao.configuration.ConfigurationDaoImpl(ConfigurationDaoImpl.java:21) : Initializing ConfigurationDaoImpl
2025-04-29T15:16:18,077 INFO   --- [main] com.SwapifyBe.service.ConfigurationService(ConfigurationService.java:23) : ConfigurationService created
2025-04-29T15:16:18,078 INFO   --- [main] com.SwapifyBe.service.ConfigurationService(ConfigurationService.java:29) : ConfigurationService findAll
2025-04-29T15:16:18,078 INFO   --- [main] com.SwapifyBe.dao.configuration.ConfigurationDaoImpl(ConfigurationDaoImpl.java:26) : Getting all configurations
2025-04-29T15:16:24,314 INFO   --- [main] com.SwapifyBe.dao.auth.AuthDaoImpl(AuthDaoImpl.java:16) : Initializing AuthDaoImpl
2025-04-29T15:16:24,316 INFO   --- [main] com.SwapifyBe.dao.advertisement.AdvertisementDaoImpl(AdvertisementDaoImpl.java:23) : Advertisement dao implementation is initializing
2025-04-29T15:16:24,316 INFO   --- [main] com.SwapifyBe.dao.favorite.FavoritesDaoImpl(FavoritesDaoImpl.java:20) : Favorites dao implementation is initializing
2025-04-29T15:16:24,317 INFO   --- [main] com.SwapifyBe.dao.offer.OfferDaoImpl(OfferDaoImpl.java:20) : Offer dao implementation is initializing
2025-04-29T15:16:24,323 INFO   --- [main] com.SwapifyBe.dao.follower.FollowerDaoImpl(FollowerDaoImpl.java:20) : Followers dao implementation is initializing
2025-04-29T15:16:24,324 INFO   --- [main] com.SwapifyBe.dao.user.UserDaoImpl(UserDaoImpl.java:21) : User dao implementation is initializing
2025-04-29T15:16:24,327 INFO   --- [main] com.SwapifyBe.dao.message.MessageDaoImpl(MessageDaoImpl.java:19) : Message dao implementation is initializing
2025-04-29T15:16:24,330 INFO   --- [main] com.SwapifyBe.dao.user.UserDaoImpl(UserChatDaoImpl.java:20) : UserChatDaoImpl  implementation is initializing
2025-04-29T15:16:24,333 INFO   --- [main] com.SwapifyBe.notification.PushMessage(PushMessage.java:54) : FirebaseApp initializing...
2025-04-29T15:16:24,949 INFO   --- [main] com.SwapifyBe.notification.PushMessage(PushMessage.java:68) : FirebaseApp initialized
2025-04-29T15:16:24,955 INFO   --- [main] com.SwapifyBe.service.NotificationService(NotificationService.java:25) : Initializing NotificationService
2025-04-29T15:16:24,968 INFO   --- [main] com.SwapifyBe.service.SmsService(SmsService.java:33) : SmsService created
2025-04-29T15:16:24,970 INFO   --- [main] com.SwapifyBe.service.CategoryService(CategoryService.java:19) : CategoryService created
2025-04-29T15:16:25,071 INFO   --- [main] com.SwapifyBe.service.UserPermissionsService(UserPermissionsService.java:23) : UserPermissionsService created
2025-04-29T15:16:25,087 INFO   --- [main] com.SwapifyBe.service.UserService(UserService.java:41) : Initializing UserService
2025-04-29T15:16:25,093 INFO   --- [main] com.SwapifyBe.service.AdvertisementService(AdvertisementService.java:64) : Initializing AdvertisementService
2025-04-29T15:16:25,095 INFO   --- [main] com.SwapifyBe.service.AuthService(AuthService.java:49) : Initializing AuthService
2025-04-29T15:16:25,104 INFO   --- [main] com.SwapifyBe.service.FavoriteService(FavoriteService.java:37) : Initializing FavoriteService
2025-04-29T15:16:25,105 INFO   --- [main] com.SwapifyBe.service.OfferService(OfferService.java:56) : Initializing OfferService
2025-04-29T15:16:25,115 INFO   --- [main] com.SwapifyBe.service.MessageResendService(MessageResendService.java:25) : MessageResendService created
2025-04-29T15:16:25,117 INFO   --- [main] com.SwapifyBe.service.AppLogService(AppLogService.java:49) : AppLogService created
2025-04-29T15:16:25,121 INFO   --- [main] com.SwapifyBe.service.VideoService(VideoService.java:19) : Video Service created
2025-04-29T15:16:25,122 INFO   --- [main] com.SwapifyBe.service.TokenService(TokenService.java:28) : Token Service created
2025-04-29T15:16:25,125 INFO   --- [main] com.SwapifyBe.service.MessageService(MessageService.java:48) : MessageService created
2025-04-29T15:16:25,127 INFO   --- [main] com.SwapifyBe.service.FollowerService(FollowerService.java:47) : FollowerService created
2025-04-29T15:16:25,128 INFO   --- [main] com.SwapifyBe.service.OfferService(SearchService.java:28) : Initializing SearchService
2025-04-29T15:16:25,130 INFO   --- [main] com.SwapifyBe.service.SubscriptionService(SubscriptionService.java:42) : SubscriptionService created
2025-04-29T15:16:25,132 INFO   --- [main] com.SwapifyBe.SwapifyBeApplication(SwapifyBeApplication.java:48) : Services started successfully
2025-04-29T15:16:26,112 INFO   --- [main] com.SwapifyBe.SwapifyBeApplication(StartupInfoLogger.java:53) : Starting SwapifyBeApplication v0.0.1-SNAPSHOT using Java 17.0.15 with PID 1 (/app/app.jar started by root in /app)
2025-04-29T15:16:26,120 INFO   --- [main] com.SwapifyBe.SwapifyBeApplication(SpringApplication.java:652) : No active profile set, falling back to 1 default profile: "default"
2025-04-29T15:16:30,842 INFO   --- [main] org.apache.coyote.http11.Http11NioProtocol(DirectJDKLog.java:173) : Initializing ProtocolHandler ["http-nio-8080"]
2025-04-29T15:16:30,846 INFO   --- [main] org.apache.catalina.core.StandardService(DirectJDKLog.java:173) : Starting service [Tomcat]
2025-04-29T15:16:30,848 INFO   --- [main] org.apache.catalina.core.StandardEngine(DirectJDKLog.java:173) : Starting Servlet engine: [Apache Tomcat/10.1.36]
2025-04-29T15:16:30,984 INFO   --- [main] org.apache.catalina.core.ContainerBase.[Tomcat].[localhost].[/](DirectJDKLog.java:173) : Initializing Spring embedded WebApplicationContext
2025-04-29T15:16:32,064 INFO   --- [main] com.SwapifyBe.controller.AppLogController(AppLogController.java:28) : AppLogController created
2025-04-29T15:16:32,102 INFO   --- [main] com.SwapifyBe.controller.CategoryController(CategoryController.java:26) : CategoryController created
2025-04-29T15:16:32,104 INFO   --- [main] com.SwapifyBe.controller.ConfigurationController(ConfigurationController.java:22) : ConfigurationController created
2025-04-29T15:16:32,109 INFO   --- [main] com.SwapifyBe.controller.FavoriteController(FavoriteController.java:30) : FavoriteController created
2025-04-29T15:16:32,116 INFO   --- [main] com.SwapifyBe.controller.FollowerController(FollowerController.java:20) : FollowerController created
2025-04-29T15:16:32,124 INFO   --- [main] com.SwapifyBe.service.FollowerService(FollowerService.java:47) : FollowerService created
2025-04-29T15:16:32,145 INFO   --- [main] com.SwapifyBe.controller.MessageController(MessageController.java:28) : Message Controller created
2025-04-29T15:16:32,147 INFO   --- [main] com.SwapifyBe.controller.NotificationController(NotificationController.java:22) : NotificationController created
2025-04-29T15:16:32,149 INFO   --- [main] com.SwapifyBe.controller.OfferController(OfferController.java:25) : OfferController initialized
2025-04-29T15:16:32,152 INFO   --- [main] com.SwapifyBe.controller.PaymentController(PaymentController.java:22) : Payment Controller created
2025-04-29T15:16:32,154 INFO   --- [main] com.SwapifyBe.controller.SearchController(SearchController.java:23) : SearchController created
2025-04-29T15:16:32,159 INFO   --- [main] com.SwapifyBe.controller.SubscriptionController(SubscriptionController.java:41) : SubscriptionController created
2025-04-29T15:16:32,165 INFO   --- [main] com.SwapifyBe.controller.TokenController(TokenController.java:24) : Token Controller created
2025-04-29T15:16:32,167 INFO   --- [main] com.SwapifyBe.controller.UserController(UserController.java:32) : UserController created
2025-04-29T15:16:32,175 INFO   --- [main] com.SwapifyBe.controller.VideoController(VideoController.java:22) : Video Controller created
2025-04-29T15:16:35,648 INFO   --- [main] org.apache.coyote.http11.Http11NioProtocol(DirectJDKLog.java:173) : Starting ProtocolHandler ["http-nio-8080"]
2025-04-29T15:16:35,767 INFO   --- [main] com.SwapifyBe.SwapifyBeApplication(StartupInfoLogger.java:59) : Started SwapifyBeApplication in 10.448 seconds (process running for 29.253)
2025-04-29T15:16:35,788 INFO   --- [main] com.SwapifyBe.SwapifyBeApplication(SwapifyBeApplication.java:71) : Application started event
2025-04-29T15:16:35,792 INFO   --- [main] com.SwapifyBe.SwapifyBeApplication(SwapifyBeApplication.java:61) : Application ready event
2025-04-29T15:16:49,306 INFO   --- [http-nio-8080-exec-1] org.apache.catalina.core.ContainerBase.[Tomcat].[localhost].[/](DirectJDKLog.java:173) : Initializing Spring DispatcherServlet 'dispatcherServlet'
2025-04-29T15:16:49,622 INFO   --- [http-nio-8080-exec-1] com.SwapifyBe.controller.ConfigurationController(ConfigurationController.java:39) : getErrorConfig all configurations
2025-04-29T15:16:49,623 INFO   --- [http-nio-8080-exec-3] com.SwapifyBe.controller.CategoryController(CategoryController.java:32) : All categories retrieved
2025-04-29T15:16:49,627 INFO   --- [http-nio-8080-exec-3] com.SwapifyBe.service.CategoryService(CategoryService.java:24) : Getting all categories
2025-04-29T15:16:49,627 INFO   --- [http-nio-8080-exec-1] com.SwapifyBe.service.ConfigurationService(ConfigurationService.java:56) : ConfigurationService getErrorConfig
2025-04-29T15:16:49,633 INFO   --- [http-nio-8080-exec-2] com.SwapifyBe.controller.ConfigurationController(ConfigurationController.java:28) : Getting all configurations
2025-04-29T15:16:49,635 INFO   --- [http-nio-8080-exec-2] com.SwapifyBe.service.ConfigurationService(ConfigurationService.java:29) : ConfigurationService findAll
2025-04-29T15:16:49,644 INFO   --- [http-nio-8080-exec-2] com.SwapifyBe.dao.configuration.ConfigurationDaoImpl(ConfigurationDaoImpl.java:26) : Getting all configurations
2025-04-29T15:16:49,747 INFO   --- [http-nio-8080-exec-1] com.SwapifyBe.filter.JwtAuthenticationFilter(JwtAuthenticationFilter.java:48) : IP : 95.70.243.184 && URI :/api/configuration/getErrorConfig Request duration: 168ms
2025-04-29T15:16:49,802 INFO   --- [http-nio-8080-exec-3] com.SwapifyBe.filter.JwtAuthenticationFilter(JwtAuthenticationFilter.java:48) : IP : 95.70.243.184 && URI :/api/category/getAllCategories Request duration: 242ms
2025-04-29T15:16:49,805 INFO   --- [http-nio-8080-exec-2] com.SwapifyBe.filter.JwtAuthenticationFilter(JwtAuthenticationFilter.java:48) : IP : 95.70.243.184 && URI :/api/configuration/getConfig Request duration: 240ms
2025-04-29T15:16:49,950 INFO   --- [http-nio-8080-exec-4] com.SwapifyBe.service.AdvertisementService(AdvertisementService.java:233) : All advertisements retrieving...
2025-04-29T15:16:50,012 INFO   --- [http-nio-8080-exec-5] com.SwapifyBe.cache.Hazelcast(Hazelcast.java:55) : Getting FCM token from Hazelcast for ID: 23c8ee45-1b04-4bde-85e9-fd7ff74c33bc
2025-04-29T15:16:50,019 INFO   --- [http-nio-8080-exec-8] com.SwapifyBe.controller.NotificationController(NotificationController.java:28) : Getting notifications
2025-04-29T15:16:50,036 INFO   --- [http-nio-8080-exec-7] com.SwapifyBe.service.OfferService(OfferService.java:206) : Fetching sent offers for user: 23c8ee45-1b04-4bde-85e9-fd7ff74c33bc
2025-04-29T15:16:50,039 INFO   --- [http-nio-8080-exec-9] com.SwapifyBe.service.AdvertisementService(AdvertisementService.java:233) : All advertisements retrieving...
2025-04-29T15:16:50,040 INFO   --- [http-nio-8080-exec-7] com.SwapifyBe.dao.offer.OfferDaoImpl(OfferDaoImpl.java:68) : Getting offers from the database
2025-04-29T15:16:50,064 INFO   --- [http-nio-8080-exec-7] com.SwapifyBe.dao.offer.OfferDaoImpl(OfferDaoImpl.java:74) : Offers retrieved from the database
2025-04-29T15:16:50,075 WARN   --- [http-nio-8080-exec-7] com.SwapifyBe.service.OfferService(OfferService.java:183) : No offers found for user: 23c8ee45-1b04-4bde-85e9-fd7ff74c33bc
2025-04-29T15:16:50,084 INFO   --- [http-nio-8080-exec-4] com.SwapifyBe.service.AdvertisementService(AdvertisementService.java:248) : All advertisements retrieved
2025-04-29T15:16:50,086 INFO   --- [http-nio-8080-exec-7] com.SwapifyBe.service.OfferService(OfferService.java:190) : Offers successfully retrieved for user: 23c8ee45-1b04-4bde-85e9-fd7ff74c33bc
2025-04-29T15:16:50,087 INFO   --- [http-nio-8080-exec-7] com.SwapifyBe.filter.JwtAuthenticationFilter(JwtAuthenticationFilter.java:48) : IP : 95.70.243.184 && URI :/api/offer/getOffers Request duration: 53ms
2025-04-29T15:16:50,097 INFO   --- [http-nio-8080-exec-4] com.SwapifyBe.filter.JwtAuthenticationFilter(JwtAuthenticationFilter.java:48) : IP : 95.70.243.184 && URI :/api/advertisement/getAll Request duration: 151ms
2025-04-29T15:16:50,105 INFO   --- [http-nio-8080-exec-8] com.SwapifyBe.filter.JwtAuthenticationFilter(JwtAuthenticationFilter.java:48) : IP : 95.70.243.184 && URI :/api/notification/getNotifications Request duration: 64ms
2025-04-29T15:16:50,181 INFO   --- [http-nio-8080-exec-10] com.SwapifyBe.service.OfferService(OfferService.java:209) : Fetching received offers for user: 23c8ee45-1b04-4bde-85e9-fd7ff74c33bc
2025-04-29T15:16:50,194 INFO   --- [http-nio-8080-exec-1] com.SwapifyBe.service.AdvertisementService(AdvertisementService.java:196) : getAllAdvertisementUserId retrieving...
2025-04-29T15:16:50,209 INFO   --- [http-nio-8080-exec-5] com.hazelcast.internal.partition.impl.PartitionStateManager(StandardLoggerFactory.java:56) : [172.17.0.2]:5701 [dev] [5.3.7] Initializing cluster partition table arrangement...
2025-04-29T15:16:50,214 INFO   --- [http-nio-8080-exec-10] com.SwapifyBe.dao.offer.OfferDaoImpl(OfferDaoImpl.java:87) : Getting offers from the database
2025-04-29T15:16:50,221 INFO   --- [http-nio-8080-exec-6] com.SwapifyBe.filter.JwtAuthenticationFilter(JwtAuthenticationFilter.java:48) : IP : 95.70.243.184 && URI :/api/message/getChatUsers Request duration: 283ms
2025-04-29T15:16:50,226 INFO   --- [http-nio-8080-exec-9] com.SwapifyBe.service.AdvertisementService(AdvertisementService.java:248) : All advertisements retrieved
2025-04-29T15:16:50,229 INFO   --- [http-nio-8080-exec-9] com.SwapifyBe.filter.JwtAuthenticationFilter(JwtAuthenticationFilter.java:48) : IP : 95.70.243.184 && URI :/api/advertisement/getAll Request duration: 218ms
2025-04-29T15:16:50,236 INFO   --- [http-nio-8080-exec-10] com.SwapifyBe.dao.offer.OfferDaoImpl(OfferDaoImpl.java:93) : Offers retrieved from the database
2025-04-29T15:16:50,237 WARN   --- [http-nio-8080-exec-10] com.SwapifyBe.service.OfferService(OfferService.java:183) : No offers found for user: 23c8ee45-1b04-4bde-85e9-fd7ff74c33bc
2025-04-29T15:16:50,238 INFO   --- [http-nio-8080-exec-10] com.SwapifyBe.service.OfferService(OfferService.java:190) : Offers successfully retrieved for user: 23c8ee45-1b04-4bde-85e9-fd7ff74c33bc
2025-04-29T15:16:50,240 INFO   --- [http-nio-8080-exec-10] com.SwapifyBe.filter.JwtAuthenticationFilter(JwtAuthenticationFilter.java:48) : IP : 95.70.243.184 && URI :/api/offer/getOffers Request duration: 60ms
2025-04-29T15:16:50,251 INFO   --- [http-nio-8080-exec-3] com.SwapifyBe.filter.JwtAuthenticationFilter(JwtAuthenticationFilter.java:48) : IP : 95.70.243.184 && URI :/api/favorite/getAllFavorite Request duration: 52ms
2025-04-29T15:16:50,343 INFO   --- [http-nio-8080-exec-7] com.SwapifyBe.filter.JwtAuthenticationFilter(JwtAuthenticationFilter.java:48) : IP : 95.70.243.184 && URI :/api/token/getFcmToken Request duration: 15ms
2025-04-29T15:16:50,365 INFO   --- [http-nio-8080-exec-4] com.SwapifyBe.filter.JwtAuthenticationFilter(JwtAuthenticationFilter.java:48) : IP : 95.70.243.184 && URI :/api/follower/getFollower Request duration: 47ms
2025-04-29T15:16:50,366 INFO   --- [http-nio-8080-exec-2] com.SwapifyBe.filter.JwtAuthenticationFilter(JwtAuthenticationFilter.java:48) : IP : 95.70.243.184 && URI :/api/follower/getFollowing Request duration: 37ms
2025-04-29T15:16:50,423 INFO   --- [http-nio-8080-exec-1] com.SwapifyBe.filter.JwtAuthenticationFilter(JwtAuthenticationFilter.java:48) : IP : 95.70.243.184 && URI :/api/advertisement/get Request duration: 250ms
2025-04-29T15:16:50,493 INFO   --- [http-nio-8080-exec-5] com.SwapifyBe.cache.Hazelcast(Hazelcast.java:46) : Saving FCM token to Hazelcast: 23c8ee45-1b04-4bde-85e9-fd7ff74c33bc - fFFvBGheI0ixq9WYFkCEMx:APA91bHt1Nq4i_CAu5AqOU64dBH49-dBKQYaMO_8_PWjqW8i19PnPvjAKAoYfLiwj8WsTTldTUVfnRI-psfTM1m4ofpMFdR8Cdg0tKB9b0FZ5aRUU78NQpE
2025-04-29T15:16:50,509 INFO   --- [http-nio-8080-exec-5] com.SwapifyBe.cache.Hazelcast(Hazelcast.java:49) : FCM token saved to Hazelcast: 23c8ee45-1b04-4bde-85e9-fd7ff74c33bc - fFFvBGheI0ixq9WYFkCEMx:APA91bHt1Nq4i_CAu5AqOU64dBH49-dBKQYaMO_8_PWjqW8i19PnPvjAKAoYfLiwj8WsTTldTUVfnRI-psfTM1m4ofpMFdR8Cdg0tKB9b0FZ5aRUU78NQpE
2025-04-29T15:16:50,512 INFO   --- [http-nio-8080-exec-5] com.SwapifyBe.filter.JwtAuthenticationFilter(JwtAuthenticationFilter.java:48) : IP : 95.70.243.184 && URI :/api/token/alreadyExistsHazelcastFcmToken Request duration: 580ms
2025-04-29T15:16:50,539 INFO   --- [http-nio-8080-exec-8] com.SwapifyBe.filter.JwtAuthenticationFilter(JwtAuthenticationFilter.java:48) : IP : 95.70.243.184 && URI :/ws/info Request duration: 16ms
2025-04-29T15:16:50,778 INFO   --- [http-nio-8080-exec-9] com.SwapifyBe.filter.JwtAuthenticationFilter(JwtAuthenticationFilter.java:48) : IP : 95.70.243.184 && URI :/ws/181/0zphbvp4/websocket Request duration: 55ms
2025-04-29T15:16:51,036 INFO   --- [clientInboundChannel-1] com.SwapifyBe.cache.Hazelcast(Hazelcast.java:82) : Saving user ID as active in Hazelcast: 23c8ee45-1b04-4bde-85e9-fd7ff74c33bc
2025-04-29T15:16:51,045 INFO   --- [clientInboundChannel-1] com.SwapifyBe.cache.Hazelcast(Hazelcast.java:103) : Saving user to Hazelcast: 23c8ee45-1b04-4bde-85e9-fd7ff74c33bc
2025-04-29T15:16:51,047 INFO   --- [clientInboundChannel-1] com.SwapifyBe.cache.Hazelcast(Hazelcast.java:106) : User saved to Hazelcast: 23c8ee45-1b04-4bde-85e9-fd7ff74c33bc
2025-04-29T15:17:49,701 INFO   --- [clientInboundChannel-2] com.SwapifyBe.cache.Hazelcast(Hazelcast.java:96) : Marking user ID as passive in Hazelcast: "23c8ee45-1b04-4bde-85e9-fd7ff74c33bc"
2025-04-29T15:17:49,703 ERROR  --- [clientInboundChannel-2] com.SwapifyBe.websocket.WebSocketController(WebSocketController.java:232) : Error closing WebSocket for user: "23c8ee45-1b04-4bde-85e9-fd7ff74c33bc"
java.lang.IllegalArgumentException: UUID string too large
	at java.base/java.util.UUID.fromString1(UUID.java:264) ~[?:?]
	at java.base/java.util.UUID.fromString(UUID.java:258) ~[?:?]
	at com.SwapifyBe.websocket.WebSocketController.closeConnection(WebSocketController.java:227) [!/:0.0.1-SNAPSHOT]
	at java.base/jdk.internal.reflect.NativeMethodAccessorImpl.invoke0(Native Method) ~[?:?]
	at java.base/jdk.internal.reflect.NativeMethodAccessorImpl.invoke(NativeMethodAccessorImpl.java:77) ~[?:?]
	at java.base/jdk.internal.reflect.DelegatingMethodAccessorImpl.invoke(DelegatingMethodAccessorImpl.java:43) ~[?:?]
	at java.base/java.lang.reflect.Method.invoke(Method.java:569) ~[?:?]
	at org.springframework.messaging.handler.invocation.InvocableHandlerMethod.doInvoke(InvocableHandlerMethod.java:169) [spring-messaging-6.2.3.jar!/:6.2.3]
	at org.springframework.messaging.handler.invocation.InvocableHandlerMethod.invoke(InvocableHandlerMethod.java:119) [spring-messaging-6.2.3.jar!/:6.2.3]
	at org.springframework.messaging.handler.invocation.AbstractMethodMessageHandler.handleMatch(AbstractMethodMessageHandler.java:568) [spring-messaging-6.2.3.jar!/:6.2.3]
	at org.springframework.messaging.simp.annotation.support.SimpAnnotationMethodMessageHandler.handleMatch(SimpAnnotationMethodMessageHandler.java:530) [spring-messaging-6.2.3.jar!/:6.2.3]
	at org.springframework.messaging.simp.annotation.support.SimpAnnotationMethodMessageHandler.handleMatch(SimpAnnotationMethodMessageHandler.java:93) [spring-messaging-6.2.3.jar!/:6.2.3]
	at org.springframework.messaging.handler.invocation.AbstractMethodMessageHandler.handleMessageInternal(AbstractMethodMessageHandler.java:522) [spring-messaging-6.2.3.jar!/:6.2.3]
	at org.springframework.messaging.handler.invocation.AbstractMethodMessageHandler.handleMessage(AbstractMethodMessageHandler.java:457) [spring-messaging-6.2.3.jar!/:6.2.3]
	at org.springframework.messaging.support.ExecutorSubscribableChannel$SendTask.run(ExecutorSubscribableChannel.java:152) [spring-messaging-6.2.3.jar!/:6.2.3]
	at java.base/java.util.concurrent.ThreadPoolExecutor.runWorker(ThreadPoolExecutor.java:1136) [?:?]
	at java.base/java.util.concurrent.ThreadPoolExecutor$Worker.run(ThreadPoolExecutor.java:635) [?:?]
	at java.base/java.lang.Thread.run(Thread.java:840) [?:?]
2025-04-29T15:22:30,169 INFO   --- [http-nio-8080-exec-3] com.SwapifyBe.filter.JwtAuthenticationFilter(JwtAuthenticationFilter.java:48) : IP : 95.70.243.184 && URI :/ws/info Request duration: 2ms
2025-04-29T15:22:30,332 INFO   --- [http-nio-8080-exec-6] com.SwapifyBe.filter.JwtAuthenticationFilter(JwtAuthenticationFilter.java:48) : IP : 95.70.243.184 && URI :/ws/623/aghmq0kg/websocket Request duration: 7ms
2025-04-29T15:22:30,535 INFO   --- [clientInboundChannel-3] com.SwapifyBe.cache.Hazelcast(Hazelcast.java:82) : Saving user ID as active in Hazelcast: 23c8ee45-1b04-4bde-85e9-fd7ff74c33bc
2025-04-29T15:22:30,539 INFO   --- [clientInboundChannel-3] com.SwapifyBe.cache.Hazelcast(Hazelcast.java:103) : Saving user to Hazelcast: 23c8ee45-1b04-4bde-85e9-fd7ff74c33bc
2025-04-29T15:22:30,542 INFO   --- [clientInboundChannel-3] com.SwapifyBe.cache.Hazelcast(Hazelcast.java:106) : User saved to Hazelcast: 23c8ee45-1b04-4bde-85e9-fd7ff74c33bc
2025-04-29T15:22:30,557 INFO   --- [http-nio-8080-exec-2] com.SwapifyBe.filter.JwtAuthenticationFilter(JwtAuthenticationFilter.java:48) : IP : 95.70.243.184 && URI :/api/message/getChatUsers Request duration: 35ms
2025-04-29T15:22:31,588 INFO   --- [http-nio-8080-exec-9] com.SwapifyBe.cache.Hazelcast(Hazelcast.java:117) : Getting user status from Hazelcast: 11622642-8588-4749-ac0f-31314ae816fe
2025-04-29T15:22:31,591 INFO   --- [http-nio-8080-exec-8] com.SwapifyBe.filter.JwtAuthenticationFilter(JwtAuthenticationFilter.java:48) : IP : 95.70.243.184 && URI :/api/message/getChatMessages Request duration: 91ms
2025-04-29T15:22:31,596 WARN   --- [http-nio-8080-exec-9] com.SwapifyBe.cache.Hazelcast(Hazelcast.java:121) : User status not found for userId: 11622642-8588-4749-ac0f-31314ae816fe
2025-04-29T15:22:31,599 INFO   --- [http-nio-8080-exec-9] com.SwapifyBe.filter.JwtAuthenticationFilter(JwtAuthenticationFilter.java:48) : IP : 95.70.243.184 && URI :/api/user/message/onlinestatus/11622642-8588-4749-ac0f-31314ae816fe Request duration: 23ms
2025-04-29T15:22:34,134 INFO   --- [clientInboundChannel-4] com.SwapifyBe.dao.user.UserDaoImpl(UserDaoImpl.java:26) : Getting user from the database
2025-04-29T15:22:34,145 INFO   --- [clientInboundChannel-4] com.SwapifyBe.dao.user.UserDaoImpl(UserDaoImpl.java:32) : User retrieved from the database
2025-04-29T15:22:34,146 INFO   --- [clientInboundChannel-4] com.SwapifyBe.dao.user.UserDaoImpl(UserDaoImpl.java:26) : Getting user from the database
2025-04-29T15:22:34,148 INFO   --- [clientInboundChannel-4] com.SwapifyBe.dao.user.UserDaoImpl(UserDaoImpl.java:32) : User retrieved from the database
2025-04-29T15:22:34,247 INFO   --- [clientInboundChannel-4] com.SwapifyBe.cache.Hazelcast(Hazelcast.java:75) : Checking if user is active in Hazelcast for ID: 11622642-8588-4749-ac0f-31314ae816fe
2025-04-29T15:22:34,249 INFO   --- [clientInboundChannel-4] com.SwapifyBe.websocket.WebSocketController(WebSocketController.java:97) : Sending message to Firebase: 343dbaf3-4f00-4d65-ba82-32370ff89c57
2025-04-29T15:22:34,249 INFO   --- [clientInboundChannel-4] com.SwapifyBe.service.UserService(UserService.java:51) : Getting user
2025-04-29T15:22:34,250 INFO   --- [clientInboundChannel-4] com.SwapifyBe.dao.user.UserDaoImpl(UserDaoImpl.java:26) : Getting user from the database
2025-04-29T15:22:34,254 INFO   --- [clientInboundChannel-4] com.SwapifyBe.dao.user.UserDaoImpl(UserDaoImpl.java:32) : User retrieved from the database
2025-04-29T15:22:34,258 INFO   --- [clientInboundChannel-4] com.SwapifyBe.service.UserService(UserService.java:59) : User retrieved
2025-04-29T15:22:34,265 INFO   --- [clientInboundChannel-4] com.SwapifyBe.notification.PushMessage(PushMessage.java:78) : Sending notification to: 11622642-8588-4749-ac0f-31314ae816fe
2025-04-29T15:22:34,265 INFO   --- [clientInboundChannel-4] com.SwapifyBe.cache.Hazelcast(Hazelcast.java:55) : Getting FCM token from Hazelcast for ID: 11622642-8588-4749-ac0f-31314ae816fe
2025-04-29T15:22:35,331 INFO   --- [clientInboundChannel-4] com.SwapifyBe.notification.PushMessage(PushMessage.java:159) : Notification sent successfully: projects/takashub-f8855/messages/1745940154923223
2025-04-29T15:22:35,332 INFO   --- [clientInboundChannel-4] com.SwapifyBe.websocket.WebSocketController(WebSocketController.java:111) : Message sent to Firebase: Mdmddnmdjs
2025-04-29T15:23:34,491 INFO   --- [clientInboundChannel-5] com.SwapifyBe.cache.Hazelcast(Hazelcast.java:96) : Marking user ID as passive in Hazelcast: "23c8ee45-1b04-4bde-85e9-fd7ff74c33bc"
2025-04-29T15:23:34,492 ERROR  --- [clientInboundChannel-5] com.SwapifyBe.websocket.WebSocketController(WebSocketController.java:232) : Error closing WebSocket for user: "23c8ee45-1b04-4bde-85e9-fd7ff74c33bc"
java.lang.IllegalArgumentException: UUID string too large
	at java.base/java.util.UUID.fromString1(UUID.java:264) ~[?:?]
	at java.base/java.util.UUID.fromString(UUID.java:258) ~[?:?]
	at com.SwapifyBe.websocket.WebSocketController.closeConnection(WebSocketController.java:227) [!/:0.0.1-SNAPSHOT]
	at java.base/jdk.internal.reflect.NativeMethodAccessorImpl.invoke0(Native Method) ~[?:?]
	at java.base/jdk.internal.reflect.NativeMethodAccessorImpl.invoke(NativeMethodAccessorImpl.java:77) ~[?:?]
	at java.base/jdk.internal.reflect.DelegatingMethodAccessorImpl.invoke(DelegatingMethodAccessorImpl.java:43) ~[?:?]
	at java.base/java.lang.reflect.Method.invoke(Method.java:569) ~[?:?]
	at org.springframework.messaging.handler.invocation.InvocableHandlerMethod.doInvoke(InvocableHandlerMethod.java:169) [spring-messaging-6.2.3.jar!/:6.2.3]
	at org.springframework.messaging.handler.invocation.InvocableHandlerMethod.invoke(InvocableHandlerMethod.java:119) [spring-messaging-6.2.3.jar!/:6.2.3]
	at org.springframework.messaging.handler.invocation.AbstractMethodMessageHandler.handleMatch(AbstractMethodMessageHandler.java:568) [spring-messaging-6.2.3.jar!/:6.2.3]
	at org.springframework.messaging.simp.annotation.support.SimpAnnotationMethodMessageHandler.handleMatch(SimpAnnotationMethodMessageHandler.java:530) [spring-messaging-6.2.3.jar!/:6.2.3]
	at org.springframework.messaging.simp.annotation.support.SimpAnnotationMethodMessageHandler.handleMatch(SimpAnnotationMethodMessageHandler.java:93) [spring-messaging-6.2.3.jar!/:6.2.3]
	at org.springframework.messaging.handler.invocation.AbstractMethodMessageHandler.handleMessageInternal(AbstractMethodMessageHandler.java:522) [spring-messaging-6.2.3.jar!/:6.2.3]
	at org.springframework.messaging.handler.invocation.AbstractMethodMessageHandler.handleMessage(AbstractMethodMessageHandler.java:457) [spring-messaging-6.2.3.jar!/:6.2.3]
	at org.springframework.messaging.support.ExecutorSubscribableChannel$SendTask.run(ExecutorSubscribableChannel.java:152) [spring-messaging-6.2.3.jar!/:6.2.3]
	at java.base/java.util.concurrent.ThreadPoolExecutor.runWorker(ThreadPoolExecutor.java:1136) [?:?]
	at java.base/java.util.concurrent.ThreadPoolExecutor$Worker.run(ThreadPoolExecutor.java:635) [?:?]
	at java.base/java.lang.Thread.run(Thread.java:840) [?:?]
2025-04-29T15:23:58,936 INFO   --- [http-nio-8080-exec-2] com.SwapifyBe.filter.JwtAuthenticationFilter(JwtAuthenticationFilter.java:48) : IP : 95.70.243.184 && URI :/ws/info Request duration: 3ms
2025-04-29T15:23:59,003 INFO   --- [http-nio-8080-exec-1] com.SwapifyBe.filter.JwtAuthenticationFilter(JwtAuthenticationFilter.java:48) : IP : 95.70.243.184 && URI :/api/message/getChatMessages Request duration: 52ms
2025-04-29T15:23:59,094 INFO   --- [http-nio-8080-exec-5] com.SwapifyBe.filter.JwtAuthenticationFilter(JwtAuthenticationFilter.java:48) : IP : 95.70.243.184 && URI :/ws/425/ms0hilh1/websocket Request duration: 12ms
2025-04-29T15:23:59,139 INFO   --- [http-nio-8080-exec-8] com.SwapifyBe.filter.JwtAuthenticationFilter(JwtAuthenticationFilter.java:48) : IP : 95.70.243.184 && URI :/api/message/getChatMessages Request duration: 50ms
2025-04-29T15:23:59,252 INFO   --- [clientInboundChannel-4] com.SwapifyBe.cache.Hazelcast(Hazelcast.java:82) : Saving user ID as active in Hazelcast: 23c8ee45-1b04-4bde-85e9-fd7ff74c33bc
2025-04-29T15:23:59,252 INFO   --- [clientInboundChannel-4] com.SwapifyBe.cache.Hazelcast(Hazelcast.java:103) : Saving user to Hazelcast: 23c8ee45-1b04-4bde-85e9-fd7ff74c33bc
2025-04-29T15:23:59,253 INFO   --- [clientInboundChannel-4] com.SwapifyBe.cache.Hazelcast(Hazelcast.java:106) : User saved to Hazelcast: 23c8ee45-1b04-4bde-85e9-fd7ff74c33bc
2025-04-29T15:24:00,380 INFO   --- [clientInboundChannel-5] com.SwapifyBe.cache.Hazelcast(Hazelcast.java:96) : Marking user ID as passive in Hazelcast: "23c8ee45-1b04-4bde-85e9-fd7ff74c33bc"
2025-04-29T15:24:00,385 ERROR  --- [clientInboundChannel-5] com.SwapifyBe.websocket.WebSocketController(WebSocketController.java:232) : Error closing WebSocket for user: "23c8ee45-1b04-4bde-85e9-fd7ff74c33bc"
java.lang.IllegalArgumentException: UUID string too large
	at java.base/java.util.UUID.fromString1(UUID.java:264) ~[?:?]
	at java.base/java.util.UUID.fromString(UUID.java:258) ~[?:?]
	at com.SwapifyBe.websocket.WebSocketController.closeConnection(WebSocketController.java:227) [!/:0.0.1-SNAPSHOT]
	at java.base/jdk.internal.reflect.NativeMethodAccessorImpl.invoke0(Native Method) ~[?:?]
	at java.base/jdk.internal.reflect.NativeMethodAccessorImpl.invoke(NativeMethodAccessorImpl.java:77) ~[?:?]
	at java.base/jdk.internal.reflect.DelegatingMethodAccessorImpl.invoke(DelegatingMethodAccessorImpl.java:43) ~[?:?]
	at java.base/java.lang.reflect.Method.invoke(Method.java:569) ~[?:?]
	at org.springframework.messaging.handler.invocation.InvocableHandlerMethod.doInvoke(InvocableHandlerMethod.java:169) [spring-messaging-6.2.3.jar!/:6.2.3]
	at org.springframework.messaging.handler.invocation.InvocableHandlerMethod.invoke(InvocableHandlerMethod.java:119) [spring-messaging-6.2.3.jar!/:6.2.3]
	at org.springframework.messaging.handler.invocation.AbstractMethodMessageHandler.handleMatch(AbstractMethodMessageHandler.java:568) [spring-messaging-6.2.3.jar!/:6.2.3]
	at org.springframework.messaging.simp.annotation.support.SimpAnnotationMethodMessageHandler.handleMatch(SimpAnnotationMethodMessageHandler.java:530) [spring-messaging-6.2.3.jar!/:6.2.3]
	at org.springframework.messaging.simp.annotation.support.SimpAnnotationMethodMessageHandler.handleMatch(SimpAnnotationMethodMessageHandler.java:93) [spring-messaging-6.2.3.jar!/:6.2.3]
	at org.springframework.messaging.handler.invocation.AbstractMethodMessageHandler.handleMessageInternal(AbstractMethodMessageHandler.java:522) [spring-messaging-6.2.3.jar!/:6.2.3]
	at org.springframework.messaging.handler.invocation.AbstractMethodMessageHandler.handleMessage(AbstractMethodMessageHandler.java:457) [spring-messaging-6.2.3.jar!/:6.2.3]
	at org.springframework.messaging.support.ExecutorSubscribableChannel$SendTask.run(ExecutorSubscribableChannel.java:152) [spring-messaging-6.2.3.jar!/:6.2.3]
	at java.base/java.util.concurrent.ThreadPoolExecutor.runWorker(ThreadPoolExecutor.java:1136) [?:?]
	at java.base/java.util.concurrent.ThreadPoolExecutor$Worker.run(ThreadPoolExecutor.java:635) [?:?]
	at java.base/java.lang.Thread.run(Thread.java:840) [?:?]
2025-04-29T15:24:02,720 INFO   --- [http-nio-8080-exec-8] com.SwapifyBe.controller.ConfigurationController(ConfigurationController.java:28) : Getting all configurations
2025-04-29T15:24:02,732 INFO   --- [http-nio-8080-exec-1] com.SwapifyBe.controller.CategoryController(CategoryController.java:32) : All categories retrieved
2025-04-29T15:24:02,732 INFO   --- [http-nio-8080-exec-5] com.SwapifyBe.controller.ConfigurationController(ConfigurationController.java:39) : getErrorConfig all configurations
2025-04-29T15:24:02,732 INFO   --- [http-nio-8080-exec-8] com.SwapifyBe.service.ConfigurationService(ConfigurationService.java:29) : ConfigurationService findAll
2025-04-29T15:24:02,733 INFO   --- [http-nio-8080-exec-8] com.SwapifyBe.dao.configuration.ConfigurationDaoImpl(ConfigurationDaoImpl.java:26) : Getting all configurations
2025-04-29T15:24:02,733 INFO   --- [http-nio-8080-exec-5] com.SwapifyBe.service.ConfigurationService(ConfigurationService.java:56) : ConfigurationService getErrorConfig
2025-04-29T15:24:02,740 INFO   --- [http-nio-8080-exec-1] com.SwapifyBe.service.CategoryService(CategoryService.java:24) : Getting all categories
2025-04-29T15:24:02,743 INFO   --- [http-nio-8080-exec-8] com.SwapifyBe.filter.JwtAuthenticationFilter(JwtAuthenticationFilter.java:48) : IP : 95.70.243.184 && URI :/api/configuration/getConfig Request duration: 23ms
2025-04-29T15:24:02,745 INFO   --- [http-nio-8080-exec-5] com.SwapifyBe.filter.JwtAuthenticationFilter(JwtAuthenticationFilter.java:48) : IP : 95.70.243.184 && URI :/api/configuration/getErrorConfig Request duration: 20ms
2025-04-29T15:24:02,754 INFO   --- [http-nio-8080-exec-1] com.SwapifyBe.filter.JwtAuthenticationFilter(JwtAuthenticationFilter.java:48) : IP : 95.70.243.184 && URI :/api/category/getAllCategories Request duration: 23ms
2025-04-29T15:24:02,850 INFO   --- [http-nio-8080-exec-9] com.SwapifyBe.service.AdvertisementService(AdvertisementService.java:233) : All advertisements retrieving...
2025-04-29T15:24:02,855 INFO   --- [http-nio-8080-exec-10] com.SwapifyBe.cache.Hazelcast(Hazelcast.java:55) : Getting FCM token from Hazelcast for ID: 23c8ee45-1b04-4bde-85e9-fd7ff74c33bc
2025-04-29T15:24:02,865 INFO   --- [http-nio-8080-exec-10] com.SwapifyBe.filter.JwtAuthenticationFilter(JwtAuthenticationFilter.java:48) : IP : 95.70.243.184 && URI :/api/token/alreadyExistsHazelcastFcmToken Request duration: 15ms
2025-04-29T15:24:02,867 INFO   --- [http-nio-8080-exec-3] com.SwapifyBe.filter.JwtAuthenticationFilter(JwtAuthenticationFilter.java:48) : IP : 95.70.243.184 && URI :/api/message/getChatUsers Request duration: 27ms
2025-04-29T15:24:02,877 INFO   --- [http-nio-8080-exec-9] com.SwapifyBe.service.AdvertisementService(AdvertisementService.java:248) : All advertisements retrieved
2025-04-29T15:24:02,885 INFO   --- [http-nio-8080-exec-9] com.SwapifyBe.filter.JwtAuthenticationFilter(JwtAuthenticationFilter.java:48) : IP : 95.70.243.184 && URI :/api/advertisement/getAll Request duration: 37ms
2025-04-29T15:24:02,920 INFO   --- [http-nio-8080-exec-6] com.SwapifyBe.controller.NotificationController(NotificationController.java:28) : Getting notifications
2025-04-29T15:24:02,924 INFO   --- [http-nio-8080-exec-4] com.SwapifyBe.service.AdvertisementService(AdvertisementService.java:233) : All advertisements retrieving...
2025-04-29T15:24:02,930 INFO   --- [http-nio-8080-exec-7] com.SwapifyBe.service.OfferService(OfferService.java:206) : Fetching sent offers for user: 23c8ee45-1b04-4bde-85e9-fd7ff74c33bc
2025-04-29T15:24:02,940 INFO   --- [http-nio-8080-exec-2] com.SwapifyBe.service.OfferService(OfferService.java:209) : Fetching received offers for user: 23c8ee45-1b04-4bde-85e9-fd7ff74c33bc
2025-04-29T15:24:02,941 INFO   --- [http-nio-8080-exec-7] com.SwapifyBe.dao.offer.OfferDaoImpl(OfferDaoImpl.java:68) : Getting offers from the database
2025-04-29T15:24:02,942 INFO   --- [http-nio-8080-exec-6] com.SwapifyBe.filter.JwtAuthenticationFilter(JwtAuthenticationFilter.java:48) : IP : 95.70.243.184 && URI :/api/notification/getNotifications Request duration: 23ms
2025-04-29T15:24:02,942 INFO   --- [http-nio-8080-exec-4] com.SwapifyBe.service.AdvertisementService(AdvertisementService.java:248) : All advertisements retrieved
2025-04-29T15:24:02,943 INFO   --- [http-nio-8080-exec-2] com.SwapifyBe.dao.offer.OfferDaoImpl(OfferDaoImpl.java:87) : Getting offers from the database
2025-04-29T15:24:02,947 INFO   --- [http-nio-8080-exec-8] com.SwapifyBe.service.AdvertisementService(AdvertisementService.java:196) : getAllAdvertisementUserId retrieving...
2025-04-29T15:24:02,952 INFO   --- [http-nio-8080-exec-4] com.SwapifyBe.filter.JwtAuthenticationFilter(JwtAuthenticationFilter.java:48) : IP : 95.70.243.184 && URI :/api/advertisement/getAll Request duration: 30ms
2025-04-29T15:24:02,952 INFO   --- [http-nio-8080-exec-7] com.SwapifyBe.dao.offer.OfferDaoImpl(OfferDaoImpl.java:74) : Offers retrieved from the database
2025-04-29T15:24:02,958 INFO   --- [http-nio-8080-exec-2] com.SwapifyBe.dao.offer.OfferDaoImpl(OfferDaoImpl.java:93) : Offers retrieved from the database
2025-04-29T15:24:02,962 WARN   --- [http-nio-8080-exec-7] com.SwapifyBe.service.OfferService(OfferService.java:183) : No offers found for user: 23c8ee45-1b04-4bde-85e9-fd7ff74c33bc
2025-04-29T15:24:02,962 INFO   --- [http-nio-8080-exec-7] com.SwapifyBe.service.OfferService(OfferService.java:190) : Offers successfully retrieved for user: 23c8ee45-1b04-4bde-85e9-fd7ff74c33bc
2025-04-29T15:24:02,963 INFO   --- [http-nio-8080-exec-7] com.SwapifyBe.filter.JwtAuthenticationFilter(JwtAuthenticationFilter.java:48) : IP : 95.70.243.184 && URI :/api/offer/getOffers Request duration: 35ms
2025-04-29T15:24:02,964 WARN   --- [http-nio-8080-exec-2] com.SwapifyBe.service.OfferService(OfferService.java:183) : No offers found for user: 23c8ee45-1b04-4bde-85e9-fd7ff74c33bc
2025-04-29T15:24:02,969 INFO   --- [http-nio-8080-exec-2] com.SwapifyBe.service.OfferService(OfferService.java:190) : Offers successfully retrieved for user: 23c8ee45-1b04-4bde-85e9-fd7ff74c33bc
2025-04-29T15:24:02,971 INFO   --- [http-nio-8080-exec-5] com.SwapifyBe.filter.JwtAuthenticationFilter(JwtAuthenticationFilter.java:48) : IP : 95.70.243.184 && URI :/api/favorite/getAllFavorite Request duration: 14ms
2025-04-29T15:24:02,975 INFO   --- [http-nio-8080-exec-2] com.SwapifyBe.filter.JwtAuthenticationFilter(JwtAuthenticationFilter.java:48) : IP : 95.70.243.184 && URI :/api/offer/getOffers Request duration: 31ms
2025-04-29T15:24:02,977 INFO   --- [http-nio-8080-exec-8] com.SwapifyBe.filter.JwtAuthenticationFilter(JwtAuthenticationFilter.java:48) : IP : 95.70.243.184 && URI :/api/advertisement/get Request duration: 31ms
2025-04-29T15:24:03,075 INFO   --- [http-nio-8080-exec-10] com.SwapifyBe.filter.JwtAuthenticationFilter(JwtAuthenticationFilter.java:48) : IP : 95.70.243.184 && URI :/api/follower/getFollowing Request duration: 13ms
2025-04-29T15:24:03,081 INFO   --- [http-nio-8080-exec-1] com.SwapifyBe.filter.JwtAuthenticationFilter(JwtAuthenticationFilter.java:48) : IP : 95.70.243.184 && URI :/api/token/getFcmToken Request duration: 28ms
2025-04-29T15:24:03,083 INFO   --- [http-nio-8080-exec-3] com.SwapifyBe.filter.JwtAuthenticationFilter(JwtAuthenticationFilter.java:48) : IP : 95.70.243.184 && URI :/api/follower/getFollower Request duration: 17ms
2025-04-29T15:24:03,194 INFO   --- [http-nio-8080-exec-9] com.SwapifyBe.filter.JwtAuthenticationFilter(JwtAuthenticationFilter.java:48) : IP : 95.70.243.184 && URI :/ws/info Request duration: 2ms
2025-04-29T15:24:03,339 INFO   --- [http-nio-8080-exec-6] com.SwapifyBe.filter.JwtAuthenticationFilter(JwtAuthenticationFilter.java:48) : IP : 95.70.243.184 && URI :/ws/601/e0wg5fxi/websocket Request duration: 2ms
2025-04-29T15:24:03,486 INFO   --- [clientInboundChannel-4] com.SwapifyBe.cache.Hazelcast(Hazelcast.java:82) : Saving user ID as active in Hazelcast: 23c8ee45-1b04-4bde-85e9-fd7ff74c33bc
2025-04-29T15:24:03,487 INFO   --- [clientInboundChannel-4] com.SwapifyBe.cache.Hazelcast(Hazelcast.java:103) : Saving user to Hazelcast: 23c8ee45-1b04-4bde-85e9-fd7ff74c33bc
2025-04-29T15:24:03,487 INFO   --- [clientInboundChannel-4] com.SwapifyBe.cache.Hazelcast(Hazelcast.java:106) : User saved to Hazelcast: 23c8ee45-1b04-4bde-85e9-fd7ff74c33bc
2025-04-29T15:25:15,662 INFO   --- [clientInboundChannel-6] com.SwapifyBe.cache.Hazelcast(Hazelcast.java:96) : Marking user ID as passive in Hazelcast: "23c8ee45-1b04-4bde-85e9-fd7ff74c33bc"
2025-04-29T15:25:15,662 ERROR  --- [clientInboundChannel-6] com.SwapifyBe.websocket.WebSocketController(WebSocketController.java:232) : Error closing WebSocket for user: "23c8ee45-1b04-4bde-85e9-fd7ff74c33bc"
java.lang.IllegalArgumentException: UUID string too large
	at java.base/java.util.UUID.fromString1(UUID.java:264) ~[?:?]
	at java.base/java.util.UUID.fromString(UUID.java:258) ~[?:?]
	at com.SwapifyBe.websocket.WebSocketController.closeConnection(WebSocketController.java:227) [!/:0.0.1-SNAPSHOT]
	at java.base/jdk.internal.reflect.NativeMethodAccessorImpl.invoke0(Native Method) ~[?:?]
	at java.base/jdk.internal.reflect.NativeMethodAccessorImpl.invoke(NativeMethodAccessorImpl.java:77) ~[?:?]
	at java.base/jdk.internal.reflect.DelegatingMethodAccessorImpl.invoke(DelegatingMethodAccessorImpl.java:43) ~[?:?]
	at java.base/java.lang.reflect.Method.invoke(Method.java:569) ~[?:?]
	at org.springframework.messaging.handler.invocation.InvocableHandlerMethod.doInvoke(InvocableHandlerMethod.java:169) [spring-messaging-6.2.3.jar!/:6.2.3]
	at org.springframework.messaging.handler.invocation.InvocableHandlerMethod.invoke(InvocableHandlerMethod.java:119) [spring-messaging-6.2.3.jar!/:6.2.3]
	at org.springframework.messaging.handler.invocation.AbstractMethodMessageHandler.handleMatch(AbstractMethodMessageHandler.java:568) [spring-messaging-6.2.3.jar!/:6.2.3]
	at org.springframework.messaging.simp.annotation.support.SimpAnnotationMethodMessageHandler.handleMatch(SimpAnnotationMethodMessageHandler.java:530) [spring-messaging-6.2.3.jar!/:6.2.3]
	at org.springframework.messaging.simp.annotation.support.SimpAnnotationMethodMessageHandler.handleMatch(SimpAnnotationMethodMessageHandler.java:93) [spring-messaging-6.2.3.jar!/:6.2.3]
	at org.springframework.messaging.handler.invocation.AbstractMethodMessageHandler.handleMessageInternal(AbstractMethodMessageHandler.java:522) [spring-messaging-6.2.3.jar!/:6.2.3]
	at org.springframework.messaging.handler.invocation.AbstractMethodMessageHandler.handleMessage(AbstractMethodMessageHandler.java:457) [spring-messaging-6.2.3.jar!/:6.2.3]
	at org.springframework.messaging.support.ExecutorSubscribableChannel$SendTask.run(ExecutorSubscribableChannel.java:152) [spring-messaging-6.2.3.jar!/:6.2.3]
	at java.base/java.util.concurrent.ThreadPoolExecutor.runWorker(ThreadPoolExecutor.java:1136) [?:?]
	at java.base/java.util.concurrent.ThreadPoolExecutor$Worker.run(ThreadPoolExecutor.java:635) [?:?]
	at java.base/java.lang.Thread.run(Thread.java:840) [?:?]
