2025-06-01T21:50:40,878 INFO   --- [main] org.hibernate.jpa.internal.util.LogHelper(LogHelper.java:31) : HHH000204: Processing PersistenceUnitInfo [name: myPersistenceUnit]
2025-06-01T21:50:41,127 INFO   --- [main] org.hibernate.Version(Version.java:44) : HHH000412: Hibernate ORM core version 6.2.7.Final
2025-06-01T21:50:41,139 INFO   --- [main] org.hibernate.cfg.Environment(Environment.java:191) : HHH000406: Using bytecode reflection optimizer
2025-06-01T21:50:41,156 WARN   --- [main] org.hibernate.orm.deprecation(EntityManagerFactoryBuilderImpl.java:690) : HHH90000021: Encountered deprecated setting [javax.persistence.jdbc.user], use [jakarta.persistence.jdbc.user] instead
2025-06-01T21:50:41,160 WARN   --- [main] org.hibernate.orm.deprecation(EntityManagerFactoryBuilderImpl.java:712) : HHH90000021: Encountered deprecated setting [javax.persistence.jdbc.password], use [jakarta.persistence.jdbc.password] instead
2025-06-01T21:50:41,161 WARN   --- [main] org.hibernate.orm.deprecation(EntityManagerFactoryBuilderImpl.java:1027) : HHH90000021: Encountered deprecated setting [javax.persistence.jdbc.url], use [jakarta.persistence.jdbc.url] instead
2025-06-01T21:50:41,161 WARN   --- [main] org.hibernate.orm.deprecation(EntityManagerFactoryBuilderImpl.java:1034) : HHH90000021: Encountered deprecated setting [javax.persistence.jdbc.driver], use [jakarta.persistence.jdbc.driver] instead
2025-06-01T21:50:44,163 INFO   --- [main] org.hibernate.bytecode.internal.BytecodeProviderInitiator(BytecodeProviderInitiator.java:53) : HHH000021: Bytecode provider name : bytebuddy
2025-06-01T21:50:46,363 WARN   --- [main] org.hibernate.orm.connections.pooling(DriverManagerConnectionProviderImpl.java:80) : HHH10001002: Using built-in connection pool (not intended for production use)
2025-06-01T21:50:46,378 INFO   --- [main] org.hibernate.orm.connections.pooling(DriverManagerConnectionProviderImpl.java:139) : HHH10001005: Loaded JDBC driver class: org.postgresql.Driver
2025-06-01T21:50:46,378 INFO   --- [main] org.hibernate.orm.connections.pooling(DriverManagerConnectionProviderImpl.java:161) : HHH10001012: Connecting with JDBC URL [jdbc:postgresql://34.245.38.121:5432/swapiffy]
2025-06-01T21:50:46,379 INFO   --- [main] org.hibernate.orm.connections.pooling(DriverManagerConnectionProviderImpl.java:170) : HHH10001001: Connection properties: {password=****, user=Kemal}
2025-06-01T21:50:46,379 INFO   --- [main] org.hibernate.orm.connections.pooling(DriverManagerConnectionProviderImpl.java:174) : HHH10001003: Autocommit mode: false
2025-06-01T21:50:46,381 INFO   --- [main] org.hibernate.orm.connections.pooling(DriverManagerConnectionProviderImpl.java:366) : HHH10001115: Connection pool size: 20 (min=1)
2025-06-01T21:50:46,897 INFO   --- [main] org.hibernate.engine.transaction.jta.platform.internal.JtaPlatformInitiator(JtaPlatformInitiator.java:51) : HHH000490: Using JtaPlatform implementation: [org.hibernate.engine.transaction.jta.platform.internal.NoJtaPlatform]
2025-06-01T21:50:48,656 INFO   --- [main] org.hibernate.orm.connections.access(DdlTransactionIsolatorNonJtaImpl.java:52) : HHH10001501: Connection obtained from JdbcConnectionAccess [org.hibernate.engine.jdbc.env.internal.JdbcEnvironmentInitiator$ConnectionProviderJdbcConnectionAccess@72a80415] for (non-JTA) DDL execution was not in auto-commit mode; the Connection 'local transaction' will be committed and the Connection will be set into auto-commit mode.
2025-06-01T21:50:48,859 WARN   --- [main] org.hibernate.engine.jdbc.spi.SqlExceptionHelper(SqlExceptionHelper.java:238) : SQL Warning Code: 0, SQLState: 00000
2025-06-01T21:50:48,864 WARN   --- [main] org.hibernate.engine.jdbc.spi.SqlExceptionHelper(SqlExceptionHelper.java:239) : constraint "uk_t8o6pivur7nn124jehx7cygw5" of relation "categories" does not exist, skipping
2025-06-01T21:50:48,871 WARN   --- [main] org.hibernate.engine.jdbc.spi.SqlExceptionHelper(SqlExceptionHelper.java:238) : SQL Warning Code: 0, SQLState: 00000
2025-06-01T21:50:48,872 WARN   --- [main] org.hibernate.engine.jdbc.spi.SqlExceptionHelper(SqlExceptionHelper.java:239) : constraint "uk_9mhofo340xeehk27d27d0dtoh" of relation "error" does not exist, skipping
2025-06-01T21:50:48,879 WARN   --- [main] org.hibernate.engine.jdbc.spi.SqlExceptionHelper(SqlExceptionHelper.java:238) : SQL Warning Code: 0, SQLState: 00000
2025-06-01T21:50:48,880 WARN   --- [main] org.hibernate.engine.jdbc.spi.SqlExceptionHelper(SqlExceptionHelper.java:239) : constraint "uk_dmsub6kbiw532xvy1ndm73ufx" of relation "subscription_plans" does not exist, skipping
2025-06-01T21:50:48,888 WARN   --- [main] org.hibernate.engine.jdbc.spi.SqlExceptionHelper(SqlExceptionHelper.java:238) : SQL Warning Code: 0, SQLState: 00000
2025-06-01T21:50:48,889 WARN   --- [main] org.hibernate.engine.jdbc.spi.SqlExceptionHelper(SqlExceptionHelper.java:239) : constraint "uk_ob8kqyqqgmefl0aco34akdtpe" of relation "user" does not exist, skipping
2025-06-01T21:50:48,896 WARN   --- [main] org.hibernate.engine.jdbc.spi.SqlExceptionHelper(SqlExceptionHelper.java:238) : SQL Warning Code: 0, SQLState: 00000
2025-06-01T21:50:48,897 WARN   --- [main] org.hibernate.engine.jdbc.spi.SqlExceptionHelper(SqlExceptionHelper.java:239) : constraint "uk_fuw0j846d3hhj0asl6rdd4sq5" of relation "user_chats" does not exist, skipping
2025-06-01T21:50:48,945 INFO   --- [main] com.SwapifyBe.dao.category.CategoryDaoImpl(CategoryDaoImpl.java:18) : Initializing CategoryDaoImpl
2025-06-01T21:50:49,299 INFO   --- [main] com.SwapifyBe.dao.configuration.ConfigurationDaoImpl(ConfigurationDaoImpl.java:21) : Initializing ConfigurationDaoImpl
2025-06-01T21:50:49,300 INFO   --- [main] com.SwapifyBe.service.ConfigurationService(ConfigurationService.java:23) : ConfigurationService created
2025-06-01T21:50:49,301 INFO   --- [main] com.SwapifyBe.service.ConfigurationService(ConfigurationService.java:29) : ConfigurationService findAll
2025-06-01T21:50:49,302 INFO   --- [main] com.SwapifyBe.dao.configuration.ConfigurationDaoImpl(ConfigurationDaoImpl.java:26) : Getting all configurations
2025-06-01T21:50:55,797 INFO   --- [main] com.SwapifyBe.dao.auth.AuthDaoImpl(AuthDaoImpl.java:16) : Initializing AuthDaoImpl
2025-06-01T21:50:55,801 INFO   --- [main] com.SwapifyBe.dao.advertisement.AdvertisementDaoImpl(AdvertisementDaoImpl.java:23) : Advertisement dao implementation is initializing
2025-06-01T21:50:55,802 INFO   --- [main] com.SwapifyBe.dao.favorite.FavoritesDaoImpl(FavoritesDaoImpl.java:20) : Favorites dao implementation is initializing
2025-06-01T21:50:55,803 INFO   --- [main] com.SwapifyBe.dao.offer.OfferDaoImpl(OfferDaoImpl.java:20) : Offer dao implementation is initializing
2025-06-01T21:50:55,805 INFO   --- [main] com.SwapifyBe.dao.follower.FollowerDaoImpl(FollowerDaoImpl.java:20) : Followers dao implementation is initializing
2025-06-01T21:50:55,806 INFO   --- [main] com.SwapifyBe.dao.user.UserDaoImpl(UserDaoImpl.java:21) : User dao implementation is initializing
2025-06-01T21:50:55,807 INFO   --- [main] com.SwapifyBe.dao.message.MessageDaoImpl(MessageDaoImpl.java:19) : Message dao implementation is initializing
2025-06-01T21:50:55,808 INFO   --- [main] com.SwapifyBe.dao.user.UserDaoImpl(UserChatDaoImpl.java:20) : UserChatDaoImpl  implementation is initializing
2025-06-01T21:50:55,812 INFO   --- [main] com.SwapifyBe.notification.PushMessage(PushMessage.java:54) : FirebaseApp initializing...
2025-06-01T21:50:56,464 INFO   --- [main] com.SwapifyBe.notification.PushMessage(PushMessage.java:68) : FirebaseApp initialized
2025-06-01T21:50:56,484 INFO   --- [main] com.SwapifyBe.service.NotificationService(NotificationService.java:25) : Initializing NotificationService
2025-06-01T21:50:56,487 INFO   --- [main] com.SwapifyBe.service.SmsService(SmsService.java:33) : SmsService created
2025-06-01T21:50:56,488 INFO   --- [main] com.SwapifyBe.service.CategoryService(CategoryService.java:19) : CategoryService created
2025-06-01T21:50:56,561 INFO   --- [main] com.SwapifyBe.service.UserPermissionsService(UserPermissionsService.java:23) : UserPermissionsService created
2025-06-01T21:50:56,563 INFO   --- [main] com.SwapifyBe.service.UserService(UserService.java:41) : Initializing UserService
2025-06-01T21:50:56,577 INFO   --- [main] com.SwapifyBe.service.AdvertisementService(AdvertisementService.java:64) : Initializing AdvertisementService
2025-06-01T21:50:56,579 INFO   --- [main] com.SwapifyBe.service.AuthService(AuthService.java:53) : Initializing AuthService
2025-06-01T21:50:56,588 INFO   --- [main] com.SwapifyBe.service.FavoriteService(FavoriteService.java:37) : Initializing FavoriteService
2025-06-01T21:50:56,589 INFO   --- [main] com.SwapifyBe.service.OfferService(OfferService.java:56) : Initializing OfferService
2025-06-01T21:50:56,595 INFO   --- [main] com.SwapifyBe.service.MessageResendService(MessageResendService.java:25) : MessageResendService created
2025-06-01T21:50:56,596 INFO   --- [main] com.SwapifyBe.service.AppLogService(AppLogService.java:49) : AppLogService created
2025-06-01T21:50:56,597 INFO   --- [main] com.SwapifyBe.service.VideoService(VideoService.java:19) : Video Service created
2025-06-01T21:50:56,600 INFO   --- [main] com.SwapifyBe.service.TokenService(TokenService.java:28) : Token Service created
2025-06-01T21:50:56,605 INFO   --- [main] com.SwapifyBe.service.MessageService(MessageService.java:48) : MessageService created
2025-06-01T21:50:56,606 INFO   --- [main] com.SwapifyBe.service.FollowerService(FollowerService.java:47) : FollowerService created
2025-06-01T21:50:56,611 INFO   --- [main] com.SwapifyBe.service.OfferService(SearchService.java:28) : Initializing SearchService
2025-06-01T21:50:56,617 INFO   --- [main] com.SwapifyBe.service.SubscriptionService(SubscriptionService.java:42) : SubscriptionService created
2025-06-01T21:50:56,624 INFO   --- [main] com.SwapifyBe.SwapifyBeApplication(SwapifyBeApplication.java:48) : Services started successfully
2025-06-01T21:50:57,640 INFO   --- [main] com.SwapifyBe.SwapifyBeApplication(StartupInfoLogger.java:53) : Starting SwapifyBeApplication v0.0.1-SNAPSHOT using Java 17.0.15 with PID 1 (/app/app.jar started by root in /app)
2025-06-01T21:50:57,649 INFO   --- [main] com.SwapifyBe.SwapifyBeApplication(SpringApplication.java:652) : No active profile set, falling back to 1 default profile: "default"
2025-06-01T21:51:02,867 INFO   --- [main] org.apache.coyote.http11.Http11NioProtocol(DirectJDKLog.java:173) : Initializing ProtocolHandler ["http-nio-1453"]
2025-06-01T21:51:02,871 INFO   --- [main] org.apache.catalina.core.StandardService(DirectJDKLog.java:173) : Starting service [Tomcat]
2025-06-01T21:51:02,874 INFO   --- [main] org.apache.catalina.core.StandardEngine(DirectJDKLog.java:173) : Starting Servlet engine: [Apache Tomcat/10.1.36]
2025-06-01T21:51:03,035 INFO   --- [main] org.apache.catalina.core.ContainerBase.[Tomcat].[localhost].[/](DirectJDKLog.java:173) : Initializing Spring embedded WebApplicationContext
2025-06-01T21:51:04,060 INFO   --- [main] com.SwapifyBe.controller.AppLogController(AppLogController.java:28) : AppLogController created
2025-06-01T21:51:04,112 INFO   --- [main] com.SwapifyBe.controller.CategoryController(CategoryController.java:26) : CategoryController created
2025-06-01T21:51:04,114 INFO   --- [main] com.SwapifyBe.controller.ConfigurationController(ConfigurationController.java:22) : ConfigurationController created
2025-06-01T21:51:04,127 INFO   --- [main] com.SwapifyBe.controller.FavoriteController(FavoriteController.java:30) : FavoriteController created
2025-06-01T21:51:04,135 INFO   --- [main] com.SwapifyBe.controller.FollowerController(FollowerController.java:20) : FollowerController created
2025-06-01T21:51:04,135 INFO   --- [main] com.SwapifyBe.service.FollowerService(FollowerService.java:47) : FollowerService created
2025-06-01T21:51:04,146 INFO   --- [main] com.SwapifyBe.controller.MessageController(MessageController.java:28) : Message Controller created
2025-06-01T21:51:04,147 INFO   --- [main] com.SwapifyBe.controller.NotificationController(NotificationController.java:22) : NotificationController created
2025-06-01T21:51:04,150 INFO   --- [main] com.SwapifyBe.controller.OfferController(OfferController.java:25) : OfferController initialized
2025-06-01T21:51:04,151 INFO   --- [main] com.SwapifyBe.controller.PaymentController(PaymentController.java:22) : Payment Controller created
2025-06-01T21:51:04,156 INFO   --- [main] com.SwapifyBe.controller.SearchController(SearchController.java:23) : SearchController created
2025-06-01T21:51:04,165 INFO   --- [main] com.SwapifyBe.controller.SubscriptionController(SubscriptionController.java:41) : SubscriptionController created
2025-06-01T21:51:04,170 INFO   --- [main] com.SwapifyBe.controller.TokenController(TokenController.java:24) : Token Controller created
2025-06-01T21:51:04,173 INFO   --- [main] com.SwapifyBe.controller.UserController(UserController.java:32) : UserController created
2025-06-01T21:51:04,175 INFO   --- [main] com.SwapifyBe.controller.VideoController(VideoController.java:22) : Video Controller created
2025-06-01T21:51:07,561 INFO   --- [main] org.apache.coyote.http11.Http11NioProtocol(DirectJDKLog.java:173) : Starting ProtocolHandler ["http-nio-1453"]
2025-06-01T21:51:07,647 INFO   --- [main] com.SwapifyBe.SwapifyBeApplication(StartupInfoLogger.java:59) : Started SwapifyBeApplication in 10.837 seconds (process running for 30.058)
2025-06-01T21:51:07,659 INFO   --- [main] com.SwapifyBe.SwapifyBeApplication(SwapifyBeApplication.java:71) : Application started event
2025-06-01T21:51:07,668 INFO   --- [main] com.SwapifyBe.SwapifyBeApplication(SwapifyBeApplication.java:61) : Application ready event
2025-06-01T21:54:01,326 INFO   --- [http-nio-1453-exec-1] org.apache.catalina.core.ContainerBase.[Tomcat].[localhost].[/](DirectJDKLog.java:173) : Initializing Spring DispatcherServlet 'dispatcherServlet'
2025-06-01T21:54:05,595 INFO   --- [http-nio-1453-exec-1] com.SwapifyBe.filter.JwtAuthenticationFilter(JwtAuthenticationFilter.java:48) : IP : 172.17.0.1 && URI :/api/visit Request duration: 4152ms
2025-06-01T21:54:21,660 INFO   --- [http-nio-1453-exec-2] com.SwapifyBe.filter.JwtAuthenticationFilter(JwtAuthenticationFilter.java:48) : IP : 172.17.0.1 && URI :/api/visit Request duration: 1554ms
2025-06-01T22:01:11,520 INFO   --- [http-nio-1453-exec-4] com.SwapifyBe.filter.JwtAuthenticationFilter(JwtAuthenticationFilter.java:48) : IP : 172.17.0.1 && URI :/geoserver Request duration: 71ms
2025-06-01T22:01:56,956 INFO   --- [http-nio-1453-exec-5] com.SwapifyBe.filter.JwtAuthenticationFilter(JwtAuthenticationFilter.java:48) : IP : 172.17.0.1 && URI :/api/visit Request duration: 1723ms
