2025-01-28T21:20:41,256 INFO   --- [main] org.hibernate.jpa.internal.util.LogHelper(LogHelper.java:31) : HHH000204: Processing PersistenceUnitInfo [name: myPersistenceUnit]
2025-01-28T21:20:41,291 INFO   --- [main] org.hibernate.Version(Version.java:44) : HHH000412: Hibernate ORM core version 6.2.7.Final
2025-01-28T21:20:41,292 INFO   --- [main] org.hibernate.cfg.Environment(Environment.java:191) : HHH000406: Using bytecode reflection optimizer
2025-01-28T21:20:41,294 WARN   --- [main] org.hibernate.orm.deprecation(EntityManagerFactoryBuilderImpl.java:690) : HHH90000021: Encountered deprecated setting [javax.persistence.jdbc.user], use [jakarta.persistence.jdbc.user] instead
2025-01-28T21:20:41,295 WARN   --- [main] org.hibernate.orm.deprecation(EntityManagerFactoryBuilderImpl.java:712) : HHH90000021: Encountered deprecated setting [javax.persistence.jdbc.password], use [jakarta.persistence.jdbc.password] instead
2025-01-28T21:20:41,295 WARN   --- [main] org.hibernate.orm.deprecation(EntityManagerFactoryBuilderImpl.java:1027) : HHH90000021: Encountered deprecated setting [javax.persistence.jdbc.url], use [jakarta.persistence.jdbc.url] instead
2025-01-28T21:20:41,295 WARN   --- [main] org.hibernate.orm.deprecation(EntityManagerFactoryBuilderImpl.java:1034) : HHH90000021: Encountered deprecated setting [javax.persistence.jdbc.driver], use [jakarta.persistence.jdbc.driver] instead
2025-01-28T21:20:41,674 INFO   --- [main] org.hibernate.bytecode.internal.BytecodeProviderInitiator(BytecodeProviderInitiator.java:53) : HHH000021: Bytecode provider name : bytebuddy
2025-01-28T21:20:42,104 WARN   --- [main] org.hibernate.engine.jdbc.connections.internal.ConnectionProviderInitiator(ConnectionProviderInitiator.java:297) : HHH000472: Hikari properties were encountered, but the Hikari ConnectionProvider was not found on the classpath; these properties are going to be ignored.
2025-01-28T21:20:42,106 WARN   --- [main] org.hibernate.orm.connections.pooling(DriverManagerConnectionProviderImpl.java:80) : HHH10001002: Using built-in connection pool (not intended for production use)
2025-01-28T21:20:42,108 INFO   --- [main] org.hibernate.orm.connections.pooling(DriverManagerConnectionProviderImpl.java:139) : HHH10001005: Loaded JDBC driver class: org.postgresql.Driver
2025-01-28T21:20:42,108 INFO   --- [main] org.hibernate.orm.connections.pooling(DriverManagerConnectionProviderImpl.java:161) : HHH10001012: Connecting with JDBC URL [jdbc:postgresql://54.194.164.71:5432/swapiffy]
2025-01-28T21:20:42,108 INFO   --- [main] org.hibernate.orm.connections.pooling(DriverManagerConnectionProviderImpl.java:170) : HHH10001001: Connection properties: {password=****, user=Kemal}
2025-01-28T21:20:42,108 INFO   --- [main] org.hibernate.orm.connections.pooling(DriverManagerConnectionProviderImpl.java:174) : HHH10001003: Autocommit mode: false
2025-01-28T21:20:42,109 INFO   --- [main] org.hibernate.orm.connections.pooling(DriverManagerConnectionProviderImpl.java:366) : HHH10001115: Connection pool size: 20 (min=1)
2025-01-28T21:20:42,773 INFO   --- [main] org.hibernate.engine.transaction.jta.platform.internal.JtaPlatformInitiator(JtaPlatformInitiator.java:51) : HHH000490: Using JtaPlatform implementation: [org.hibernate.engine.transaction.jta.platform.internal.NoJtaPlatform]
2025-01-28T21:20:43,054 INFO   --- [main] org.hibernate.orm.connections.access(DdlTransactionIsolatorNonJtaImpl.java:52) : HHH10001501: Connection obtained from JdbcConnectionAccess [org.hibernate.engine.jdbc.env.internal.JdbcEnvironmentInitiator$ConnectionProviderJdbcConnectionAccess@427faf19] for (non-JTA) DDL execution was not in auto-commit mode; the Connection 'local transaction' will be committed and the Connection will be set into auto-commit mode.
2025-01-28T21:20:49,372 INFO   --- [main] com.SwapifyBe.dao.category.CategoryDaoImpl(CategoryDaoImpl.java:18) : Initializing CategoryDaoImpl
2025-01-28T21:20:50,656 INFO   --- [main] com.SwapifyBe.dao.configuration.ConfigurationDaoImpl(ConfigurationDaoImpl.java:21) : Initializing ConfigurationDaoImpl
2025-01-28T21:20:50,657 INFO   --- [main] com.SwapifyBe.service.ConfigurationService(ConfigurationService.java:23) : ConfigurationService created
2025-01-28T21:20:50,657 INFO   --- [main] com.SwapifyBe.service.ConfigurationService(ConfigurationService.java:29) : ConfigurationService findAll
2025-01-28T21:20:50,658 INFO   --- [main] com.SwapifyBe.dao.configuration.ConfigurationDaoImpl(ConfigurationDaoImpl.java:26) : Getting all configurations
2025-01-28T21:20:53,599 INFO   --- [main] com.SwapifyBe.dao.auth.AuthDaoImpl(AuthDaoImpl.java:16) : Initializing AuthDaoImpl
2025-01-28T21:20:53,611 INFO   --- [main] com.SwapifyBe.dao.advertisement.AdvertisementDaoImpl(AdvertisementDaoImpl.java:23) : Advertisement dao implementation is initializing
2025-01-28T21:20:53,613 INFO   --- [main] com.SwapifyBe.dao.favorite.FavoritesDaoImpl(FavoritesDaoImpl.java:20) : Favorites dao implementation is initializing
2025-01-28T21:20:53,614 INFO   --- [main] com.SwapifyBe.dao.offer.OfferDaoImpl(OfferDaoImpl.java:20) : Offer dao implementation is initializing
2025-01-28T21:20:53,615 INFO   --- [main] com.SwapifyBe.dao.follower.FollowerDaoImpl(FollowerDaoImpl.java:20) : Followers dao implementation is initializing
2025-01-28T21:20:53,616 INFO   --- [main] com.SwapifyBe.dao.user.UserDaoImpl(UserDaoImpl.java:21) : User dao implementation is initializing
2025-01-28T21:20:53,617 INFO   --- [main] com.SwapifyBe.dao.message.MessageDaoImpl(MessageDaoImpl.java:19) : Message dao implementation is initializing
2025-01-28T21:20:53,621 INFO   --- [main] com.SwapifyBe.dao.user.UserDaoImpl(UserChatDaoImpl.java:20) : UserChatDaoImpl  implementation is initializing
2025-01-28T21:20:53,627 INFO   --- [main] com.SwapifyBe.notification.PushMessage(PushMessage.java:51) : FirebaseApp initializing...
2025-01-28T21:20:53,712 INFO   --- [main] com.SwapifyBe.notification.PushMessage(PushMessage.java:65) : FirebaseApp initialized
2025-01-28T21:20:53,712 INFO   --- [main] com.SwapifyBe.service.NotificationService(NotificationService.java:25) : Initializing NotificationService
2025-01-28T21:20:53,713 INFO   --- [main] com.SwapifyBe.service.SmsService(SmsService.java:33) : SmsService created
2025-01-28T21:20:53,713 INFO   --- [main] com.SwapifyBe.service.CategoryService(CategoryService.java:19) : CategoryService created
2025-01-28T21:20:53,721 INFO   --- [main] com.SwapifyBe.service.UserPermissionsService(UserPermissionsService.java:23) : UserPermissionsService created
2025-01-28T21:20:53,725 INFO   --- [main] com.SwapifyBe.service.UserService(UserService.java:41) : Initializing UserService
2025-01-28T21:20:53,729 INFO   --- [main] com.SwapifyBe.service.AdvertisementService(AdvertisementService.java:58) : Initializing AdvertisementService
2025-01-28T21:20:53,730 INFO   --- [main] com.SwapifyBe.service.AuthService(AuthService.java:49) : Initializing AuthService
2025-01-28T21:20:53,731 INFO   --- [main] com.SwapifyBe.service.FavoriteService(FavoriteService.java:37) : Initializing FavoriteService
2025-01-28T21:20:53,734 INFO   --- [main] com.SwapifyBe.service.OfferService(OfferService.java:56) : Initializing OfferService
2025-01-28T21:20:53,734 INFO   --- [main] com.SwapifyBe.service.MessageResendService(MessageResendService.java:25) : MessageResendService created
2025-01-28T21:20:53,736 INFO   --- [main] com.SwapifyBe.service.AppLogService(AppLogService.java:49) : AppLogService created
2025-01-28T21:20:53,736 INFO   --- [main] com.SwapifyBe.service.VideoService(VideoService.java:19) : Video Service created
2025-01-28T21:20:53,737 INFO   --- [main] com.SwapifyBe.service.TokenService(TokenService.java:28) : Token Service created
2025-01-28T21:20:53,737 INFO   --- [main] com.SwapifyBe.service.MessageService(MessageService.java:48) : MessageService created
2025-01-28T21:20:53,740 INFO   --- [main] com.SwapifyBe.service.FollowerService(FollowerService.java:47) : FollowerService created
2025-01-28T21:20:53,740 INFO   --- [main] com.SwapifyBe.service.OfferService(SearchService.java:28) : Initializing SearchService
2025-01-28T21:20:53,742 INFO   --- [main] com.SwapifyBe.service.SubscriptionService(SubscriptionService.java:42) : SubscriptionService created
2025-01-28T21:20:53,743 INFO   --- [main] com.SwapifyBe.SwapifyBeApplication(SwapifyBeApplication.java:40) : Services started successfully
2025-01-28T21:20:53,949 INFO   --- [main] com.SwapifyBe.SwapifyBeApplication(StartupInfoLogger.java:50) : Starting SwapifyBeApplication using Java 17.0.12 with PID 73154 (/Users/furkanaydin/Projeler/Backend/SwapifyBe/target/classes started by furkanaydin in /Users/furkanaydin/Projeler/Backend/SwapifyBe)
2025-01-28T21:20:53,950 INFO   --- [main] com.SwapifyBe.SwapifyBeApplication(SpringApplication.java:654) : No active profile set, falling back to 1 default profile: "default"
2025-01-28T21:20:54,777 INFO   --- [main] org.springframework.boot.web.embedded.tomcat.TomcatWebServer(TomcatWebServer.java:109) : Tomcat initialized with port 8080 (http)
2025-01-28T21:20:54,783 INFO   --- [main] org.apache.coyote.http11.Http11NioProtocol(DirectJDKLog.java:173) : Initializing ProtocolHandler ["http-nio-8080"]
2025-01-28T21:20:54,784 INFO   --- [main] org.apache.catalina.core.StandardService(DirectJDKLog.java:173) : Starting service [Tomcat]
2025-01-28T21:20:54,784 INFO   --- [main] org.apache.catalina.core.StandardEngine(DirectJDKLog.java:173) : Starting Servlet engine: [Apache Tomcat/10.1.20]
2025-01-28T21:20:54,813 INFO   --- [main] org.apache.catalina.core.ContainerBase.[Tomcat].[localhost].[/](DirectJDKLog.java:173) : Initializing Spring embedded WebApplicationContext
2025-01-28T21:20:54,813 INFO   --- [main] org.springframework.boot.web.servlet.context.ServletWebServerApplicationContext(ServletWebServerApplicationContext.java:296) : Root WebApplicationContext: initialization completed in 847 ms
2025-01-28T21:20:54,979 INFO   --- [main] com.SwapifyBe.controller.AppLogController(AppLogController.java:28) : AppLogController created
2025-01-28T21:20:54,989 INFO   --- [main] com.SwapifyBe.controller.CategoryController(CategoryController.java:26) : CategoryController created
2025-01-28T21:20:54,989 INFO   --- [main] com.SwapifyBe.controller.ConfigurationController(ConfigurationController.java:22) : ConfigurationController created
2025-01-28T21:20:54,992 INFO   --- [main] com.SwapifyBe.controller.FavoriteController(FavoriteController.java:30) : FavoriteController created
2025-01-28T21:20:54,996 INFO   --- [main] com.SwapifyBe.controller.FollowerController(FollowerController.java:20) : FollowerController created
2025-01-28T21:20:54,997 INFO   --- [main] com.SwapifyBe.service.FollowerService(FollowerService.java:47) : FollowerService created
2025-01-28T21:20:54,997 INFO   --- [main] com.SwapifyBe.controller.MessageController(MessageController.java:28) : Message Controller created
2025-01-28T21:20:54,998 INFO   --- [main] com.SwapifyBe.controller.NotificationController(NotificationController.java:22) : NotificationController created
2025-01-28T21:20:54,999 INFO   --- [main] com.SwapifyBe.controller.OfferController(OfferController.java:25) : OfferController initialized
2025-01-28T21:20:55,000 INFO   --- [main] com.SwapifyBe.controller.PaymentController(PaymentController.java:22) : Payment Controller created
2025-01-28T21:20:55,001 INFO   --- [main] com.SwapifyBe.controller.SearchController(SearchController.java:23) : SearchController created
2025-01-28T21:20:55,001 INFO   --- [main] com.SwapifyBe.controller.SubscriptionController(SubscriptionController.java:41) : SubscriptionController created
2025-01-28T21:20:55,002 INFO   --- [main] com.SwapifyBe.controller.TokenController(TokenController.java:24) : Token Controller created
2025-01-28T21:20:55,007 INFO   --- [main] com.SwapifyBe.controller.UserController(UserController.java:29) : UserController created
2025-01-28T21:20:55,008 INFO   --- [main] com.SwapifyBe.controller.VideoController(VideoController.java:22) : Video Controller created
2025-01-28T21:20:55,158 INFO   --- [main] org.springframework.boot.autoconfigure.web.servlet.WelcomePageHandlerMapping(WelcomePageHandlerMapping.java:59) : Adding welcome page: class path resource [static/index.html]
2025-01-28T21:20:55,340 INFO   --- [main] org.springframework.boot.actuate.endpoint.web.EndpointLinksResolver(EndpointLinksResolver.java:58) : Exposing 1 endpoint(s) beneath base path '/actuator'
2025-01-28T21:20:55,380 INFO   --- [main] org.springframework.security.web.DefaultSecurityFilterChain(DefaultSecurityFilterChain.java:54) : Will secure any request with [org.springframework.security.web.session.DisableEncodeUrlFilter@ea57bb7, org.springframework.security.web.context.request.async.WebAsyncManagerIntegrationFilter@25e085d7, org.springframework.security.web.context.SecurityContextHolderFilter@3b07f8c7, org.springframework.security.web.header.HeaderWriterFilter@38f38fcf, org.springframework.web.filter.CorsFilter@1a0b9278, org.springframework.security.web.authentication.logout.LogoutFilter@5e397a71, com.SwapifyBe.filter.JwtAuthenticationFilter@5c1c44b9, org.springframework.security.web.savedrequest.RequestCacheAwareFilter@2d9a273e, org.springframework.security.web.servletapi.SecurityContextHolderAwareRequestFilter@556c126f, org.springframework.security.web.authentication.AnonymousAuthenticationFilter@3035ded6, org.springframework.security.web.session.SessionManagementFilter@10f42aa9, org.springframework.security.web.access.ExceptionTranslationFilter@23cde615, org.springframework.security.web.access.intercept.AuthorizationFilter@139b9795]
2025-01-28T21:20:55,683 INFO   --- [main] org.apache.coyote.http11.Http11NioProtocol(DirectJDKLog.java:173) : Starting ProtocolHandler ["http-nio-8080"]
2025-01-28T21:20:55,688 INFO   --- [main] org.springframework.boot.web.embedded.tomcat.TomcatWebServer(TomcatWebServer.java:241) : Tomcat started on port 8080 (http) with context path ''
2025-01-28T21:20:55,690 INFO   --- [main] org.springframework.messaging.simp.broker.SimpleBrokerMessageHandler(CompositeLog.java:117) : Starting...
2025-01-28T21:20:55,690 INFO   --- [main] org.springframework.messaging.simp.broker.SimpleBrokerMessageHandler(CompositeLog.java:117) : BrokerAvailabilityEvent[available=true, SimpleBrokerMessageHandler [org.springframework.messaging.simp.broker.DefaultSubscriptionRegistry@144a7ad5]]
2025-01-28T21:20:55,690 INFO   --- [main] org.springframework.messaging.simp.broker.SimpleBrokerMessageHandler(CompositeLog.java:117) : Started.
2025-01-28T21:20:55,700 INFO   --- [main] com.SwapifyBe.SwapifyBeApplication(StartupInfoLogger.java:56) : Started SwapifyBeApplication in 1.925 seconds (process running for 15.026)
2025-01-28T21:20:55,702 INFO   --- [main] com.SwapifyBe.SwapifyBeApplication(SwapifyBeApplication.java:63) : Application started event
2025-01-28T21:20:55,703 INFO   --- [main] com.SwapifyBe.SwapifyBeApplication(SwapifyBeApplication.java:53) : Application ready event
2025-01-28T21:20:56,253 INFO   --- [RMI TCP Connection(3)-127.0.0.1] org.apache.catalina.core.ContainerBase.[Tomcat].[localhost].[/](DirectJDKLog.java:173) : Initializing Spring DispatcherServlet 'dispatcherServlet'
2025-01-28T21:20:56,253 INFO   --- [RMI TCP Connection(3)-127.0.0.1] org.springframework.web.servlet.DispatcherServlet(FrameworkServlet.java:532) : Initializing Servlet 'dispatcherServlet'
2025-01-28T21:20:56,254 INFO   --- [RMI TCP Connection(3)-127.0.0.1] org.springframework.web.servlet.DispatcherServlet(FrameworkServlet.java:554) : Completed initialization in 1 ms
2025-01-28T21:20:58,674 INFO   --- [http-nio-8080-exec-1] com.SwapifyBe.filter.JwtAuthenticationFilter(JwtAuthenticationFilter.java:48) : IP : 192.168.1.103 && URI :/ws/info Request duration: 10ms
2025-01-28T21:20:58,697 INFO   --- [http-nio-8080-exec-2] com.SwapifyBe.filter.JwtAuthenticationFilter(JwtAuthenticationFilter.java:48) : IP : 192.168.1.103 && URI :/ws/680/th12qwdf/websocket Request duration: 13ms
2025-01-28T21:20:58,725 INFO   --- [clientInboundChannel-4] com.SwapifyBe.cache.Hazelcast(Hazelcast.java:79) : Saving user ID as active in Hazelcast: 74788246-d150-422e-9a3c-d663fdfae3a3
2025-01-28T21:20:58,738 INFO   --- [clientInboundChannel-4] com.hazelcast.internal.partition.impl.PartitionStateManager(StandardLoggerFactory.java:56) : [192.168.1.103]:5701 [dev] [5.3.7] Initializing cluster partition table arrangement...
2025-01-28T21:20:58,773 INFO   --- [clientInboundChannel-4] com.SwapifyBe.websocket.WebSocketController(WebSocketController.java:190) : Active user saved to hazelcast: 74788246-d150-422e-9a3c-d663fdfae3a3
2025-01-28T21:21:55,673 INFO   --- [MessageBroker-1] org.springframework.web.socket.config.WebSocketMessageBrokerStats(WebSocketMessageBrokerStats.java:154) : WebSocketSession[1 current WS(1)-HttpStream(0)-HttpPoll(0), 1 total, 0 closed abnormally (0 connect failure, 0 send limit, 0 transport error)], stompSubProtocol[processed CONNECT(1)-CONNECTED(1)-DISCONNECT(0)], stompBrokerRelay[null], inboundChannel[pool size = 15, active threads = 0, queued tasks = 0, completed tasks = 15], outboundChannel[pool size = 1, active threads = 0, queued tasks = 0, completed tasks = 1], sockJsScheduler[pool size = 8, active threads = 1, queued tasks = 4, completed tasks = 12]
2025-01-28T21:24:13,697 INFO   --- [http-nio-8080-exec-8] com.SwapifyBe.controller.ConfigurationController(ConfigurationController.java:39) : getErrorConfig all configurations
2025-01-28T21:24:13,697 INFO   --- [http-nio-8080-exec-9] com.SwapifyBe.controller.CategoryController(CategoryController.java:32) : All categories retrieved
2025-01-28T21:24:13,698 INFO   --- [http-nio-8080-exec-8] com.SwapifyBe.service.ConfigurationService(ConfigurationService.java:56) : ConfigurationService getErrorConfig
2025-01-28T21:24:13,698 INFO   --- [http-nio-8080-exec-9] com.SwapifyBe.service.CategoryService(CategoryService.java:24) : Getting all categories
2025-01-28T21:24:13,699 INFO   --- [http-nio-8080-exec-7] com.SwapifyBe.controller.ConfigurationController(ConfigurationController.java:28) : Getting all configurations
2025-01-28T21:24:13,700 INFO   --- [http-nio-8080-exec-7] com.SwapifyBe.service.ConfigurationService(ConfigurationService.java:29) : ConfigurationService findAll
2025-01-28T21:24:13,700 INFO   --- [http-nio-8080-exec-7] com.SwapifyBe.dao.configuration.ConfigurationDaoImpl(ConfigurationDaoImpl.java:26) : Getting all configurations
2025-01-28T21:24:13,879 INFO   --- [http-nio-8080-exec-7] com.SwapifyBe.filter.JwtAuthenticationFilter(JwtAuthenticationFilter.java:48) : IP : 192.168.1.103 && URI :/api/configuration/getConfig Request duration: 199ms
2025-01-28T21:24:14,422 INFO   --- [http-nio-8080-exec-9] com.SwapifyBe.filter.JwtAuthenticationFilter(JwtAuthenticationFilter.java:48) : IP : 192.168.1.103 && URI :/api/category/getAllCategories Request duration: 742ms
2025-01-28T21:24:14,957 INFO   --- [http-nio-8080-exec-8] com.SwapifyBe.filter.JwtAuthenticationFilter(JwtAuthenticationFilter.java:48) : IP : 192.168.1.103 && URI :/api/configuration/getErrorConfig Request duration: 1277ms
2025-01-28T21:24:14,999 INFO   --- [http-nio-8080-exec-10] com.SwapifyBe.service.AdvertisementService(AdvertisementService.java:220) : All advertisements retrieving...
2025-01-28T21:24:15,018 INFO   --- [http-nio-8080-exec-3] com.SwapifyBe.service.AdvertisementService(AdvertisementService.java:220) : All advertisements retrieving...
2025-01-28T21:24:15,029 INFO   --- [http-nio-8080-exec-1] com.SwapifyBe.cache.Hazelcast(Hazelcast.java:52) : Getting FCM token from Hazelcast for ID: 74788246-d150-422e-9a3c-d663fdfae3a3
2025-01-28T21:24:15,029 INFO   --- [http-nio-8080-exec-4] com.SwapifyBe.controller.NotificationController(NotificationController.java:28) : Getting notifications
2025-01-28T21:24:15,029 INFO   --- [http-nio-8080-exec-5] com.SwapifyBe.service.OfferService(OfferService.java:206) : Fetching sent offers for user: 74788246-d150-422e-9a3c-d663fdfae3a3
2025-01-28T21:24:15,030 INFO   --- [http-nio-8080-exec-5] com.SwapifyBe.dao.offer.OfferDaoImpl(OfferDaoImpl.java:68) : Getting offers from the database
2025-01-28T21:24:15,422 INFO   --- [http-nio-8080-exec-2] com.SwapifyBe.filter.JwtAuthenticationFilter(JwtAuthenticationFilter.java:48) : IP : 192.168.1.103 && URI :/api/message/getChatUsers Request duration: 406ms
2025-01-28T21:24:15,429 INFO   --- [http-nio-8080-exec-6] com.SwapifyBe.service.OfferService(OfferService.java:209) : Fetching received offers for user: 74788246-d150-422e-9a3c-d663fdfae3a3
2025-01-28T21:24:15,429 INFO   --- [http-nio-8080-exec-6] com.SwapifyBe.dao.offer.OfferDaoImpl(OfferDaoImpl.java:87) : Getting offers from the database
2025-01-28T21:24:15,691 INFO   --- [http-nio-8080-exec-4] com.SwapifyBe.filter.JwtAuthenticationFilter(JwtAuthenticationFilter.java:48) : IP : 192.168.1.103 && URI :/api/notification/getNotifications Request duration: 675ms
2025-01-28T21:24:15,699 INFO   --- [http-nio-8080-exec-7] com.SwapifyBe.service.AdvertisementService(AdvertisementService.java:183) : getAllAdvertisementUserId retrieving...
2025-01-28T21:24:15,752 INFO   --- [http-nio-8080-exec-6] com.SwapifyBe.dao.offer.OfferDaoImpl(OfferDaoImpl.java:93) : Offers retrieved from the database
2025-01-28T21:24:15,833 INFO   --- [http-nio-8080-exec-6] com.SwapifyBe.service.OfferService(OfferService.java:190) : Offers successfully retrieved for user: 74788246-d150-422e-9a3c-d663fdfae3a3
2025-01-28T21:24:15,859 INFO   --- [http-nio-8080-exec-6] com.SwapifyBe.filter.JwtAuthenticationFilter(JwtAuthenticationFilter.java:48) : IP : 192.168.1.103 && URI :/api/offer/getOffers Request duration: 431ms
2025-01-28T21:24:15,989 INFO   --- [http-nio-8080-exec-7] com.SwapifyBe.filter.JwtAuthenticationFilter(JwtAuthenticationFilter.java:48) : IP : 192.168.1.103 && URI :/api/advertisement/get Request duration: 291ms
2025-01-28T21:24:16,019 INFO   --- [http-nio-8080-exec-9] com.SwapifyBe.filter.JwtAuthenticationFilter(JwtAuthenticationFilter.java:48) : IP : 192.168.1.103 && URI :/api/favorite/getAllFavorite Request duration: 154ms
2025-01-28T21:24:16,139 INFO   --- [http-nio-8080-exec-8] com.SwapifyBe.filter.JwtAuthenticationFilter(JwtAuthenticationFilter.java:48) : IP : 192.168.1.103 && URI :/api/follower/getFollower Request duration: 144ms
2025-01-28T21:24:16,236 INFO   --- [http-nio-8080-exec-1] com.SwapifyBe.cache.Hazelcast(Hazelcast.java:44) : Saving FCM token to Hazelcast: 74788246-d150-422e-9a3c-d663fdfae3a3 - dUwcz_q8ekGknU6PaOtl-B:APA91bGoTzmMwLTA3bsxezFKysAo1iMzv9DUcKNM3-lnh6H1JHEZF8iIXt53Tu54aKtkxNaFTpNt2dd-DCSTWayk2C7h6HbX_jfKotY-97WpZIoVjMa023I
2025-01-28T21:24:16,237 INFO   --- [http-nio-8080-exec-1] com.SwapifyBe.cache.Hazelcast(Hazelcast.java:47) : FCM token saved to Hazelcast: 74788246-d150-422e-9a3c-d663fdfae3a3 - dUwcz_q8ekGknU6PaOtl-B:APA91bGoTzmMwLTA3bsxezFKysAo1iMzv9DUcKNM3-lnh6H1JHEZF8iIXt53Tu54aKtkxNaFTpNt2dd-DCSTWayk2C7h6HbX_jfKotY-97WpZIoVjMa023I
2025-01-28T21:24:16,240 INFO   --- [http-nio-8080-exec-1] com.SwapifyBe.filter.JwtAuthenticationFilter(JwtAuthenticationFilter.java:48) : IP : 192.168.1.103 && URI :/api/token/alreadyExistsHazelcastFcmToken Request duration: 1227ms
2025-01-28T21:24:16,293 INFO   --- [http-nio-8080-exec-4] com.SwapifyBe.filter.JwtAuthenticationFilter(JwtAuthenticationFilter.java:48) : IP : 192.168.1.103 && URI :/api/token/getFcmToken Request duration: 145ms
2025-01-28T21:24:16,489 INFO   --- [http-nio-8080-exec-2] com.SwapifyBe.filter.JwtAuthenticationFilter(JwtAuthenticationFilter.java:48) : IP : 192.168.1.103 && URI :/api/follower/getFollowing Request duration: 463ms
2025-01-28T21:24:16,946 INFO   --- [http-nio-8080-exec-5] com.SwapifyBe.dao.offer.OfferDaoImpl(OfferDaoImpl.java:74) : Offers retrieved from the database
2025-01-28T21:24:17,021 INFO   --- [http-nio-8080-exec-5] com.SwapifyBe.service.OfferService(OfferService.java:190) : Offers successfully retrieved for user: 74788246-d150-422e-9a3c-d663fdfae3a3
2025-01-28T21:24:17,028 INFO   --- [http-nio-8080-exec-5] com.SwapifyBe.filter.JwtAuthenticationFilter(JwtAuthenticationFilter.java:48) : IP : 192.168.1.103 && URI :/api/offer/getOffers Request duration: 2009ms
2025-01-28T21:24:17,100 INFO   --- [http-nio-8080-exec-10] com.SwapifyBe.service.AdvertisementService(AdvertisementService.java:235) : All advertisements retrieved
2025-01-28T21:24:17,103 INFO   --- [http-nio-8080-exec-10] com.SwapifyBe.filter.JwtAuthenticationFilter(JwtAuthenticationFilter.java:48) : IP : 192.168.1.103 && URI :/api/advertisement/getAll Request duration: 2110ms
2025-01-28T21:24:17,111 INFO   --- [http-nio-8080-exec-3] com.SwapifyBe.service.AdvertisementService(AdvertisementService.java:235) : All advertisements retrieved
2025-01-28T21:24:17,116 INFO   --- [http-nio-8080-exec-3] com.SwapifyBe.filter.JwtAuthenticationFilter(JwtAuthenticationFilter.java:48) : IP : 192.168.1.103 && URI :/api/advertisement/getAll Request duration: 2099ms
2025-01-28T21:24:17,884 INFO   --- [http-nio-8080-exec-7] com.SwapifyBe.filter.JwtAuthenticationFilter(JwtAuthenticationFilter.java:48) : IP : 192.168.1.103 && URI :/ws/info Request duration: 2ms
2025-01-28T21:24:17,886 INFO   --- [http-nio-8080-exec-6] com.SwapifyBe.service.VideoService(VideoService.java:25) : Time of day: https://raw.githubusercontent.com/kemallaydn/images/main/evening.mp4
2025-01-28T21:24:17,888 INFO   --- [http-nio-8080-exec-6] com.SwapifyBe.filter.JwtAuthenticationFilter(JwtAuthenticationFilter.java:48) : IP : 192.168.1.103 && URI :/api/video/getVideo Request duration: 5ms
2025-01-28T21:24:17,905 INFO   --- [http-nio-8080-exec-9] com.SwapifyBe.filter.JwtAuthenticationFilter(JwtAuthenticationFilter.java:48) : IP : 192.168.1.103 && URI :/ws/240/twgp0kav/websocket Request duration: 3ms
2025-01-28T21:24:17,917 INFO   --- [clientInboundChannel-22] com.SwapifyBe.cache.Hazelcast(Hazelcast.java:79) : Saving user ID as active in Hazelcast: 74788246-d150-422e-9a3c-d663fdfae3a3
2025-01-28T21:24:17,920 INFO   --- [clientInboundChannel-22] com.SwapifyBe.websocket.WebSocketController(WebSocketController.java:190) : Active user saved to hazelcast: 74788246-d150-422e-9a3c-d663fdfae3a3
2025-01-28T21:24:31,818 INFO   --- [http-nio-8080-exec-4] com.SwapifyBe.dao.offer.OfferDaoImpl(OfferDaoImpl.java:106) : Getting offer by id from the database
2025-01-28T21:24:32,064 INFO   --- [http-nio-8080-exec-4] com.SwapifyBe.dao.offer.OfferDaoImpl(OfferDaoImpl.java:112) : Offer retrieved from the database
2025-01-28T21:24:32,511 INFO   --- [http-nio-8080-exec-4] com.SwapifyBe.cache.Hazelcast(Hazelcast.java:72) : Checking if user is active in Hazelcast for ID: 11622642-8588-4749-ac0f-31314ae816fe
2025-01-28T21:24:32,516 INFO   --- [http-nio-8080-exec-4] com.SwapifyBe.notification.PushMessage(PushMessage.java:75) : Sending notification to: 11622642-8588-4749-ac0f-31314ae816fe
2025-01-28T21:24:32,517 INFO   --- [http-nio-8080-exec-4] com.SwapifyBe.cache.Hazelcast(Hazelcast.java:52) : Getting FCM token from Hazelcast for ID: 11622642-8588-4749-ac0f-31314ae816fe
2025-01-28T21:24:33,763 INFO   --- [http-nio-8080-exec-4] com.SwapifyBe.notification.PushMessage(PushMessage.java:136) : Notification sent successfully: projects/takashub-f8855/messages/1738088673420869
2025-01-28T21:24:33,768 INFO   --- [http-nio-8080-exec-4] com.SwapifyBe.filter.JwtAuthenticationFilter(JwtAuthenticationFilter.java:48) : IP : 192.168.1.103 && URI :/api/offer/accepted Request duration: 5305ms
2025-01-28T21:51:55,710 INFO   --- [MessageBroker-2] org.springframework.web.socket.config.WebSocketMessageBrokerStats(WebSocketMessageBrokerStats.java:154) : WebSocketSession[1 current WS(1)-HttpStream(0)-HttpPoll(0), 2 total, 0 closed abnormally (0 connect failure, 0 send limit, 0 transport error)], stompSubProtocol[processed CONNECT(2)-CONNECTED(2)-DISCONNECT(0)], stompBrokerRelay[null], inboundChannel[pool size = 0, active threads = 0, queued tasks = 0, completed tasks = 33], outboundChannel[pool size = 0, active threads = 0, queued tasks = 0, completed tasks = 3], sockJsScheduler[pool size = 8, active threads = 1, queued tasks = 4, completed tasks = 403]
2025-01-28T22:21:55,718 INFO   --- [MessageBroker-5] org.springframework.web.socket.config.WebSocketMessageBrokerStats(WebSocketMessageBrokerStats.java:154) : WebSocketSession[1 current WS(1)-HttpStream(0)-HttpPoll(0), 2 total, 0 closed abnormally (0 connect failure, 0 send limit, 0 transport error)], stompSubProtocol[processed CONNECT(2)-CONNECTED(2)-DISCONNECT(0)], stompBrokerRelay[null], inboundChannel[pool size = 0, active threads = 0, queued tasks = 0, completed tasks = 33], outboundChannel[pool size = 0, active threads = 0, queued tasks = 0, completed tasks = 3], sockJsScheduler[pool size = 8, active threads = 1, queued tasks = 4, completed tasks = 794]
2025-01-28T22:24:17,414 INFO   --- [http-nio-8080-exec-9] com.SwapifyBe.service.VideoService(VideoService.java:25) : Time of day: https://raw.githubusercontent.com/kemallaydn/images/main/night.mp4
2025-01-28T22:24:17,419 INFO   --- [http-nio-8080-exec-9] com.SwapifyBe.filter.JwtAuthenticationFilter(JwtAuthenticationFilter.java:48) : IP : 192.168.1.103 && URI :/api/video/getVideo Request duration: 8ms
2025-01-28T22:51:55,760 INFO   --- [MessageBroker-4] org.springframework.web.socket.config.WebSocketMessageBrokerStats(WebSocketMessageBrokerStats.java:154) : WebSocketSession[1 current WS(1)-HttpStream(0)-HttpPoll(0), 2 total, 0 closed abnormally (0 connect failure, 0 send limit, 0 transport error)], stompSubProtocol[processed CONNECT(2)-CONNECTED(2)-DISCONNECT(0)], stompBrokerRelay[null], inboundChannel[pool size = 0, active threads = 0, queued tasks = 0, completed tasks = 33], outboundChannel[pool size = 0, active threads = 0, queued tasks = 0, completed tasks = 3], sockJsScheduler[pool size = 8, active threads = 1, queued tasks = 4, completed tasks = 1185]
2025-01-28T23:21:55,750 INFO   --- [MessageBroker-8] org.springframework.web.socket.config.WebSocketMessageBrokerStats(WebSocketMessageBrokerStats.java:154) : WebSocketSession[1 current WS(1)-HttpStream(0)-HttpPoll(0), 2 total, 0 closed abnormally (0 connect failure, 0 send limit, 0 transport error)], stompSubProtocol[processed CONNECT(2)-CONNECTED(2)-DISCONNECT(0)], stompBrokerRelay[null], inboundChannel[pool size = 0, active threads = 0, queued tasks = 0, completed tasks = 33], outboundChannel[pool size = 0, active threads = 0, queued tasks = 0, completed tasks = 3], sockJsScheduler[pool size = 8, active threads = 1, queued tasks = 4, completed tasks = 1576]
2025-01-28T23:24:17,423 INFO   --- [http-nio-8080-exec-1] com.SwapifyBe.service.VideoService(VideoService.java:25) : Time of day: https://raw.githubusercontent.com/kemallaydn/images/main/night.mp4
2025-01-28T23:24:17,432 INFO   --- [http-nio-8080-exec-1] com.SwapifyBe.filter.JwtAuthenticationFilter(JwtAuthenticationFilter.java:48) : IP : 192.168.1.103 && URI :/api/video/getVideo Request duration: 12ms
2025-01-28T23:51:55,773 INFO   --- [MessageBroker-1] org.springframework.web.socket.config.WebSocketMessageBrokerStats(WebSocketMessageBrokerStats.java:154) : WebSocketSession[1 current WS(1)-HttpStream(0)-HttpPoll(0), 2 total, 0 closed abnormally (0 connect failure, 0 send limit, 0 transport error)], stompSubProtocol[processed CONNECT(2)-CONNECTED(2)-DISCONNECT(0)], stompBrokerRelay[null], inboundChannel[pool size = 0, active threads = 0, queued tasks = 0, completed tasks = 33], outboundChannel[pool size = 0, active threads = 0, queued tasks = 0, completed tasks = 3], sockJsScheduler[pool size = 8, active threads = 1, queued tasks = 4, completed tasks = 1967]
