2025-06-02T01:22:17,337 INFO   --- [main] org.hibernate.jpa.internal.util.LogHelper(LogHelper.java:31) : HHH000204: Processing PersistenceUnitInfo [name: myPersistenceUnit]
2025-06-02T01:22:17,372 INFO   --- [main] org.hibernate.Version(Version.java:44) : HHH000412: Hibernate ORM core version 6.2.7.Final
2025-06-02T01:22:17,373 INFO   --- [main] org.hibernate.cfg.Environment(Environment.java:191) : HHH000406: Using bytecode reflection optimizer
2025-06-02T01:22:17,375 WARN   --- [main] org.hibernate.orm.deprecation(EntityManagerFactoryBuilderImpl.java:690) : HHH90000021: Encountered deprecated setting [javax.persistence.jdbc.user], use [jakarta.persistence.jdbc.user] instead
2025-06-02T01:22:17,376 WARN   --- [main] org.hibernate.orm.deprecation(EntityManagerFactoryBuilderImpl.java:712) : HHH90000021: Encountered deprecated setting [javax.persistence.jdbc.password], use [jakarta.persistence.jdbc.password] instead
2025-06-02T01:22:17,376 WARN   --- [main] org.hibernate.orm.deprecation(EntityManagerFactoryBuilderImpl.java:1027) : HHH90000021: Encountered deprecated setting [javax.persistence.jdbc.url], use [jakarta.persistence.jdbc.url] instead
2025-06-02T01:22:17,376 WARN   --- [main] org.hibernate.orm.deprecation(EntityManagerFactoryBuilderImpl.java:1034) : HHH90000021: Encountered deprecated setting [javax.persistence.jdbc.driver], use [jakarta.persistence.jdbc.driver] instead
2025-06-02T01:22:17,828 INFO   --- [main] org.hibernate.bytecode.internal.BytecodeProviderInitiator(BytecodeProviderInitiator.java:53) : HHH000021: Bytecode provider name : bytebuddy
2025-06-02T01:22:18,331 WARN   --- [main] org.hibernate.orm.connections.pooling(DriverManagerConnectionProviderImpl.java:80) : HHH10001002: Using built-in connection pool (not intended for production use)
2025-06-02T01:22:18,333 INFO   --- [main] org.hibernate.orm.connections.pooling(DriverManagerConnectionProviderImpl.java:139) : HHH10001005: Loaded JDBC driver class: org.postgresql.Driver
2025-06-02T01:22:18,334 INFO   --- [main] org.hibernate.orm.connections.pooling(DriverManagerConnectionProviderImpl.java:161) : HHH10001012: Connecting with JDBC URL [jdbc:postgresql://34.245.38.121:5432/swapiffy]
2025-06-02T01:22:18,334 INFO   --- [main] org.hibernate.orm.connections.pooling(DriverManagerConnectionProviderImpl.java:170) : HHH10001001: Connection properties: {password=****, user=Kemal}
2025-06-02T01:22:18,334 INFO   --- [main] org.hibernate.orm.connections.pooling(DriverManagerConnectionProviderImpl.java:174) : HHH10001003: Autocommit mode: false
2025-06-02T01:22:18,335 INFO   --- [main] org.hibernate.orm.connections.pooling(DriverManagerConnectionProviderImpl.java:366) : HHH10001115: Connection pool size: 20 (min=1)
2025-06-02T01:22:19,006 INFO   --- [main] org.hibernate.engine.transaction.jta.platform.internal.JtaPlatformInitiator(JtaPlatformInitiator.java:51) : HHH000490: Using JtaPlatform implementation: [org.hibernate.engine.transaction.jta.platform.internal.NoJtaPlatform]
2025-06-02T01:22:19,288 INFO   --- [main] org.hibernate.orm.connections.access(DdlTransactionIsolatorNonJtaImpl.java:52) : HHH10001501: Connection obtained from JdbcConnectionAccess [org.hibernate.engine.jdbc.env.internal.JdbcEnvironmentInitiator$ConnectionProviderJdbcConnectionAccess@2bf5f4] for (non-JTA) DDL execution was not in auto-commit mode; the Connection 'local transaction' will be committed and the Connection will be set into auto-commit mode.
2025-06-02T01:22:22,576 WARN   --- [main] org.hibernate.engine.jdbc.spi.SqlExceptionHelper(SqlExceptionHelper.java:238) : SQL Warning Code: 0, SQLState: 00000
2025-06-02T01:22:22,577 WARN   --- [main] org.hibernate.engine.jdbc.spi.SqlExceptionHelper(SqlExceptionHelper.java:239) : constraint "uk_jcxtkmuuajnha101ee67je36f" of relation "donate" does not exist, skipping
2025-06-02T01:22:26,457 INFO   --- [main] com.SwapifyBe.dao.category.CategoryDaoImpl(CategoryDaoImpl.java:18) : Initializing CategoryDaoImpl
2025-06-02T01:22:27,973 INFO   --- [main] com.SwapifyBe.dao.configuration.ConfigurationDaoImpl(ConfigurationDaoImpl.java:21) : Initializing ConfigurationDaoImpl
2025-06-02T01:22:27,975 INFO   --- [main] com.SwapifyBe.service.ConfigurationService(ConfigurationService.java:23) : ConfigurationService created
2025-06-02T01:22:27,976 INFO   --- [main] com.SwapifyBe.service.ConfigurationService(ConfigurationService.java:29) : ConfigurationService findAll
2025-06-02T01:22:27,976 INFO   --- [main] com.SwapifyBe.dao.configuration.ConfigurationDaoImpl(ConfigurationDaoImpl.java:26) : Getting all configurations
2025-06-02T01:22:31,077 INFO   --- [main] com.SwapifyBe.dao.auth.AuthDaoImpl(AuthDaoImpl.java:16) : Initializing AuthDaoImpl
2025-06-02T01:22:31,083 INFO   --- [main] com.SwapifyBe.dao.advertisement.AdvertisementDaoImpl(AdvertisementDaoImpl.java:23) : Advertisement dao implementation is initializing
2025-06-02T01:22:31,084 INFO   --- [main] com.SwapifyBe.dao.favorite.FavoritesDaoImpl(FavoritesDaoImpl.java:20) : Favorites dao implementation is initializing
2025-06-02T01:22:31,084 INFO   --- [main] com.SwapifyBe.dao.offer.OfferDaoImpl(OfferDaoImpl.java:20) : Offer dao implementation is initializing
2025-06-02T01:22:31,085 INFO   --- [main] com.SwapifyBe.dao.follower.FollowerDaoImpl(FollowerDaoImpl.java:20) : Followers dao implementation is initializing
2025-06-02T01:22:31,086 INFO   --- [main] com.SwapifyBe.dao.user.UserDaoImpl(UserDaoImpl.java:21) : User dao implementation is initializing
2025-06-02T01:22:31,086 INFO   --- [main] com.SwapifyBe.dao.message.MessageDaoImpl(MessageDaoImpl.java:19) : Message dao implementation is initializing
2025-06-02T01:22:31,092 INFO   --- [main] com.SwapifyBe.dao.user.UserDaoImpl(UserChatDaoImpl.java:20) : UserChatDaoImpl  implementation is initializing
2025-06-02T01:22:31,102 INFO   --- [main] com.SwapifyBe.dao.BaseDao(BaseDao.java:25) : BaseDao initialized
2025-06-02T01:22:31,112 INFO   --- [main] com.SwapifyBe.notification.PushMessage(PushMessage.java:54) : FirebaseApp initializing...
2025-06-02T01:22:31,263 INFO   --- [main] com.SwapifyBe.notification.PushMessage(PushMessage.java:68) : FirebaseApp initialized
2025-06-02T01:22:31,264 INFO   --- [main] com.SwapifyBe.service.NotificationService(NotificationService.java:25) : Initializing NotificationService
2025-06-02T01:22:31,264 INFO   --- [main] com.SwapifyBe.service.SmsService(SmsService.java:33) : SmsService created
2025-06-02T01:22:31,265 INFO   --- [main] com.SwapifyBe.service.CategoryService(CategoryService.java:19) : CategoryService created
2025-06-02T01:22:31,276 INFO   --- [main] com.SwapifyBe.service.UserPermissionsService(UserPermissionsService.java:23) : UserPermissionsService created
2025-06-02T01:22:31,286 INFO   --- [main] com.SwapifyBe.service.UserService(UserService.java:41) : Initializing UserService
2025-06-02T01:22:31,299 INFO   --- [main] com.SwapifyBe.service.AdvertisementService(AdvertisementService.java:64) : Initializing AdvertisementService
2025-06-02T01:22:31,309 INFO   --- [main] com.SwapifyBe.service.AuthService(AuthService.java:54) : Initializing AuthService
2025-06-02T01:22:31,312 INFO   --- [main] com.SwapifyBe.service.FavoriteService(FavoriteService.java:37) : Initializing FavoriteService
2025-06-02T01:22:31,320 INFO   --- [main] com.SwapifyBe.service.OfferService(OfferService.java:56) : Initializing OfferService
2025-06-02T01:22:31,321 INFO   --- [main] com.SwapifyBe.service.MessageResendService(MessageResendService.java:25) : MessageResendService created
2025-06-02T01:22:31,328 INFO   --- [main] com.SwapifyBe.service.AppLogService(AppLogService.java:49) : AppLogService created
2025-06-02T01:22:31,329 INFO   --- [main] com.SwapifyBe.service.VideoService(VideoService.java:19) : Video Service created
2025-06-02T01:22:31,329 INFO   --- [main] com.SwapifyBe.service.TokenService(TokenService.java:28) : Token Service created
2025-06-02T01:22:31,344 INFO   --- [main] com.SwapifyBe.service.MessageService(MessageService.java:48) : MessageService created
2025-06-02T01:22:31,365 INFO   --- [main] com.SwapifyBe.service.FollowerService(FollowerService.java:47) : FollowerService created
2025-06-02T01:22:31,366 INFO   --- [main] com.SwapifyBe.service.OfferService(SearchService.java:28) : Initializing SearchService
2025-06-02T01:22:31,382 INFO   --- [main] com.SwapifyBe.service.SubscriptionService(SubscriptionService.java:42) : SubscriptionService created
2025-06-02T01:22:31,382 INFO   --- [main] com.SwapifyBe.SwapifyBeApplication(SwapifyBeApplication.java:48) : Services started successfully
2025-06-02T01:22:31,630 INFO   --- [main] com.SwapifyBe.SwapifyBeApplication(StartupInfoLogger.java:53) : Starting SwapifyBeApplication using Java 17.0.14 with PID 87173 (/Users/furkanaydin/Projeler/Backend/SwapifyBe/target/classes started by furkanaydin in /Users/furkanaydin/Projeler/Backend/SwapifyBe)
2025-06-02T01:22:31,632 INFO   --- [main] com.SwapifyBe.SwapifyBeApplication(SpringApplication.java:652) : No active profile set, falling back to 1 default profile: "default"
2025-06-02T01:22:32,609 INFO   --- [main] org.apache.coyote.http11.Http11NioProtocol(DirectJDKLog.java:173) : Initializing ProtocolHandler ["http-nio-1453"]
2025-06-02T01:22:32,609 INFO   --- [main] org.apache.catalina.core.StandardService(DirectJDKLog.java:173) : Starting service [Tomcat]
2025-06-02T01:22:32,610 INFO   --- [main] org.apache.catalina.core.StandardEngine(DirectJDKLog.java:173) : Starting Servlet engine: [Apache Tomcat/10.1.36]
2025-06-02T01:22:32,652 INFO   --- [main] org.apache.catalina.core.ContainerBase.[Tomcat].[localhost].[/](DirectJDKLog.java:173) : Initializing Spring embedded WebApplicationContext
2025-06-02T01:22:32,862 INFO   --- [main] com.SwapifyBe.controller.AppLogController(AppLogController.java:28) : AppLogController created
2025-06-02T01:22:32,873 INFO   --- [main] com.SwapifyBe.controller.CategoryController(CategoryController.java:26) : CategoryController created
2025-06-02T01:22:32,874 INFO   --- [main] com.SwapifyBe.controller.ConfigurationController(ConfigurationController.java:22) : ConfigurationController created
2025-06-02T01:22:32,877 INFO   --- [main] com.SwapifyBe.controller.FavoriteController(FavoriteController.java:30) : FavoriteController created
2025-06-02T01:22:32,882 INFO   --- [main] com.SwapifyBe.controller.FollowerController(FollowerController.java:20) : FollowerController created
2025-06-02T01:22:32,882 INFO   --- [main] com.SwapifyBe.service.FollowerService(FollowerService.java:47) : FollowerService created
2025-06-02T01:22:32,887 INFO   --- [main] com.SwapifyBe.controller.MessageController(MessageController.java:25) : Message Controller created
2025-06-02T01:22:32,888 INFO   --- [main] com.SwapifyBe.controller.NotificationController(NotificationController.java:22) : NotificationController created
2025-06-02T01:22:32,892 INFO   --- [main] com.SwapifyBe.controller.OfferController(OfferController.java:27) : OfferController initialized
2025-06-02T01:22:32,893 INFO   --- [main] com.SwapifyBe.controller.PaymentController(PaymentController.java:22) : Payment Controller created
2025-06-02T01:22:32,894 INFO   --- [main] com.SwapifyBe.controller.SearchController(SearchController.java:23) : SearchController created
2025-06-02T01:22:32,894 INFO   --- [main] com.SwapifyBe.controller.SubscriptionController(SubscriptionController.java:41) : SubscriptionController created
2025-06-02T01:22:32,895 INFO   --- [main] com.SwapifyBe.controller.TokenController(TokenController.java:24) : Token Controller created
2025-06-02T01:22:32,900 INFO   --- [main] com.SwapifyBe.controller.UserController(UserController.java:32) : UserController created
2025-06-02T01:22:32,902 INFO   --- [main] com.SwapifyBe.controller.VideoController(VideoController.java:22) : Video Controller created
2025-06-02T01:22:33,654 INFO   --- [main] org.apache.coyote.http11.Http11NioProtocol(DirectJDKLog.java:173) : Starting ProtocolHandler ["http-nio-1453"]
2025-06-02T01:22:33,672 INFO   --- [main] com.SwapifyBe.SwapifyBeApplication(StartupInfoLogger.java:59) : Started SwapifyBeApplication in 2.242 seconds (process running for 17.533)
2025-06-02T01:22:33,675 INFO   --- [main] com.SwapifyBe.SwapifyBeApplication(SwapifyBeApplication.java:71) : Application started event
2025-06-02T01:22:33,677 INFO   --- [main] com.SwapifyBe.SwapifyBeApplication(SwapifyBeApplication.java:61) : Application ready event
2025-06-02T01:22:33,847 INFO   --- [RMI TCP Connection(7)-127.0.0.1] org.apache.catalina.core.ContainerBase.[Tomcat].[localhost].[/](DirectJDKLog.java:173) : Initializing Spring DispatcherServlet 'dispatcherServlet'
2025-06-02T01:26:31,137 INFO   --- [hz.quirky_tu.HealthMonitor] com.hazelcast.internal.diagnostics.HealthMonitor(StandardLoggerFactory.java:56) : [192.168.1.102]:5701 [dev] [5.3.7] processors=8, physical.memory.total=16,0G, physical.memory.free=166,8M, swap.space.total=0, swap.space.free=0, heap.memory.used=88,0M, heap.memory.free=214,0M, heap.memory.total=302,0M, heap.memory.max=4,0G, heap.memory.used/total=29,14%, heap.memory.used/max=2,15%, minor.gc.count=21, minor.gc.time=100ms, major.gc.count=0, major.gc.time=0ms, load.process=0,00%, load.system=70,05%, load.systemAverage=2,64, thread.count=82, thread.peakCount=92, cluster.timeDiff=0, event.q.size=0, executor.q.async.size=0, executor.q.client.size=0, executor.q.client.query.size=0, executor.q.client.blocking.size=0, executor.q.query.size=0, executor.q.scheduled.size=0, executor.q.io.size=0, executor.q.system.size=0, executor.q.operations.size=0, executor.q.priorityOperation.size=0, operations.completed.count=1, executor.q.mapLoad.size=0, executor.q.mapLoadAllKeys.size=0, executor.q.cluster.size=0, executor.q.response.size=0, operations.running.count=0, operations.pending.invocations.percentage=0,00%, operations.pending.invocations.count=0, proxy.count=0, clientEndpoint.count=0, connection.active.count=0, client.connection.count=0, connection.count=0
2025-06-02T01:27:28,747 WARN   --- [hz.quirky_tu.cached.thread-5] com.hazelcast.internal.cluster.impl.MulticastService(StandardLoggerFactory.java:56) : [192.168.1.102]:5701 [dev] [5.3.7] Sending multicast datagram failed. Exception message saying the operation is not permitted usually means the underlying OS is not able to send packets at a given pace. It can be caused by starting several hazelcast members in parallel when the members send their join message nearly at the same time.
java.net.NoRouteToHostException: No route to host
	at java.base/sun.nio.ch.DatagramChannelImpl.send0(Native Method) ~[?:?]
	at java.base/sun.nio.ch.DatagramChannelImpl.sendFromNativeBuffer(DatagramChannelImpl.java:901) ~[?:?]
	at java.base/sun.nio.ch.DatagramChannelImpl.send(DatagramChannelImpl.java:863) ~[?:?]
	at java.base/sun.nio.ch.DatagramChannelImpl.send(DatagramChannelImpl.java:821) ~[?:?]
	at java.base/sun.nio.ch.DatagramChannelImpl.blockingSend(DatagramChannelImpl.java:853) ~[?:?]
	at java.base/sun.nio.ch.DatagramSocketAdaptor.send(DatagramSocketAdaptor.java:218) ~[?:?]
	at java.base/java.net.DatagramSocket.send(DatagramSocket.java:664) ~[?:?]
	at com.hazelcast.internal.cluster.impl.MulticastService.send(MulticastService.java:309) [hazelcast-5.3.7.jar:5.3.7]
	at com.hazelcast.internal.cluster.impl.MulticastJoiner.searchForOtherClusters(MulticastJoiner.java:113) [hazelcast-5.3.7.jar:5.3.7]
	at com.hazelcast.internal.cluster.impl.SplitBrainHandler.searchForOtherClusters(SplitBrainHandler.java:75) [hazelcast-5.3.7.jar:5.3.7]
	at com.hazelcast.internal.cluster.impl.SplitBrainHandler.run(SplitBrainHandler.java:42) [hazelcast-5.3.7.jar:5.3.7]
	at com.hazelcast.spi.impl.executionservice.impl.DelegateAndSkipOnConcurrentExecutionDecorator$DelegateDecorator.run(DelegateAndSkipOnConcurrentExecutionDecorator.java:77) [hazelcast-5.3.7.jar:5.3.7]
	at com.hazelcast.internal.util.executor.CachedExecutorServiceDelegate$Worker.run(CachedExecutorServiceDelegate.java:217) [hazelcast-5.3.7.jar:5.3.7]
	at java.base/java.util.concurrent.ThreadPoolExecutor.runWorker(ThreadPoolExecutor.java:1136) [?:?]
	at java.base/java.util.concurrent.ThreadPoolExecutor$Worker.run(ThreadPoolExecutor.java:635) [?:?]
	at java.base/java.lang.Thread.run(Thread.java:840) [?:?]
	at com.hazelcast.internal.util.executor.HazelcastManagedThread.executeRun(HazelcastManagedThread.java:76) [hazelcast-5.3.7.jar:5.3.7]
	at com.hazelcast.internal.util.executor.HazelcastManagedThread.run(HazelcastManagedThread.java:111) [hazelcast-5.3.7.jar:5.3.7]
2025-06-02T01:29:28,746 WARN   --- [hz.quirky_tu.cached.thread-10] com.hazelcast.internal.cluster.impl.MulticastService(StandardLoggerFactory.java:56) : [192.168.1.102]:5701 [dev] [5.3.7] Sending multicast datagram failed. Exception message saying the operation is not permitted usually means the underlying OS is not able to send packets at a given pace. It can be caused by starting several hazelcast members in parallel when the members send their join message nearly at the same time.
java.net.NoRouteToHostException: No route to host
	at java.base/sun.nio.ch.DatagramChannelImpl.send0(Native Method) ~[?:?]
	at java.base/sun.nio.ch.DatagramChannelImpl.sendFromNativeBuffer(DatagramChannelImpl.java:901) ~[?:?]
	at java.base/sun.nio.ch.DatagramChannelImpl.send(DatagramChannelImpl.java:863) ~[?:?]
	at java.base/sun.nio.ch.DatagramChannelImpl.send(DatagramChannelImpl.java:821) ~[?:?]
	at java.base/sun.nio.ch.DatagramChannelImpl.blockingSend(DatagramChannelImpl.java:853) ~[?:?]
	at java.base/sun.nio.ch.DatagramSocketAdaptor.send(DatagramSocketAdaptor.java:218) ~[?:?]
	at java.base/java.net.DatagramSocket.send(DatagramSocket.java:664) ~[?:?]
	at com.hazelcast.internal.cluster.impl.MulticastService.send(MulticastService.java:309) [hazelcast-5.3.7.jar:5.3.7]
	at com.hazelcast.internal.cluster.impl.MulticastJoiner.searchForOtherClusters(MulticastJoiner.java:113) [hazelcast-5.3.7.jar:5.3.7]
	at com.hazelcast.internal.cluster.impl.SplitBrainHandler.searchForOtherClusters(SplitBrainHandler.java:75) [hazelcast-5.3.7.jar:5.3.7]
	at com.hazelcast.internal.cluster.impl.SplitBrainHandler.run(SplitBrainHandler.java:42) [hazelcast-5.3.7.jar:5.3.7]
	at com.hazelcast.spi.impl.executionservice.impl.DelegateAndSkipOnConcurrentExecutionDecorator$DelegateDecorator.run(DelegateAndSkipOnConcurrentExecutionDecorator.java:77) [hazelcast-5.3.7.jar:5.3.7]
	at com.hazelcast.internal.util.executor.CachedExecutorServiceDelegate$Worker.run(CachedExecutorServiceDelegate.java:217) [hazelcast-5.3.7.jar:5.3.7]
	at java.base/java.util.concurrent.ThreadPoolExecutor.runWorker(ThreadPoolExecutor.java:1136) [?:?]
	at java.base/java.util.concurrent.ThreadPoolExecutor$Worker.run(ThreadPoolExecutor.java:635) [?:?]
	at java.base/java.lang.Thread.run(Thread.java:840) [?:?]
	at com.hazelcast.internal.util.executor.HazelcastManagedThread.executeRun(HazelcastManagedThread.java:76) [hazelcast-5.3.7.jar:5.3.7]
	at com.hazelcast.internal.util.executor.HazelcastManagedThread.run(HazelcastManagedThread.java:111) [hazelcast-5.3.7.jar:5.3.7]
2025-06-02T01:31:28,744 WARN   --- [hz.quirky_tu.cached.thread-5] com.hazelcast.internal.cluster.impl.MulticastService(StandardLoggerFactory.java:56) : [192.168.1.102]:5701 [dev] [5.3.7] Sending multicast datagram failed. Exception message saying the operation is not permitted usually means the underlying OS is not able to send packets at a given pace. It can be caused by starting several hazelcast members in parallel when the members send their join message nearly at the same time.
java.net.NoRouteToHostException: No route to host
	at java.base/sun.nio.ch.DatagramChannelImpl.send0(Native Method) ~[?:?]
	at java.base/sun.nio.ch.DatagramChannelImpl.sendFromNativeBuffer(DatagramChannelImpl.java:901) ~[?:?]
	at java.base/sun.nio.ch.DatagramChannelImpl.send(DatagramChannelImpl.java:863) ~[?:?]
	at java.base/sun.nio.ch.DatagramChannelImpl.send(DatagramChannelImpl.java:821) ~[?:?]
	at java.base/sun.nio.ch.DatagramChannelImpl.blockingSend(DatagramChannelImpl.java:853) ~[?:?]
	at java.base/sun.nio.ch.DatagramSocketAdaptor.send(DatagramSocketAdaptor.java:218) ~[?:?]
	at java.base/java.net.DatagramSocket.send(DatagramSocket.java:664) ~[?:?]
	at com.hazelcast.internal.cluster.impl.MulticastService.send(MulticastService.java:309) [hazelcast-5.3.7.jar:5.3.7]
	at com.hazelcast.internal.cluster.impl.MulticastJoiner.searchForOtherClusters(MulticastJoiner.java:113) [hazelcast-5.3.7.jar:5.3.7]
	at com.hazelcast.internal.cluster.impl.SplitBrainHandler.searchForOtherClusters(SplitBrainHandler.java:75) [hazelcast-5.3.7.jar:5.3.7]
	at com.hazelcast.internal.cluster.impl.SplitBrainHandler.run(SplitBrainHandler.java:42) [hazelcast-5.3.7.jar:5.3.7]
	at com.hazelcast.spi.impl.executionservice.impl.DelegateAndSkipOnConcurrentExecutionDecorator$DelegateDecorator.run(DelegateAndSkipOnConcurrentExecutionDecorator.java:77) [hazelcast-5.3.7.jar:5.3.7]
	at com.hazelcast.internal.util.executor.CachedExecutorServiceDelegate$Worker.run(CachedExecutorServiceDelegate.java:217) [hazelcast-5.3.7.jar:5.3.7]
	at java.base/java.util.concurrent.ThreadPoolExecutor.runWorker(ThreadPoolExecutor.java:1136) [?:?]
	at java.base/java.util.concurrent.ThreadPoolExecutor$Worker.run(ThreadPoolExecutor.java:635) [?:?]
	at java.base/java.lang.Thread.run(Thread.java:840) [?:?]
	at com.hazelcast.internal.util.executor.HazelcastManagedThread.executeRun(HazelcastManagedThread.java:76) [hazelcast-5.3.7.jar:5.3.7]
	at com.hazelcast.internal.util.executor.HazelcastManagedThread.run(HazelcastManagedThread.java:111) [hazelcast-5.3.7.jar:5.3.7]
2025-06-02T01:33:28,746 WARN   --- [hz.quirky_tu.cached.thread-5] com.hazelcast.internal.cluster.impl.MulticastService(StandardLoggerFactory.java:56) : [192.168.1.102]:5701 [dev] [5.3.7] Sending multicast datagram failed. Exception message saying the operation is not permitted usually means the underlying OS is not able to send packets at a given pace. It can be caused by starting several hazelcast members in parallel when the members send their join message nearly at the same time.
java.net.NoRouteToHostException: No route to host
	at java.base/sun.nio.ch.DatagramChannelImpl.send0(Native Method) ~[?:?]
	at java.base/sun.nio.ch.DatagramChannelImpl.sendFromNativeBuffer(DatagramChannelImpl.java:901) ~[?:?]
	at java.base/sun.nio.ch.DatagramChannelImpl.send(DatagramChannelImpl.java:863) ~[?:?]
	at java.base/sun.nio.ch.DatagramChannelImpl.send(DatagramChannelImpl.java:821) ~[?:?]
	at java.base/sun.nio.ch.DatagramChannelImpl.blockingSend(DatagramChannelImpl.java:853) ~[?:?]
	at java.base/sun.nio.ch.DatagramSocketAdaptor.send(DatagramSocketAdaptor.java:218) ~[?:?]
	at java.base/java.net.DatagramSocket.send(DatagramSocket.java:664) ~[?:?]
	at com.hazelcast.internal.cluster.impl.MulticastService.send(MulticastService.java:309) [hazelcast-5.3.7.jar:5.3.7]
	at com.hazelcast.internal.cluster.impl.MulticastJoiner.searchForOtherClusters(MulticastJoiner.java:113) [hazelcast-5.3.7.jar:5.3.7]
	at com.hazelcast.internal.cluster.impl.SplitBrainHandler.searchForOtherClusters(SplitBrainHandler.java:75) [hazelcast-5.3.7.jar:5.3.7]
	at com.hazelcast.internal.cluster.impl.SplitBrainHandler.run(SplitBrainHandler.java:42) [hazelcast-5.3.7.jar:5.3.7]
	at com.hazelcast.spi.impl.executionservice.impl.DelegateAndSkipOnConcurrentExecutionDecorator$DelegateDecorator.run(DelegateAndSkipOnConcurrentExecutionDecorator.java:77) [hazelcast-5.3.7.jar:5.3.7]
	at com.hazelcast.internal.util.executor.CachedExecutorServiceDelegate$Worker.run(CachedExecutorServiceDelegate.java:217) [hazelcast-5.3.7.jar:5.3.7]
	at java.base/java.util.concurrent.ThreadPoolExecutor.runWorker(ThreadPoolExecutor.java:1136) [?:?]
	at java.base/java.util.concurrent.ThreadPoolExecutor$Worker.run(ThreadPoolExecutor.java:635) [?:?]
	at java.base/java.lang.Thread.run(Thread.java:840) [?:?]
	at com.hazelcast.internal.util.executor.HazelcastManagedThread.executeRun(HazelcastManagedThread.java:76) [hazelcast-5.3.7.jar:5.3.7]
	at com.hazelcast.internal.util.executor.HazelcastManagedThread.run(HazelcastManagedThread.java:111) [hazelcast-5.3.7.jar:5.3.7]
